Mplus VERSION 8.3
MUTHEN & MUTHEN
06/30/2026   7:34 PM

INPUT INSTRUCTIONS

  TITLE:
  CFA - 3 factors
  DATA:
  FILE = "data.dat";
  VARIABLE:
  NAMES ARE i1 i2 i3 i4 i5 i6 i7 i8 i9 i10 i11 i12 i13 i14 i15 gender;
  USEVARIABLES ARE i1 i2 i3 i4 i5 i6 i7 i8 i9 i10 i11 i12 i13 i14 i15;
  ANALYSIS:
  ESTIMATOR IS MLR;
  MODEL:
  F1 BY i1* i2 i3 i4 i5;
  F2 BY i6* i7 i8 i9 i10;
  F3 BY i11* i12 i13 i14 i15;
  F1-F3@1;
  OUTPUT:
  SAMPSTAT STANDARDIZED RESIDUAL CINTERVAL MODINDICES (3.0) TECH2 TECH4;



INPUT READING TERMINATED NORMALLY




CFA - 3 factors

SUMMARY OF ANALYSIS

Number of groups                                                 1
Number of observations                                         600

Number of dependent variables                                   15
Number of independent variables                                  0
Number of continuous latent variables                            3

Observed dependent variables

  Continuous
   I1          I2          I3          I4          I5          I6
   I7          I8          I9          I10         I11         I12
   I13         I14         I15

Continuous latent variables
   F1          F2          F3


Estimator                                                      MLR
Information matrix                                        OBSERVED
Maximum number of iterations                                  1000
Convergence criterion                                    0.500D-04
Maximum number of steepest descent iterations                   20

Input data file(s)
  data.dat

Input data format  FREE


SAMPLE STATISTICS


     SAMPLE STATISTICS


           Means
              I1            I2            I3            I4            I5
              ________      ________      ________      ________      ________
                0.041         0.053        -0.002         0.048         0.065


           Means
              I6            I7            I8            I9            I10
              ________      ________      ________      ________      ________
                0.046         0.032         0.015         0.091         0.013


           Means
              I11           I12           I13           I14           I15
              ________      ________      ________      ________      ________
               -0.007         0.055         0.029        -0.012         0.041


           Covariances
              I1            I2            I3            I4            I5
              ________      ________      ________      ________      ________
 I1             0.983
 I2             0.494         1.016
 I3             0.519         0.512         0.993
 I4             0.551         0.564         0.587         1.108
 I5             0.456         0.505         0.491         0.518         0.926
 I6             0.193         0.179         0.202         0.175         0.191
 I7             0.175         0.187         0.223         0.173         0.179
 I8             0.176         0.157         0.228         0.181         0.154
 I9             0.198         0.166         0.230         0.169         0.139
 I10            0.200         0.142         0.193         0.169         0.167
 I11            0.200         0.174         0.221         0.199         0.128
 I12            0.165         0.138         0.207         0.182         0.201
 I13            0.210         0.230         0.222         0.193         0.191
 I14            0.213         0.180         0.215         0.187         0.196
 I15            0.162         0.184         0.226         0.174         0.150


           Covariances
              I6            I7            I8            I9            I10
              ________      ________      ________      ________      ________
 I6             0.923
 I7             0.536         1.045
 I8             0.513         0.514         1.030
 I9             0.477         0.496         0.536         1.021
 I10            0.456         0.545         0.511         0.469         1.021
 I11            0.140         0.174         0.143         0.195         0.185
 I12            0.087         0.198         0.139         0.158         0.164
 I13            0.140         0.213         0.176         0.171         0.215
 I14            0.224         0.259         0.191         0.214         0.252
 I15            0.154         0.163         0.158         0.156         0.197


           Covariances
              I11           I12           I13           I14           I15
              ________      ________      ________      ________      ________
 I11            0.910
 I12            0.419         0.984
 I13            0.493         0.508         1.038
 I14            0.486         0.445         0.515         0.970
 I15            0.431         0.485         0.523         0.471         0.930


           Correlations
              I1            I2            I3            I4            I5
              ________      ________      ________      ________      ________
 I1             1.000
 I2             0.495         1.000
 I3             0.525         0.510         1.000
 I4             0.528         0.532         0.560         1.000
 I5             0.478         0.521         0.512         0.511         1.000
 I6             0.202         0.185         0.211         0.173         0.207
 I7             0.172         0.181         0.219         0.161         0.182
 I8             0.175         0.154         0.226         0.169         0.158
 I9             0.198         0.163         0.229         0.159         0.143
 I10            0.200         0.139         0.192         0.159         0.172
 I11            0.211         0.181         0.232         0.198         0.139
 I12            0.167         0.138         0.209         0.174         0.211
 I13            0.208         0.224         0.218         0.180         0.194
 I14            0.218         0.181         0.219         0.181         0.207
 I15            0.170         0.189         0.235         0.171         0.162


           Correlations
              I6            I7            I8            I9            I10
              ________      ________      ________      ________      ________
 I6             1.000
 I7             0.546         1.000
 I8             0.526         0.495         1.000
 I9             0.492         0.480         0.523         1.000
 I10            0.470         0.527         0.499         0.459         1.000
 I11            0.153         0.178         0.148         0.202         0.191
 I12            0.092         0.195         0.138         0.158         0.163
 I13            0.143         0.205         0.170         0.166         0.209
 I14            0.237         0.257         0.191         0.215         0.253
 I15            0.167         0.166         0.162         0.160         0.202


           Correlations
              I11           I12           I13           I14           I15
              ________      ________      ________      ________      ________
 I11            1.000
 I12            0.443         1.000
 I13            0.507         0.503         1.000
 I14            0.517         0.456         0.513         1.000
 I15            0.468         0.507         0.532         0.496         1.000


UNIVARIATE SAMPLE STATISTICS


     UNIVARIATE HIGHER-ORDER MOMENT DESCRIPTIVE STATISTICS

         Variable/         Mean/     Skewness/   Minimum/ % with                Percentiles
        Sample Size      Variance    Kurtosis    Maximum  Min/Max      20%/60%    40%/80%    Median

     I1                    0.041      -0.135      -3.783    0.17%      -0.799     -0.197      0.051
             600.000       0.983       0.070       2.688    0.17%       0.333      0.851
     I2                    0.053      -0.085      -3.115    0.17%      -0.734     -0.173      0.034
             600.000       1.016       0.116       3.862    0.17%       0.270      0.913
     I3                   -0.002      -0.086      -3.431    0.17%      -0.840     -0.211      0.013
             600.000       0.993       0.197       3.001    0.17%       0.220      0.851
     I4                    0.048      -0.062      -2.976    0.17%      -0.819     -0.220      0.032
             600.000       1.108      -0.138       3.173    0.17%       0.278      0.932
     I5                    0.065      -0.073      -2.718    0.17%      -0.744     -0.154      0.080
             600.000       0.926      -0.016       2.978    0.17%       0.292      0.890
     I6                    0.046      -0.033      -3.107    0.17%      -0.769     -0.199      0.045
             600.000       0.923      -0.172       2.895    0.17%       0.312      0.836
     I7                    0.032       0.039      -3.145    0.17%      -0.834     -0.253      0.028
             600.000       1.045       0.100       3.136    0.17%       0.245      0.927
     I8                    0.015       0.081      -2.721    0.17%      -0.831     -0.230      0.042
             600.000       1.030      -0.014       3.760    0.17%       0.290      0.794
     I9                    0.091       0.137      -2.895    0.17%      -0.781     -0.199      0.072
             600.000       1.021      -0.074       3.315    0.17%       0.302      0.931
     I10                   0.013       0.070      -2.956    0.17%      -0.857     -0.283     -0.019
             600.000       1.021      -0.109       3.206    0.17%       0.256      0.823
     I11                  -0.007       0.116      -2.434    0.17%      -0.858     -0.298     -0.027
             600.000       0.910      -0.322       2.813    0.17%       0.247      0.810
     I12                   0.055      -0.115      -3.312    0.17%      -0.771     -0.139      0.088
             600.000       0.984      -0.055       2.783    0.17%       0.291      0.845
     I13                   0.029       0.035      -2.882    0.17%      -0.913     -0.220      0.080
             600.000       1.038      -0.256       2.811    0.17%       0.328      0.875
     I14                  -0.012      -0.104      -2.979    0.17%      -0.839     -0.201      0.014
             600.000       0.970      -0.207       2.787    0.17%       0.217      0.790
     I15                   0.041      -0.097      -3.663    0.17%      -0.760     -0.199      0.050
             600.000       0.930       0.084       2.934    0.17%       0.307      0.842


THE MODEL ESTIMATION TERMINATED NORMALLY



MODEL FIT INFORMATION

Number of Free Parameters                       48

Loglikelihood

          H0 Value                      -11116.776
          H0 Scaling Correction Factor      0.9840
            for MLR
          H1 Value                      -11073.122
          H1 Scaling Correction Factor      0.9902
            for MLR

Information Criteria

          Akaike (AIC)                   22329.553
          Bayesian (BIC)                 22540.606
          Sample-Size Adjusted BIC       22388.219
            (n* = (n + 2) / 24)

Chi-Square Test of Model Fit

          Value                             87.866*
          Degrees of Freedom                    87
          P-Value                           0.4539
          Scaling Correction Factor         0.9937
            for MLR

*   The chi-square value for MLM, MLMV, MLR, ULSMV, WLSM and WLSMV cannot be used
    for chi-square difference testing in the regular way.  MLM, MLR and WLSM
    chi-square difference testing is described on the Mplus website.  MLMV, WLSMV,
    and ULSMV difference testing is done using the DIFFTEST option.

RMSEA (Root Mean Square Error Of Approximation)

          Estimate                           0.004
          90 Percent C.I.                    0.000  0.023
          Probability RMSEA <= .05           1.000

CFI/TLI

          CFI                                1.000
          TLI                                1.000

Chi-Square Test of Model Fit for the Baseline Model

          Value                           3349.830
          Degrees of Freedom                   105
          P-Value                           0.0000

SRMR (Standardized Root Mean Square Residual)

          Value                              0.023



MODEL RESULTS

                                                    Two-Tailed
                    Estimate       S.E.  Est./S.E.    P-Value

 F1       BY
    I1                 0.697      0.037     19.028      0.000
    I2                 0.715      0.040     17.833      0.000
    I3                 0.742      0.038     19.494      0.000
    I4                 0.783      0.039     20.149      0.000
    I5                 0.670      0.037     18.357      0.000

 F2       BY
    I6                 0.693      0.033     20.789      0.000
    I7                 0.745      0.039     18.887      0.000
    I8                 0.730      0.038     19.262      0.000
    I9                 0.692      0.038     18.450      0.000
    I10                0.695      0.038     18.293      0.000

 F3       BY
    I11                0.654      0.034     19.487      0.000
    I12                0.663      0.040     16.673      0.000
    I13                0.752      0.038     19.615      0.000
    I14                0.701      0.037     18.741      0.000
    I15                0.686      0.037     18.794      0.000

 F2       WITH
    F1                 0.356      0.043      8.234      0.000

 F3       WITH
    F1                 0.382      0.044      8.594      0.000
    F2                 0.362      0.045      8.098      0.000

 Intercepts
    I1                 0.041      0.040      1.012      0.311
    I2                 0.053      0.041      1.277      0.201
    I3                -0.002      0.041     -0.055      0.956
    I4                 0.048      0.043      1.126      0.260
    I5                 0.065      0.039      1.650      0.099
    I6                 0.046      0.039      1.162      0.245
    I7                 0.032      0.042      0.762      0.446
    I8                 0.015      0.041      0.354      0.724
    I9                 0.091      0.041      2.208      0.027
    I10                0.013      0.041      0.323      0.747
    I11               -0.007      0.039     -0.171      0.865
    I12                0.055      0.041      1.368      0.171
    I13                0.029      0.042      0.708      0.479
    I14               -0.012      0.040     -0.301      0.764
    I15                0.041      0.039      1.036      0.300

 Variances
    F1                 1.000      0.000    999.000    999.000
    F2                 1.000      0.000    999.000    999.000
    F3                 1.000      0.000    999.000    999.000

 Residual Variances
    I1                 0.498      0.035     14.118      0.000
    I2                 0.505      0.035     14.284      0.000
    I3                 0.443      0.033     13.361      0.000
    I4                 0.496      0.034     14.700      0.000
    I5                 0.477      0.035     13.745      0.000
    I6                 0.443      0.031     14.143      0.000
    I7                 0.489      0.036     13.509      0.000
    I8                 0.497      0.038     12.980      0.000
    I9                 0.542      0.038     14.243      0.000
    I10                0.537      0.032     16.567      0.000
    I11                0.483      0.033     14.740      0.000
    I12                0.544      0.033     16.526      0.000
    I13                0.471      0.037     12.587      0.000
    I14                0.479      0.035     13.584      0.000
    I15                0.459      0.032     14.321      0.000


STANDARDIZED MODEL RESULTS


STDYX Standardization

                                                    Two-Tailed
                    Estimate       S.E.  Est./S.E.    P-Value

 F1       BY
    I1                 0.703      0.024     29.302      0.000
    I2                 0.709      0.026     27.813      0.000
    I3                 0.744      0.023     32.618      0.000
    I4                 0.743      0.022     33.474      0.000
    I5                 0.696      0.026     26.977      0.000

 F2       BY
    I6                 0.721      0.022     32.246      0.000
    I7                 0.729      0.024     30.055      0.000
    I8                 0.719      0.025     28.891      0.000
    I9                 0.685      0.026     26.801      0.000
    I10                0.688      0.024     28.510      0.000

 F3       BY
    I11                0.685      0.025     27.768      0.000
    I12                0.669      0.027     24.904      0.000
    I13                0.739      0.025     29.199      0.000
    I14                0.712      0.026     27.429      0.000
    I15                0.712      0.024     29.655      0.000

 F2       WITH
    F1                 0.356      0.043      8.234      0.000

 F3       WITH
    F1                 0.382      0.044      8.594      0.000
    F2                 0.362      0.045      8.098      0.000

 Intercepts
    I1                 0.041      0.041      1.009      0.313
    I2                 0.052      0.041      1.274      0.203
    I3                -0.002      0.041     -0.055      0.956
    I4                 0.046      0.041      1.124      0.261
    I5                 0.067      0.041      1.644      0.100
    I6                 0.047      0.041      1.160      0.246
    I7                 0.031      0.041      0.763      0.446
    I8                 0.014      0.041      0.354      0.723
    I9                 0.090      0.041      2.218      0.027
    I10                0.013      0.041      0.323      0.747
    I11               -0.007      0.041     -0.171      0.865
    I12                0.056      0.041      1.363      0.173
    I13                0.029      0.041      0.708      0.479
    I14               -0.012      0.041     -0.301      0.763
    I15                0.042      0.041      1.034      0.301

 Variances
    F1                 1.000      0.000    999.000    999.000
    F2                 1.000      0.000    999.000    999.000
    F3                 1.000      0.000    999.000    999.000

 Residual Variances
    I1                 0.506      0.034     15.022      0.000
    I2                 0.497      0.036     13.727      0.000
    I3                 0.446      0.034     13.137      0.000
    I4                 0.447      0.033     13.541      0.000
    I5                 0.515      0.036     14.326      0.000
    I6                 0.480      0.032     14.894      0.000
    I7                 0.468      0.035     13.233      0.000
    I8                 0.483      0.036     13.494      0.000
    I9                 0.531      0.035     15.176      0.000
    I10                0.526      0.033     15.842      0.000
    I11                0.531      0.034     15.692      0.000
    I12                0.553      0.036     15.398      0.000
    I13                0.454      0.037     12.157      0.000
    I14                0.494      0.037     13.368      0.000
    I15                0.493      0.034     14.442      0.000


STDY Standardization

                                                    Two-Tailed
                    Estimate       S.E.  Est./S.E.    P-Value

 F1       BY
    I1                 0.703      0.024     29.302      0.000
    I2                 0.709      0.026     27.813      0.000
    I3                 0.744      0.023     32.618      0.000
    I4                 0.743      0.022     33.474      0.000
    I5                 0.696      0.026     26.977      0.000

 F2       BY
    I6                 0.721      0.022     32.246      0.000
    I7                 0.729      0.024     30.055      0.000
    I8                 0.719      0.025     28.891      0.000
    I9                 0.685      0.026     26.801      0.000
    I10                0.688      0.024     28.510      0.000

 F3       BY
    I11                0.685      0.025     27.768      0.000
    I12                0.669      0.027     24.904      0.000
    I13                0.739      0.025     29.199      0.000
    I14                0.712      0.026     27.429      0.000
    I15                0.712      0.024     29.655      0.000

 F2       WITH
    F1                 0.356      0.043      8.234      0.000

 F3       WITH
    F1                 0.382      0.044      8.594      0.000
    F2                 0.362      0.045      8.098      0.000

 Intercepts
    I1                 0.041      0.041      1.009      0.313
    I2                 0.052      0.041      1.274      0.203
    I3                -0.002      0.041     -0.055      0.956
    I4                 0.046      0.041      1.124      0.261
    I5                 0.067      0.041      1.644      0.100
    I6                 0.047      0.041      1.160      0.246
    I7                 0.031      0.041      0.763      0.446
    I8                 0.014      0.041      0.354      0.723
    I9                 0.090      0.041      2.218      0.027
    I10                0.013      0.041      0.323      0.747
    I11               -0.007      0.041     -0.171      0.865
    I12                0.056      0.041      1.363      0.173
    I13                0.029      0.041      0.708      0.479
    I14               -0.012      0.041     -0.301      0.763
    I15                0.042      0.041      1.034      0.301

 Variances
    F1                 1.000      0.000    999.000    999.000
    F2                 1.000      0.000    999.000    999.000
    F3                 1.000      0.000    999.000    999.000

 Residual Variances
    I1                 0.506      0.034     15.022      0.000
    I2                 0.497      0.036     13.727      0.000
    I3                 0.446      0.034     13.137      0.000
    I4                 0.447      0.033     13.541      0.000
    I5                 0.515      0.036     14.326      0.000
    I6                 0.480      0.032     14.894      0.000
    I7                 0.468      0.035     13.233      0.000
    I8                 0.483      0.036     13.494      0.000
    I9                 0.531      0.035     15.176      0.000
    I10                0.526      0.033     15.842      0.000
    I11                0.531      0.034     15.692      0.000
    I12                0.553      0.036     15.398      0.000
    I13                0.454      0.037     12.157      0.000
    I14                0.494      0.037     13.368      0.000
    I15                0.493      0.034     14.442      0.000


STD Standardization

                                                    Two-Tailed
                    Estimate       S.E.  Est./S.E.    P-Value

 F1       BY
    I1                 0.697      0.037     19.028      0.000
    I2                 0.715      0.040     17.833      0.000
    I3                 0.742      0.038     19.494      0.000
    I4                 0.783      0.039     20.149      0.000
    I5                 0.670      0.037     18.357      0.000

 F2       BY
    I6                 0.693      0.033     20.789      0.000
    I7                 0.745      0.039     18.887      0.000
    I8                 0.730      0.038     19.262      0.000
    I9                 0.692      0.038     18.450      0.000
    I10                0.695      0.038     18.293      0.000

 F3       BY
    I11                0.654      0.034     19.487      0.000
    I12                0.663      0.040     16.673      0.000
    I13                0.752      0.038     19.615      0.000
    I14                0.701      0.037     18.741      0.000
    I15                0.686      0.037     18.794      0.000

 F2       WITH
    F1                 0.356      0.043      8.234      0.000

 F3       WITH
    F1                 0.382      0.044      8.594      0.000
    F2                 0.362      0.045      8.098      0.000

 Intercepts
    I1                 0.041      0.040      1.012      0.311
    I2                 0.053      0.041      1.277      0.201
    I3                -0.002      0.041     -0.055      0.956
    I4                 0.048      0.043      1.126      0.260
    I5                 0.065      0.039      1.650      0.099
    I6                 0.046      0.039      1.162      0.245
    I7                 0.032      0.042      0.762      0.446
    I8                 0.015      0.041      0.354      0.724
    I9                 0.091      0.041      2.208      0.027
    I10                0.013      0.041      0.323      0.747
    I11               -0.007      0.039     -0.171      0.865
    I12                0.055      0.041      1.368      0.171
    I13                0.029      0.042      0.708      0.479
    I14               -0.012      0.040     -0.301      0.764
    I15                0.041      0.039      1.036      0.300

 Variances
    F1                 1.000      0.000    999.000    999.000
    F2                 1.000      0.000    999.000    999.000
    F3                 1.000      0.000    999.000    999.000

 Residual Variances
    I1                 0.498      0.035     14.118      0.000
    I2                 0.505      0.035     14.284      0.000
    I3                 0.443      0.033     13.361      0.000
    I4                 0.496      0.034     14.700      0.000
    I5                 0.477      0.035     13.745      0.000
    I6                 0.443      0.031     14.143      0.000
    I7                 0.489      0.036     13.509      0.000
    I8                 0.497      0.038     12.980      0.000
    I9                 0.542      0.038     14.243      0.000
    I10                0.537      0.032     16.567      0.000
    I11                0.483      0.033     14.740      0.000
    I12                0.544      0.033     16.526      0.000
    I13                0.471      0.037     12.587      0.000
    I14                0.479      0.035     13.584      0.000
    I15                0.459      0.032     14.321      0.000


R-SQUARE

    Observed                                        Two-Tailed
    Variable        Estimate       S.E.  Est./S.E.    P-Value

    I1                 0.494      0.034     14.651      0.000
    I2                 0.503      0.036     13.906      0.000
    I3                 0.554      0.034     16.309      0.000
    I4                 0.553      0.033     16.737      0.000
    I5                 0.485      0.036     13.488      0.000
    I6                 0.520      0.032     16.123      0.000
    I7                 0.532      0.035     15.028      0.000
    I8                 0.517      0.036     14.445      0.000
    I9                 0.469      0.035     13.400      0.000
    I10                0.474      0.033     14.255      0.000
    I11                0.469      0.034     13.884      0.000
    I12                0.447      0.036     12.452      0.000
    I13                0.546      0.037     14.599      0.000
    I14                0.506      0.037     13.715      0.000
    I15                0.507      0.034     14.827      0.000


QUALITY OF NUMERICAL RESULTS

     Condition Number for the Information Matrix              0.896E-01
       (ratio of smallest to largest eigenvalue)


CONFIDENCE INTERVALS OF MODEL RESULTS

                  Lower .5%  Lower 2.5%    Lower 5%    Estimate    Upper 5%  Upper 2.5%   Upper .5%

 F1       BY
    I1               0.602       0.625       0.637       0.697       0.757       0.769       0.791
    I2               0.612       0.636       0.649       0.715       0.781       0.794       0.818
    I3               0.644       0.667       0.679       0.742       0.804       0.816       0.840
    I4               0.683       0.707       0.719       0.783       0.847       0.859       0.883
    I5               0.576       0.599       0.610       0.670       0.730       0.742       0.764

 F2       BY
    I6               0.607       0.627       0.638       0.693       0.747       0.758       0.778
    I7               0.644       0.668       0.680       0.745       0.810       0.823       0.847
    I8               0.632       0.655       0.667       0.730       0.792       0.804       0.827
    I9               0.595       0.619       0.630       0.692       0.754       0.766       0.789
    I10              0.597       0.621       0.633       0.695       0.758       0.770       0.793

 F3       BY
    I11              0.567       0.588       0.599       0.654       0.709       0.720       0.740
    I12              0.561       0.585       0.598       0.663       0.729       0.741       0.766
    I13              0.654       0.677       0.689       0.752       0.816       0.828       0.851
    I14              0.605       0.628       0.639       0.701       0.763       0.774       0.797
    I15              0.592       0.615       0.626       0.686       0.746       0.758       0.780

 F2       WITH
    F1               0.244       0.271       0.285       0.356       0.427       0.440       0.467

 F3       WITH
    F1               0.267       0.295       0.309       0.382       0.455       0.469       0.496
    F2               0.247       0.275       0.289       0.362       0.436       0.450       0.478

 Intercepts
    I1              -0.063      -0.038      -0.026       0.041       0.108       0.120       0.145
    I2              -0.053      -0.028      -0.015       0.053       0.120       0.133       0.159
    I3              -0.107      -0.082      -0.069      -0.002       0.065       0.078       0.103
    I4              -0.062      -0.036      -0.022       0.048       0.119       0.133       0.159
    I5              -0.036      -0.012       0.000       0.065       0.129       0.142       0.166
    I6              -0.055      -0.031      -0.019       0.046       0.110       0.122       0.147
    I7              -0.076      -0.050      -0.037       0.032       0.100       0.114       0.139
    I8              -0.092      -0.067      -0.054       0.015       0.083       0.096       0.121
    I9              -0.015       0.010       0.023       0.091       0.159       0.172       0.197
    I10             -0.093      -0.068      -0.055       0.013       0.081       0.094       0.120
    I11             -0.107      -0.083      -0.071      -0.007       0.057       0.070       0.094
    I12             -0.049      -0.024      -0.011       0.055       0.122       0.135       0.160
    I13             -0.078      -0.052      -0.039       0.029       0.098       0.111       0.137
    I14             -0.116      -0.091      -0.078      -0.012       0.054       0.067       0.091
    I15             -0.061      -0.036      -0.024       0.041       0.106       0.118       0.142

 Variances
    F1               1.000       1.000       1.000       1.000       1.000       1.000       1.000
    F2               1.000       1.000       1.000       1.000       1.000       1.000       1.000
    F3               1.000       1.000       1.000       1.000       1.000       1.000       1.000

 Residual Variances
    I1               0.407       0.429       0.440       0.498       0.556       0.567       0.589
    I2               0.414       0.435       0.447       0.505       0.563       0.574       0.596
    I3               0.358       0.378       0.388       0.443       0.498       0.508       0.528
    I4               0.409       0.429       0.440       0.496       0.551       0.562       0.582
    I5               0.388       0.409       0.420       0.477       0.534       0.545       0.567
    I6               0.362       0.382       0.392       0.443       0.495       0.504       0.524
    I7               0.396       0.418       0.430       0.489       0.549       0.560       0.582
    I8               0.399       0.422       0.434       0.497       0.560       0.573       0.596
    I9               0.444       0.468       0.480       0.542       0.605       0.617       0.641
    I10              0.454       0.474       0.484       0.537       0.591       0.601       0.621
    I11              0.399       0.419       0.429       0.483       0.537       0.547       0.567
    I12              0.459       0.480       0.490       0.544       0.598       0.609       0.629
    I13              0.375       0.398       0.410       0.471       0.533       0.545       0.568
    I14              0.388       0.410       0.421       0.479       0.537       0.548       0.570
    I15              0.376       0.396       0.406       0.459       0.511       0.522       0.541


CONFIDENCE INTERVALS OF STANDARDIZED MODEL RESULTS


STDYX Standardization

                  Lower .5%  Lower 2.5%    Lower 5%    Estimate    Upper 5%  Upper 2.5%   Upper .5%

 F1       BY
    I1               0.641       0.656       0.663       0.703       0.742       0.750       0.764
    I2               0.644       0.659       0.667       0.709       0.751       0.759       0.775
    I3               0.685       0.699       0.707       0.744       0.782       0.789       0.803
    I4               0.686       0.700       0.707       0.743       0.780       0.787       0.801
    I5               0.630       0.646       0.654       0.696       0.739       0.747       0.763

 F2       BY
    I6               0.663       0.677       0.684       0.721       0.758       0.765       0.779
    I7               0.667       0.682       0.689       0.729       0.769       0.777       0.792
    I8               0.655       0.670       0.678       0.719       0.760       0.768       0.783
    I9               0.619       0.635       0.643       0.685       0.727       0.735       0.751
    I10              0.626       0.641       0.648       0.688       0.728       0.736       0.750

 F3       BY
    I11              0.622       0.637       0.645       0.685       0.726       0.734       0.749
    I12              0.599       0.616       0.624       0.669       0.713       0.721       0.738
    I13              0.674       0.689       0.697       0.739       0.780       0.788       0.804
    I14              0.645       0.661       0.669       0.712       0.754       0.762       0.778
    I15              0.650       0.665       0.672       0.712       0.751       0.759       0.774

 F2       WITH
    F1               0.244       0.271       0.285       0.356       0.427       0.440       0.467

 F3       WITH
    F1               0.267       0.295       0.309       0.382       0.455       0.469       0.496
    F2               0.247       0.275       0.289       0.362       0.436       0.450       0.478

 Intercepts
    I1              -0.064      -0.039      -0.026       0.041       0.109       0.122       0.147
    I2              -0.053      -0.028      -0.015       0.052       0.120       0.132       0.158
    I3              -0.107      -0.082      -0.069      -0.002       0.065       0.078       0.103
    I4              -0.059      -0.034      -0.021       0.046       0.113       0.126       0.151
    I5              -0.038      -0.013       0.000       0.067       0.135       0.148       0.173
    I6              -0.058      -0.033      -0.020       0.047       0.115       0.128       0.153
    I7              -0.074      -0.049      -0.036       0.031       0.098       0.111       0.136
    I8              -0.091      -0.066      -0.053       0.014       0.082       0.094       0.120
    I9              -0.015       0.010       0.023       0.090       0.157       0.170       0.195
    I10             -0.092      -0.067      -0.054       0.013       0.080       0.093       0.118
    I11             -0.112      -0.087      -0.074      -0.007       0.060       0.073       0.098
    I12             -0.050      -0.024      -0.012       0.056       0.123       0.136       0.161
    I13             -0.076      -0.051      -0.038       0.029       0.096       0.109       0.134
    I14             -0.117      -0.092      -0.079      -0.012       0.055       0.068       0.093
    I15             -0.063      -0.038      -0.025       0.042       0.110       0.123       0.148

 Variances
    F1               1.000       1.000       1.000       1.000       1.000       1.000       1.000
    F2               1.000       1.000       1.000       1.000       1.000       1.000       1.000
    F3               1.000       1.000       1.000       1.000       1.000       1.000       1.000

 Residual Variances
    I1               0.419       0.440       0.451       0.506       0.562       0.572       0.593
    I2               0.404       0.426       0.437       0.497       0.556       0.568       0.590
    I3               0.359       0.380       0.390       0.446       0.502       0.513       0.534
    I4               0.362       0.382       0.393       0.447       0.502       0.512       0.532
    I5               0.422       0.445       0.456       0.515       0.574       0.586       0.608
    I6               0.397       0.417       0.427       0.480       0.533       0.543       0.563
    I7               0.377       0.399       0.410       0.468       0.526       0.538       0.559
    I8               0.391       0.413       0.424       0.483       0.542       0.553       0.575
    I9               0.441       0.462       0.473       0.531       0.589       0.600       0.621
    I10              0.441       0.461       0.472       0.526       0.581       0.591       0.612
    I11              0.443       0.464       0.475       0.531       0.586       0.597       0.618
    I12              0.460       0.483       0.494       0.553       0.612       0.623       0.645
    I13              0.358       0.381       0.393       0.454       0.516       0.528       0.551
    I14              0.398       0.421       0.433       0.494       0.554       0.566       0.589
    I15              0.405       0.426       0.437       0.493       0.550       0.560       0.581


STDY Standardization

                  Lower .5%  Lower 2.5%    Lower 5%    Estimate    Upper 5%  Upper 2.5%   Upper .5%

 F1       BY
    I1               0.641       0.656       0.663       0.703       0.742       0.750       0.764
    I2               0.644       0.659       0.667       0.709       0.751       0.759       0.775
    I3               0.685       0.699       0.707       0.744       0.782       0.789       0.803
    I4               0.686       0.700       0.707       0.743       0.780       0.787       0.801
    I5               0.630       0.646       0.654       0.696       0.739       0.747       0.763

 F2       BY
    I6               0.663       0.677       0.684       0.721       0.758       0.765       0.779
    I7               0.667       0.682       0.689       0.729       0.769       0.777       0.792
    I8               0.655       0.670       0.678       0.719       0.760       0.768       0.783
    I9               0.619       0.635       0.643       0.685       0.727       0.735       0.751
    I10              0.626       0.641       0.648       0.688       0.728       0.736       0.750

 F3       BY
    I11              0.622       0.637       0.645       0.685       0.726       0.734       0.749
    I12              0.599       0.616       0.624       0.669       0.713       0.721       0.738
    I13              0.674       0.689       0.697       0.739       0.780       0.788       0.804
    I14              0.645       0.661       0.669       0.712       0.754       0.762       0.778
    I15              0.650       0.665       0.672       0.712       0.751       0.759       0.774

 F2       WITH
    F1               0.244       0.271       0.285       0.356       0.427       0.440       0.467

 F3       WITH
    F1               0.267       0.295       0.309       0.382       0.455       0.469       0.496
    F2               0.247       0.275       0.289       0.362       0.436       0.450       0.478

 Intercepts
    I1              -0.064      -0.039      -0.026       0.041       0.109       0.122       0.147
    I2              -0.053      -0.028      -0.015       0.052       0.120       0.132       0.158
    I3              -0.107      -0.082      -0.069      -0.002       0.065       0.078       0.103
    I4              -0.059      -0.034      -0.021       0.046       0.113       0.126       0.151
    I5              -0.038      -0.013       0.000       0.067       0.135       0.148       0.173
    I6              -0.058      -0.033      -0.020       0.047       0.115       0.128       0.153
    I7              -0.074      -0.049      -0.036       0.031       0.098       0.111       0.136
    I8              -0.091      -0.066      -0.053       0.014       0.082       0.094       0.120
    I9              -0.015       0.010       0.023       0.090       0.157       0.170       0.195
    I10             -0.092      -0.067      -0.054       0.013       0.080       0.093       0.118
    I11             -0.112      -0.087      -0.074      -0.007       0.060       0.073       0.098
    I12             -0.050      -0.024      -0.012       0.056       0.123       0.136       0.161
    I13             -0.076      -0.051      -0.038       0.029       0.096       0.109       0.134
    I14             -0.117      -0.092      -0.079      -0.012       0.055       0.068       0.093
    I15             -0.063      -0.038      -0.025       0.042       0.110       0.123       0.148

 Variances
    F1               1.000       1.000       1.000       1.000       1.000       1.000       1.000
    F2               1.000       1.000       1.000       1.000       1.000       1.000       1.000
    F3               1.000       1.000       1.000       1.000       1.000       1.000       1.000

 Residual Variances
    I1               0.419       0.440       0.451       0.506       0.562       0.572       0.593
    I2               0.404       0.426       0.437       0.497       0.556       0.568       0.590
    I3               0.359       0.380       0.390       0.446       0.502       0.513       0.534
    I4               0.362       0.382       0.393       0.447       0.502       0.512       0.532
    I5               0.422       0.445       0.456       0.515       0.574       0.586       0.608
    I6               0.397       0.417       0.427       0.480       0.533       0.543       0.563
    I7               0.377       0.399       0.410       0.468       0.526       0.538       0.559
    I8               0.391       0.413       0.424       0.483       0.542       0.553       0.575
    I9               0.441       0.462       0.473       0.531       0.589       0.600       0.621
    I10              0.441       0.461       0.472       0.526       0.581       0.591       0.612
    I11              0.443       0.464       0.475       0.531       0.586       0.597       0.618
    I12              0.460       0.483       0.494       0.553       0.612       0.623       0.645
    I13              0.358       0.381       0.393       0.454       0.516       0.528       0.551
    I14              0.398       0.421       0.433       0.494       0.554       0.566       0.589
    I15              0.405       0.426       0.437       0.493       0.550       0.560       0.581


STD Standardization

                  Lower .5%  Lower 2.5%    Lower 5%    Estimate    Upper 5%  Upper 2.5%   Upper .5%

 F1       BY
    I1               0.602       0.625       0.637       0.697       0.757       0.769       0.791
    I2               0.612       0.636       0.649       0.715       0.781       0.794       0.818
    I3               0.644       0.667       0.679       0.742       0.804       0.816       0.840
    I4               0.683       0.707       0.719       0.783       0.847       0.859       0.883
    I5               0.576       0.599       0.610       0.670       0.730       0.742       0.764

 F2       BY
    I6               0.607       0.627       0.638       0.693       0.747       0.758       0.778
    I7               0.644       0.668       0.680       0.745       0.810       0.823       0.847
    I8               0.632       0.655       0.667       0.730       0.792       0.804       0.827
    I9               0.595       0.619       0.630       0.692       0.754       0.766       0.789
    I10              0.597       0.621       0.633       0.695       0.758       0.770       0.793

 F3       BY
    I11              0.567       0.588       0.599       0.654       0.709       0.720       0.740
    I12              0.561       0.585       0.598       0.663       0.729       0.741       0.766
    I13              0.654       0.677       0.689       0.752       0.816       0.828       0.851
    I14              0.605       0.628       0.639       0.701       0.763       0.774       0.797
    I15              0.592       0.615       0.626       0.686       0.746       0.758       0.780

 F2       WITH
    F1               0.244       0.271       0.285       0.356       0.427       0.440       0.467

 F3       WITH
    F1               0.267       0.295       0.309       0.382       0.455       0.469       0.496
    F2               0.247       0.275       0.289       0.362       0.436       0.450       0.478

 Intercepts
    I1              -0.063      -0.038      -0.026       0.041       0.108       0.120       0.145
    I2              -0.053      -0.028      -0.015       0.053       0.120       0.133       0.159
    I3              -0.107      -0.082      -0.069      -0.002       0.065       0.078       0.103
    I4              -0.062      -0.036      -0.022       0.048       0.119       0.133       0.159
    I5              -0.036      -0.012       0.000       0.065       0.129       0.142       0.166
    I6              -0.055      -0.031      -0.019       0.046       0.110       0.122       0.147
    I7              -0.076      -0.050      -0.037       0.032       0.100       0.114       0.139
    I8              -0.092      -0.067      -0.054       0.015       0.083       0.096       0.121
    I9              -0.015       0.010       0.023       0.091       0.159       0.172       0.197
    I10             -0.093      -0.068      -0.055       0.013       0.081       0.094       0.120
    I11             -0.107      -0.083      -0.071      -0.007       0.057       0.070       0.094
    I12             -0.049      -0.024      -0.011       0.055       0.122       0.135       0.160
    I13             -0.078      -0.052      -0.039       0.029       0.098       0.111       0.137
    I14             -0.116      -0.091      -0.078      -0.012       0.054       0.067       0.091
    I15             -0.061      -0.036      -0.024       0.041       0.106       0.118       0.142

 Variances
    F1               1.000       1.000       1.000       1.000       1.000       1.000       1.000
    F2               1.000       1.000       1.000       1.000       1.000       1.000       1.000
    F3               1.000       1.000       1.000       1.000       1.000       1.000       1.000

 Residual Variances
    I1               0.407       0.429       0.440       0.498       0.556       0.567       0.589
    I2               0.414       0.435       0.447       0.505       0.563       0.574       0.596
    I3               0.358       0.378       0.388       0.443       0.498       0.508       0.528
    I4               0.409       0.429       0.440       0.496       0.551       0.562       0.582
    I5               0.388       0.409       0.420       0.477       0.534       0.545       0.567
    I6               0.362       0.382       0.392       0.443       0.495       0.504       0.524
    I7               0.396       0.418       0.430       0.489       0.549       0.560       0.582
    I8               0.399       0.422       0.434       0.497       0.560       0.573       0.596
    I9               0.444       0.468       0.480       0.542       0.605       0.617       0.641
    I10              0.454       0.474       0.484       0.537       0.591       0.601       0.621
    I11              0.399       0.419       0.429       0.483       0.537       0.547       0.567
    I12              0.459       0.480       0.490       0.544       0.598       0.609       0.629
    I13              0.375       0.398       0.410       0.471       0.533       0.545       0.568
    I14              0.388       0.410       0.421       0.479       0.537       0.548       0.570
    I15              0.376       0.396       0.406       0.459       0.511       0.522       0.541


RESIDUAL OUTPUT


     ESTIMATED MODEL AND RESIDUALS (OBSERVED - ESTIMATED)


           Model Estimated Means
              I1            I2            I3            I4            I5
              ________      ________      ________      ________      ________
                0.041         0.053        -0.002         0.048         0.065


           Model Estimated Means
              I6            I7            I8            I9            I10
              ________      ________      ________      ________      ________
                0.046         0.032         0.015         0.091         0.013


           Model Estimated Means
              I11           I12           I13           I14           I15
              ________      ________      ________      ________      ________
               -0.007         0.055         0.029        -0.012         0.041


           Residuals for Means
              I1            I2            I3            I4            I5
              ________      ________      ________      ________      ________
                0.000         0.000         0.000         0.000         0.000


           Residuals for Means
              I6            I7            I8            I9            I10
              ________      ________      ________      ________      ________
                0.000         0.000         0.000         0.000         0.000


           Residuals for Means
              I11           I12           I13           I14           I15
              ________      ________      ________      ________      ________
                0.000         0.000         0.000         0.000         0.000


           Standardized Residuals (z-scores) for Means
              I1            I2            I3            I4            I5
              ________      ________      ________      ________      ________
                0.000         0.000         0.000         0.000         0.000


           Standardized Residuals (z-scores) for Means
              I6            I7            I8            I9            I10
              ________      ________      ________      ________      ________
                0.000         0.000         0.000         0.000         0.000


           Standardized Residuals (z-scores) for Means
              I11           I12           I13           I14           I15
              ________      ________      ________      ________      ________
                0.000         0.000         0.000         0.000         0.000


           Normalized Residuals for Means
              I1            I2            I3            I4            I5
              ________      ________      ________      ________      ________
                0.000         0.000         0.000         0.000         0.000


           Normalized Residuals for Means
              I6            I7            I8            I9            I10
              ________      ________      ________      ________      ________
                0.000         0.000         0.000         0.000         0.000


           Normalized Residuals for Means
              I11           I12           I13           I14           I15
              ________      ________      ________      ________      ________
                0.000         0.000         0.000         0.000         0.000


           Model Estimated Covariances
              I1            I2            I3            I4            I5
              ________      ________      ________      ________      ________
 I1             0.983
 I2             0.498         1.016
 I3             0.517         0.530         0.993
 I4             0.545         0.560         0.580         1.108
 I5             0.467         0.479         0.497         0.525         0.926
 I6             0.172         0.176         0.183         0.193         0.165
 I7             0.185         0.190         0.197         0.208         0.178
 I8             0.181         0.186         0.193         0.203         0.174
 I9             0.172         0.176         0.183         0.193         0.165
 I10            0.172         0.177         0.183         0.194         0.166
 I11            0.174         0.178         0.185         0.195         0.167
 I12            0.176         0.181         0.188         0.198         0.170
 I13            0.200         0.205         0.213         0.225         0.192
 I14            0.186         0.191         0.198         0.209         0.179
 I15            0.182         0.187         0.194         0.205         0.176


           Model Estimated Covariances
              I6            I7            I8            I9            I10
              ________      ________      ________      ________      ________
 I6             0.923
 I7             0.516         1.045
 I8             0.505         0.544         1.030
 I9             0.479         0.516         0.505         1.021
 I10            0.482         0.518         0.507         0.481         1.021
 I11            0.164         0.177         0.173         0.164         0.165
 I12            0.167         0.179         0.175         0.166         0.167
 I13            0.189         0.203         0.199         0.189         0.190
 I14            0.176         0.189         0.185         0.176         0.177
 I15            0.172         0.185         0.182         0.172         0.173


           Model Estimated Covariances
              I11           I12           I13           I14           I15
              ________      ________      ________      ________      ________
 I11            0.910
 I12            0.434         0.984
 I13            0.492         0.499         1.038
 I14            0.458         0.465         0.527         0.970
 I15            0.449         0.455         0.516         0.481         0.930


           Model Estimated Correlations
              I1            I2            I3            I4            I5
              ________      ________      ________      ________      ________
 I1             1.000
 I2             0.498         1.000
 I3             0.523         0.528         1.000
 I4             0.522         0.527         0.553         1.000
 I5             0.489         0.494         0.518         0.518         1.000
 I6             0.180         0.182         0.191         0.191         0.179
 I7             0.182         0.184         0.193         0.193         0.181
 I8             0.180         0.181         0.190         0.190         0.178
 I9             0.171         0.173         0.181         0.181         0.170
 I10            0.172         0.174         0.182         0.182         0.171
 I11            0.184         0.185         0.195         0.194         0.182
 I12            0.179         0.181         0.190         0.190         0.178
 I13            0.198         0.200         0.210         0.210         0.196
 I14            0.191         0.193         0.202         0.202         0.189
 I15            0.191         0.193         0.202         0.202         0.189


           Model Estimated Correlations
              I6            I7            I8            I9            I10
              ________      ________      ________      ________      ________
 I6             1.000
 I7             0.526         1.000
 I8             0.518         0.524         1.000
 I9             0.494         0.499         0.492         1.000
 I10            0.496         0.502         0.495         0.471         1.000
 I11            0.179         0.181         0.179         0.170         0.171
 I12            0.175         0.177         0.174         0.166         0.167
 I13            0.193         0.195         0.193         0.183         0.184
 I14            0.186         0.188         0.185         0.177         0.178
 I15            0.186         0.188         0.186         0.177         0.178


           Model Estimated Correlations
              I11           I12           I13           I14           I15
              ________      ________      ________      ________      ________
 I11            1.000
 I12            0.458         1.000
 I13            0.506         0.494         1.000
 I14            0.488         0.476         0.526         1.000
 I15            0.488         0.476         0.526         0.506         1.000


           Residuals for Covariances
              I1            I2            I3            I4            I5
              ________      ________      ________      ________      ________
 I1             0.000
 I2            -0.004         0.000
 I3             0.002        -0.018         0.000
 I4             0.006         0.004         0.007         0.000
 I5            -0.011         0.026        -0.006        -0.006         0.000
 I6             0.021         0.003         0.019        -0.018         0.026
 I7            -0.010        -0.003         0.027        -0.035         0.001
 I8            -0.004        -0.028         0.036        -0.022        -0.020
 I9             0.026        -0.010         0.048        -0.024        -0.026
 I10            0.028        -0.035         0.009        -0.025         0.001
 I11            0.026        -0.005         0.036         0.004        -0.039
 I12           -0.012        -0.043         0.019        -0.016         0.031
 I13            0.010         0.025         0.009        -0.032        -0.002
 I14            0.027        -0.011         0.017        -0.022         0.017
 I15           -0.020        -0.004         0.032        -0.031        -0.026


           Residuals for Covariances
              I6            I7            I8            I9            I10
              ________      ________      ________      ________      ________
 I6             0.000
 I7             0.020         0.000
 I8             0.007        -0.030         0.000
 I9            -0.002        -0.020         0.031         0.000
 I10           -0.026         0.026         0.004        -0.012         0.000
 I11           -0.024        -0.003        -0.030         0.031         0.020
 I12           -0.079         0.018        -0.036        -0.008        -0.004
 I13           -0.049         0.010        -0.023        -0.018         0.026
 I14            0.048         0.069         0.005         0.038         0.076
 I15           -0.018        -0.022        -0.023        -0.016         0.024


           Residuals for Covariances
              I11           I12           I13           I14           I15
              ________      ________      ________      ________      ________
 I11            0.000
 I12           -0.014         0.000
 I13            0.001         0.009         0.000
 I14            0.028        -0.020        -0.012         0.000
 I15           -0.018         0.030         0.006        -0.010         0.000


           Residuals for Correlations
              I1            I2            I3            I4            I5
              ________      ________      ________      ________      ________
 I1             0.000
 I2            -0.004         0.000
 I3             0.002        -0.018         0.000
 I4             0.006         0.004         0.007         0.000
 I5            -0.011         0.027        -0.006        -0.006         0.000
 I6             0.022         0.003         0.020        -0.018         0.028
 I7            -0.010        -0.003         0.026        -0.032         0.001
 I8            -0.004        -0.028         0.035        -0.021        -0.020
 I9             0.026        -0.010         0.047        -0.022        -0.027
 I10            0.027        -0.035         0.009        -0.023         0.001
 I11            0.028        -0.005         0.037         0.004        -0.043
 I12           -0.012        -0.043         0.019        -0.015         0.033
 I13            0.010         0.024         0.009        -0.030        -0.002
 I14            0.027        -0.011         0.017        -0.021         0.018
 I15           -0.021        -0.004         0.033        -0.030        -0.028


           Residuals for Correlations
              I6            I7            I8            I9            I10
              ________      ________      ________      ________      ________
 I6             0.000
 I7             0.020         0.000
 I8             0.008        -0.029         0.000
 I9            -0.002        -0.019         0.030         0.000
 I10           -0.027         0.025         0.004        -0.012         0.000
 I11           -0.026        -0.003        -0.030         0.032         0.021
 I12           -0.083         0.018        -0.036        -0.008        -0.004
 I13           -0.050         0.010        -0.022        -0.017         0.025
 I14            0.051         0.069         0.005         0.038         0.076
 I15           -0.019        -0.022        -0.024        -0.016         0.024


           Residuals for Correlations
              I11           I12           I13           I14           I15
              ________      ________      ________      ________      ________
 I11            0.000
 I12           -0.015         0.000
 I13            0.001         0.009         0.000
 I14            0.030        -0.020        -0.012         0.000
 I15           -0.019         0.031         0.007        -0.010         0.000


           Standardized Residuals (z-scores) for Covariances
              I1            I2            I3            I4            I5
              ________      ________      ________      ________      ________
 I1           999.000
 I2            -0.251       999.000
 I3             0.129        -1.271       999.000
 I4             0.497         0.326         0.488       999.000
 I5            -0.690         1.994        -0.423        -0.504       999.000
 I6             0.725         0.113         0.692        -0.591         1.048
 I7            -0.311        -0.089         0.861        -1.026         0.041
 I8            -0.138        -0.869         1.271        -0.858        -0.717
 I9             0.821        -0.296         1.569        -0.752        -0.828
 I10            0.814        -1.116         0.295        -0.805         0.036
 I11            0.799        -0.160         1.345         0.135        -1.410
 I12           -0.337        -1.274         0.634        -0.492         0.990
 I13            0.321         0.745         0.257        -0.990        -0.061
 I14            0.836        -0.440         0.707        -0.811         0.621
 I15           -0.816        -0.127         1.023        -0.926        -0.889


           Standardized Residuals (z-scores) for Covariances
              I6            I7            I8            I9            I10
              ________      ________      ________      ________      ________
 I6             0.000
 I7             1.506       999.000
 I8             0.587        -1.785       999.000
 I9            -0.153        -1.252         1.894       999.000
 I10           -1.689         2.097         0.315        -0.683       999.000
 I11           -0.795        -0.101        -0.937         1.000         0.654
 I12           -2.516         0.556        -1.110        -0.232        -0.107
 I13           -1.726         0.330        -0.753        -0.526         0.822
 I14            1.786         2.566         0.190         1.459         2.450
 I15           -0.669        -0.685        -0.810        -0.536         0.778


           Standardized Residuals (z-scores) for Covariances
              I11           I12           I13           I14           I15
              ________      ________      ________      ________      ________
 I11          999.000
 I12           -0.880       999.000
 I13            0.083         0.908       999.000
 I14            2.055        -1.206        -0.947       999.000
 I15           -1.154         2.546         0.490        -0.719       999.000


           Normalized Residuals for Covariances
              I1            I2            I3            I4            I5
              ________      ________      ________      ________      ________
 I1            -0.001
 I2            -0.083        -0.001
 I3             0.040        -0.387         0.000
 I4             0.132         0.088         0.138        -0.001
 I5            -0.245         0.568        -0.129        -0.141        -0.001
 I6             0.549         0.085         0.505        -0.443         0.758
 I7            -0.237        -0.065         0.635        -0.777         0.031
 I8            -0.105        -0.660         0.890        -0.565        -0.529
 I9             0.641        -0.236         1.182        -0.566        -0.658
 I10            0.645        -0.856         0.225        -0.598         0.029
 I11            0.627        -0.119         0.944         0.099        -1.063
 I12           -0.264        -0.978         0.457        -0.363         0.760
 I13            0.233         0.538         0.186        -0.696        -0.044
 I14            0.624        -0.294         0.439        -0.541         0.441
 I15           -0.546        -0.088         0.740        -0.689        -0.653


           Normalized Residuals for Covariances
              I6            I7            I8            I9            I10
              ________      ________      ________      ________      ________
 I6             0.000
 I7             0.457        -0.001
 I8             0.178        -0.657        -0.001
 I9            -0.048        -0.442         0.660        -0.001
 I10           -0.638         0.563         0.084        -0.274        -0.001
 I11           -0.618        -0.075        -0.729         0.778         0.507
 I12           -1.971         0.426        -0.864        -0.186        -0.085
 I13           -1.224         0.228        -0.537        -0.397         0.599
 I14            1.261         1.727         0.132         1.002         1.815
 I15           -0.491        -0.521        -0.597        -0.408         0.593


           Normalized Residuals for Covariances
              I11           I12           I13           I14           I15
              ________      ________      ________      ________      ________
 I11           -0.001
 I12           -0.361        -0.001
 I13            0.028         0.192        -0.001
 I14            0.692        -0.448        -0.280        -0.001
 I15           -0.464         0.678         0.142        -0.237        -0.001


MODEL MODIFICATION INDICES

NOTE:  Modification indices for direct effects of observed dependent variables
regressed on covariates may not be included.  To include these, request
MODINDICES (ALL).

Minimum M.I. value for printing the modification index     3.000

                                   M.I.     E.P.C.  Std E.P.C.  StdYX E.P.C.

BY Statements

F2       BY I14                    6.699     0.099      0.099        0.101

WITH Statements

I8       WITH I7                   4.657    -0.063     -0.063       -0.127
I9       WITH I8                   3.979     0.057      0.057        0.110
I10      WITH I6                   3.142    -0.048     -0.048       -0.098
I10      WITH I7                   3.043     0.050      0.050        0.098
I11      WITH I5                   5.725    -0.055     -0.055       -0.114
I12      WITH I2                   3.546    -0.047     -0.047       -0.089
I12      WITH I5                   4.607     0.052      0.052        0.101
I12      WITH I6                   6.714    -0.061     -0.061       -0.125
I13      WITH I2                   3.254     0.043      0.043        0.089
I14      WITH I6                   3.511     0.042      0.042        0.092
I14      WITH I11                  3.748     0.051      0.051        0.107
I15      WITH I12                  3.822     0.053      0.053        0.106


TECHNICAL 2 OUTPUT


     DERIVATIVES


           Derivatives With Respect to NU
              I1            I2            I3            I4            I5
              ________      ________      ________      ________      ________
                0.000         0.000         0.000         0.000         0.000


           Derivatives With Respect to NU
              I6            I7            I8            I9            I10
              ________      ________      ________      ________      ________
                0.000         0.000         0.000         0.000         0.000


           Derivatives With Respect to NU
              I11           I12           I13           I14           I15
              ________      ________      ________      ________      ________
                0.000         0.000         0.000         0.000         0.000


           Derivatives With Respect to LAMBDA
              F1            F2            F3
              ________      ________      ________
 I1             0.000        -0.027        -0.017
 I2             0.000         0.032         0.015
 I3             0.000        -0.073        -0.061
 I4             0.000         0.059         0.050
 I5             0.000         0.007         0.011
 I6            -0.022         0.000         0.058
 I7             0.006         0.000        -0.034
 I8             0.018         0.000         0.049
 I9            -0.009         0.000        -0.011
 I10            0.006         0.000        -0.063
 I11           -0.012         0.006         0.000
 I12            0.010         0.048         0.000
 I13           -0.002         0.028         0.000
 I14           -0.017        -0.112         0.000
 I15            0.023         0.031         0.000


           Derivatives With Respect to THETA
              I1            I2            I3            I4            I5
              ________      ________      ________      ________      ________
 I1             0.000
 I2             0.015         0.000
 I3            -0.008         0.082         0.000
 I4            -0.025        -0.018        -0.033         0.000
 I5             0.044        -0.109         0.027         0.027         0.000
 I6            -0.023        -0.033         0.053         0.025        -0.102
 I7             0.073        -0.046        -0.021         0.044        -0.024
 I8             0.032         0.041        -0.084        -0.024         0.050
 I9            -0.052         0.009        -0.090         0.026         0.104
 I10           -0.077         0.080         0.046         0.008        -0.021
 I11           -0.069         0.016        -0.063        -0.064         0.174
 I12            0.050         0.125        -0.021        -0.017        -0.148
 I13           -0.015        -0.124         0.060         0.061        -0.006
 I14           -0.064         0.050         0.040         0.047        -0.066
 I15            0.081        -0.039        -0.102         0.026         0.069


           Derivatives With Respect to THETA
              I6            I7            I8            I9            I10
              ________      ________      ________      ________      ________
 I6             0.000
 I7            -0.091         0.000
 I8            -0.034         0.123         0.000
 I9             0.008         0.075        -0.115         0.000
 I10            0.108        -0.100        -0.014         0.041         0.000
 I11            0.023         0.049         0.048        -0.109         0.001
 I12            0.182        -0.102         0.004        -0.021         0.026
 I13            0.098        -0.033        -0.021         0.050        -0.039
 I14           -0.137        -0.076         0.070         0.013        -0.058
 I15           -0.047         0.101        -0.017         0.041        -0.042


           Derivatives With Respect to THETA
              I11           I12           I13           I14           I15
              ________      ________      ________      ________      ________
 I11            0.000
 I12            0.054         0.000
 I13           -0.005        -0.034         0.000
 I14           -0.121         0.076         0.054         0.000
 I15            0.080        -0.120        -0.030         0.044         0.000


           Derivatives With Respect to ALPHA
              F1            F2            F3
              ________      ________      ________
                0.000         0.000         0.000


           Derivatives With Respect to BETA
              F1            F2            F3
              ________      ________      ________
 F1             0.000         0.000         0.000
 F2             0.000         0.000         0.000
 F3             0.000         0.000         0.000


           Derivatives With Respect to PSI
              F1            F2            F3
              ________      ________      ________
 F1             0.000
 F2             0.000         0.000
 F3             0.000         0.000         0.000


TECHNICAL 4 OUTPUT


     ESTIMATES DERIVED FROM THE MODEL


           ESTIMATED MEANS FOR THE LATENT VARIABLES
              F1            F2            F3
              ________      ________      ________
                0.000         0.000         0.000


           S.E. FOR ESTIMATED MEANS FOR THE LATENT VARIABLES
              F1            F2            F3
              ________      ________      ________
                0.000         0.000         0.000


           EST./S.E. FOR ESTIMATED MEANS FOR THE LATENT VARIABLES
              F1            F2            F3
              ________      ________      ________
                0.000         0.000         0.000


           TWO-TAILED P-VALUE FOR ESTIMATED MEANS FOR THE LATENT VARIABLES
              F1            F2            F3
              ________      ________      ________
                1.000         1.000         1.000


           ESTIMATED COVARIANCE MATRIX FOR THE LATENT VARIABLES
              F1            F2            F3
              ________      ________      ________
 F1             1.000
 F2             0.356         1.000
 F3             0.382         0.362         1.000


           S.E. FOR ESTIMATED COVARIANCE MATRIX FOR THE LATENT VARIABLES
              F1            F2            F3
              ________      ________      ________
 F1             0.000
 F2             0.043         0.000
 F3             0.044         0.045         0.000


           EST./S.E. FOR ESTIMATED COVARIANCE MATRIX FOR THE LATENT VARIABLES
              F1            F2            F3
              ________      ________      ________
 F1       ***********
 F2             8.234   ***********
 F3             8.594         8.098   ***********


           TWO-TAILED P-VALUE FOR ESTIMATED COVARIANCE MATRIX FOR THE LATENT VARIABLES
              F1            F2            F3
              ________      ________      ________
 F1             0.000
 F2             0.000         0.000
 F3             0.000         0.000         0.000


           ESTIMATED CORRELATION MATRIX FOR THE LATENT VARIABLES
              F1            F2            F3
              ________      ________      ________
 F1             1.000
 F2             0.356         1.000
 F3             0.382         0.362         1.000


           S.E. FOR ESTIMATED CORRELATION MATRIX FOR THE LATENT VARIABLES
              F1            F2            F3
              ________      ________      ________
 F1             0.000
 F2             0.043         0.000
 F3             0.044         0.045         0.000


           EST./S.E. FOR ESTIMATED CORRELATION MATRIX FOR THE LATENT VARIABLES
              F1            F2            F3
              ________      ________      ________
 F1           999.000
 F2             8.234       999.000
 F3             8.594         8.098       999.000


           TWO-TAILED P-VALUE FOR ESTIMATED CORRELATION MATRIX FOR THE LATENT VARIABLES
              F1            F2            F3
              ________      ________      ________
 F1             0.000
 F2             0.000         0.000
 F3             0.000         0.000         0.000


     Beginning Time:  19:34:49
        Ending Time:  19:34:49
       Elapsed Time:  00:00:00



MUTHEN & MUTHEN
3463 Stoner Ave.
Los Angeles, CA  90066

Tel: (310) 391-9971
Fax: (310) 391-8971
Web: www.StatModel.com
Support: Support@StatModel.com

Copyright (c) 1998-2019 Muthen & Muthen
