Mplus VERSION 8.3
MUTHEN & MUTHEN
06/30/2026   7:34 PM

INPUT INSTRUCTIONS

  TITLE:
  ESEM (Geomin oblique) - 3 factors
  DATA:
  FILE = "data.dat";
  VARIABLE:
  NAMES ARE i1 i2 i3 i4 i5 i6 i7 i8 i9 i10 i11 i12 i13 i14 i15 gender;
  USEVARIABLES ARE i1 i2 i3 i4 i5 i6 i7 i8 i9 i10 i11 i12 i13 i14 i15;
  ANALYSIS:
  ESTIMATOR IS MLR;
  ROTATION=GEOMIN(OBLIQUE, .5);
  MODEL:
  F1-F3 BY i1 i2 i3 i4 i5 i6 i7 i8 i9 i10 i11 i12 i13 i14 i15 (*1);
  OUTPUT:
  SAMPSTAT STANDARDIZED RESIDUAL SVALUES CINTERVAL MODINDICES (3.0) TECH2 TECH4;



INPUT READING TERMINATED NORMALLY




ESEM (Geomin oblique) - 3 factors

SUMMARY OF ANALYSIS

Number of groups                                                 1
Number of observations                                         600

Number of dependent variables                                   15
Number of independent variables                                  0
Number of continuous latent variables                            3

Observed dependent variables

  Continuous
   I1          I2          I3          I4          I5          I6
   I7          I8          I9          I10         I11         I12
   I13         I14         I15

Continuous latent variables

  EFA factors
  *1:   F1          F2          F3


Estimator                                                      MLR
Rotation                                                    GEOMIN
Row standardization                                    CORRELATION
Type of rotation                                           OBLIQUE
Epsilon value                                            0.500D+00
Information matrix                                        OBSERVED
Maximum number of iterations                                  1000
Convergence criterion                                    0.500D-04
Maximum number of steepest descent iterations                   20
Optimization Specifications for the Exploratory Factor Analysis
Rotation Algorithm
  Number of random starts                                       30
  Maximum number of iterations                               10000
  Derivative convergence criterion                       0.100D-04

Input data file(s)
  data.dat

Input data format  FREE


SAMPLE STATISTICS


     SAMPLE STATISTICS


           Means
              I1            I2            I3            I4            I5
              ________      ________      ________      ________      ________
                0.041         0.053        -0.002         0.048         0.065


           Means
              I6            I7            I8            I9            I10
              ________      ________      ________      ________      ________
                0.046         0.032         0.015         0.091         0.013


           Means
              I11           I12           I13           I14           I15
              ________      ________      ________      ________      ________
               -0.007         0.055         0.029        -0.012         0.041


           Covariances
              I1            I2            I3            I4            I5
              ________      ________      ________      ________      ________
 I1             0.983
 I2             0.494         1.016
 I3             0.519         0.512         0.993
 I4             0.551         0.564         0.587         1.108
 I5             0.456         0.505         0.491         0.518         0.926
 I6             0.193         0.179         0.202         0.175         0.191
 I7             0.175         0.187         0.223         0.173         0.179
 I8             0.176         0.157         0.228         0.181         0.154
 I9             0.198         0.166         0.230         0.169         0.139
 I10            0.200         0.142         0.193         0.169         0.167
 I11            0.200         0.174         0.221         0.199         0.128
 I12            0.165         0.138         0.207         0.182         0.201
 I13            0.210         0.230         0.222         0.193         0.191
 I14            0.213         0.180         0.215         0.187         0.196
 I15            0.162         0.184         0.226         0.174         0.150


           Covariances
              I6            I7            I8            I9            I10
              ________      ________      ________      ________      ________
 I6             0.923
 I7             0.536         1.045
 I8             0.513         0.514         1.030
 I9             0.477         0.496         0.536         1.021
 I10            0.456         0.545         0.511         0.469         1.021
 I11            0.140         0.174         0.143         0.195         0.185
 I12            0.087         0.198         0.139         0.158         0.164
 I13            0.140         0.213         0.176         0.171         0.215
 I14            0.224         0.259         0.191         0.214         0.252
 I15            0.154         0.163         0.158         0.156         0.197


           Covariances
              I11           I12           I13           I14           I15
              ________      ________      ________      ________      ________
 I11            0.910
 I12            0.419         0.984
 I13            0.493         0.508         1.038
 I14            0.486         0.445         0.515         0.970
 I15            0.431         0.485         0.523         0.471         0.930


           Correlations
              I1            I2            I3            I4            I5
              ________      ________      ________      ________      ________
 I1             1.000
 I2             0.495         1.000
 I3             0.525         0.510         1.000
 I4             0.528         0.532         0.560         1.000
 I5             0.478         0.521         0.512         0.511         1.000
 I6             0.202         0.185         0.211         0.173         0.207
 I7             0.172         0.181         0.219         0.161         0.182
 I8             0.175         0.154         0.226         0.169         0.158
 I9             0.198         0.163         0.229         0.159         0.143
 I10            0.200         0.139         0.192         0.159         0.172
 I11            0.211         0.181         0.232         0.198         0.139
 I12            0.167         0.138         0.209         0.174         0.211
 I13            0.208         0.224         0.218         0.180         0.194
 I14            0.218         0.181         0.219         0.181         0.207
 I15            0.170         0.189         0.235         0.171         0.162


           Correlations
              I6            I7            I8            I9            I10
              ________      ________      ________      ________      ________
 I6             1.000
 I7             0.546         1.000
 I8             0.526         0.495         1.000
 I9             0.492         0.480         0.523         1.000
 I10            0.470         0.527         0.499         0.459         1.000
 I11            0.153         0.178         0.148         0.202         0.191
 I12            0.092         0.195         0.138         0.158         0.163
 I13            0.143         0.205         0.170         0.166         0.209
 I14            0.237         0.257         0.191         0.215         0.253
 I15            0.167         0.166         0.162         0.160         0.202


           Correlations
              I11           I12           I13           I14           I15
              ________      ________      ________      ________      ________
 I11            1.000
 I12            0.443         1.000
 I13            0.507         0.503         1.000
 I14            0.517         0.456         0.513         1.000
 I15            0.468         0.507         0.532         0.496         1.000


UNIVARIATE SAMPLE STATISTICS


     UNIVARIATE HIGHER-ORDER MOMENT DESCRIPTIVE STATISTICS

         Variable/         Mean/     Skewness/   Minimum/ % with                Percentiles
        Sample Size      Variance    Kurtosis    Maximum  Min/Max      20%/60%    40%/80%    Median

     I1                    0.041      -0.135      -3.783    0.17%      -0.799     -0.197      0.051
             600.000       0.983       0.070       2.688    0.17%       0.333      0.851
     I2                    0.053      -0.085      -3.115    0.17%      -0.734     -0.173      0.034
             600.000       1.016       0.116       3.862    0.17%       0.270      0.913
     I3                   -0.002      -0.086      -3.431    0.17%      -0.840     -0.211      0.013
             600.000       0.993       0.197       3.001    0.17%       0.220      0.851
     I4                    0.048      -0.062      -2.976    0.17%      -0.819     -0.220      0.032
             600.000       1.108      -0.138       3.173    0.17%       0.278      0.932
     I5                    0.065      -0.073      -2.718    0.17%      -0.744     -0.154      0.080
             600.000       0.926      -0.016       2.978    0.17%       0.292      0.890
     I6                    0.046      -0.033      -3.107    0.17%      -0.769     -0.199      0.045
             600.000       0.923      -0.172       2.895    0.17%       0.312      0.836
     I7                    0.032       0.039      -3.145    0.17%      -0.834     -0.253      0.028
             600.000       1.045       0.100       3.136    0.17%       0.245      0.927
     I8                    0.015       0.081      -2.721    0.17%      -0.831     -0.230      0.042
             600.000       1.030      -0.014       3.760    0.17%       0.290      0.794
     I9                    0.091       0.137      -2.895    0.17%      -0.781     -0.199      0.072
             600.000       1.021      -0.074       3.315    0.17%       0.302      0.931
     I10                   0.013       0.070      -2.956    0.17%      -0.857     -0.283     -0.019
             600.000       1.021      -0.109       3.206    0.17%       0.256      0.823
     I11                  -0.007       0.116      -2.434    0.17%      -0.858     -0.298     -0.027
             600.000       0.910      -0.322       2.813    0.17%       0.247      0.810
     I12                   0.055      -0.115      -3.312    0.17%      -0.771     -0.139      0.088
             600.000       0.984      -0.055       2.783    0.17%       0.291      0.845
     I13                   0.029       0.035      -2.882    0.17%      -0.913     -0.220      0.080
             600.000       1.038      -0.256       2.811    0.17%       0.328      0.875
     I14                  -0.012      -0.104      -2.979    0.17%      -0.839     -0.201      0.014
             600.000       0.970      -0.207       2.787    0.17%       0.217      0.790
     I15                   0.041      -0.097      -3.663    0.17%      -0.760     -0.199      0.050
             600.000       0.930       0.084       2.934    0.17%       0.307      0.842


THE MODEL ESTIMATION TERMINATED NORMALLY



MODEL FIT INFORMATION

Number of Free Parameters                       72

Loglikelihood

          H0 Value                      -11107.128
          H0 Scaling Correction Factor      0.9921
            for MLR
          H1 Value                      -11073.122
          H1 Scaling Correction Factor      0.9902
            for MLR

Information Criteria

          Akaike (AIC)                   22358.256
          Bayesian (BIC)                 22674.835
          Sample-Size Adjusted BIC       22446.255
            (n* = (n + 2) / 24)

Chi-Square Test of Model Fit

          Value                             68.828*
          Degrees of Freedom                    63
          P-Value                           0.2867
          Scaling Correction Factor         0.9882
            for MLR

*   The chi-square value for MLM, MLMV, MLR, ULSMV, WLSM and WLSMV cannot be used
    for chi-square difference testing in the regular way.  MLM, MLR and WLSM
    chi-square difference testing is described on the Mplus website.  MLMV, WLSMV,
    and ULSMV difference testing is done using the DIFFTEST option.

RMSEA (Root Mean Square Error Of Approximation)

          Estimate                           0.012
          90 Percent C.I.                    0.000  0.028
          Probability RMSEA <= .05           1.000

CFI/TLI

          CFI                                0.998
          TLI                                0.997

Chi-Square Test of Model Fit for the Baseline Model

          Value                           3349.830
          Degrees of Freedom                   105
          P-Value                           0.0000

SRMR (Standardized Root Mean Square Residual)

          Value                              0.014



MODEL RESULTS

                                                    Two-Tailed
                    Estimate       S.E.  Est./S.E.    P-Value

 F1       BY
    I1                 0.662      0.036     18.269      0.000
    I2                 0.700      0.042     16.708      0.000
    I3                 0.690      0.041     16.833      0.000
    I4                 0.779      0.040     19.597      0.000
    I5                 0.650      0.037     17.328      0.000
    I6                 0.070      0.028      2.469      0.014
    I7                 0.038      0.032      1.204      0.229
    I8                 0.045      0.029      1.550      0.121
    I9                 0.049      0.033      1.518      0.129
    I10                0.027      0.031      0.854      0.393
    I11                0.057      0.030      1.926      0.054
    I12                0.048      0.035      1.365      0.172
    I13                0.060      0.030      2.004      0.045
    I14                0.044      0.030      1.500      0.134
    I15                0.039      0.028      1.374      0.169

 F2       BY
    I1                 0.064      0.034      1.851      0.064
    I2                 0.027      0.032      0.854      0.393
    I3                 0.087      0.030      2.892      0.004
    I4                 0.019      0.031      0.608      0.543
    I5                 0.042      0.032      1.335      0.182
    I6                 0.680      0.036     18.924      0.000
    I7                 0.714      0.042     16.863      0.000
    I8                 0.718      0.039     18.251      0.000
    I9                 0.666      0.038     17.429      0.000
    I10                0.660      0.040     16.442      0.000
    I11                0.041      0.031      1.331      0.183
    I12                0.007      0.035      0.211      0.833
    I13                0.031      0.029      1.047      0.295
    I14                0.124      0.030      4.166      0.000
    I15                0.030      0.029      1.041      0.298

 F3       BY
    I1                 0.059      0.033      1.795      0.073
    I2                 0.046      0.031      1.473      0.141
    I3                 0.084      0.031      2.664      0.008
    I4                 0.031      0.030      1.041      0.298
    I5                 0.043      0.032      1.343      0.179
    I6                 0.002      0.031      0.061      0.951
    I7                 0.077      0.032      2.440      0.015
    I8                 0.017      0.030      0.575      0.565
    I9                 0.053      0.033      1.628      0.104
    I10                0.099      0.034      2.882      0.004
    I11                0.626      0.036     17.497      0.000
    I12                0.656      0.041     16.181      0.000
    I13                0.732      0.037     19.546      0.000
    I14                0.650      0.038     16.940      0.000
    I15                0.672      0.038     17.598      0.000

 F2       WITH
    F1                 0.204      0.028      7.343      0.000

 F3       WITH
    F1                 0.222      0.029      7.671      0.000
    F2                 0.209      0.029      7.281      0.000

 Intercepts
    I1                 0.041      0.040      1.012      0.311
    I2                 0.053      0.041      1.277      0.201
    I3                -0.002      0.041     -0.055      0.956
    I4                 0.048      0.043      1.126      0.260
    I5                 0.065      0.039      1.650      0.099
    I6                 0.046      0.039      1.162      0.245
    I7                 0.032      0.042      0.762      0.446
    I8                 0.015      0.041      0.354      0.724
    I9                 0.091      0.041      2.208      0.027
    I10                0.013      0.041      0.323      0.747
    I11               -0.007      0.039     -0.171      0.865
    I12                0.055      0.041      1.368      0.171
    I13                0.029      0.042      0.708      0.479
    I14               -0.012      0.040     -0.301      0.764
    I15                0.041      0.039      1.036      0.300

 Variances
    F1                 1.000      0.000    999.000    999.000
    F2                 1.000      0.000    999.000    999.000
    F3                 1.000      0.000    999.000    999.000

 Residual Variances
    I1                 0.501      0.035     14.170      0.000
    I2                 0.500      0.036     13.998      0.000
    I3                 0.449      0.033     13.576      0.000
    I4                 0.483      0.035     13.784      0.000
    I5                 0.476      0.035     13.514      0.000
    I6                 0.435      0.031     13.871      0.000
    I7                 0.492      0.037     13.276      0.000
    I8                 0.493      0.040     12.418      0.000
    I9                 0.544      0.038     14.145      0.000
    I10                0.539      0.032     16.883      0.000
    I11                0.486      0.034     14.380      0.000
    I12                0.536      0.034     15.861      0.000
    I13                0.468      0.037     12.566      0.000
    I14                0.482      0.035     13.933      0.000
    I15                0.455      0.033     13.944      0.000


STANDARDIZED MODEL RESULTS


STDYX Standardization

                                                    Two-Tailed
                    Estimate       S.E.  Est./S.E.    P-Value

 F1       BY
    I1                 0.668      0.026     25.387      0.000
    I2                 0.695      0.029     24.078      0.000
    I3                 0.692      0.029     24.139      0.000
    I4                 0.740      0.025     29.258      0.000
    I5                 0.675      0.029     23.372      0.000
    I6                 0.073      0.029      2.470      0.013
    I7                 0.037      0.031      1.205      0.228
    I8                 0.044      0.028      1.551      0.121
    I9                 0.049      0.032      1.525      0.127
    I10                0.026      0.031      0.855      0.393
    I11                0.060      0.031      1.941      0.052
    I12                0.049      0.035      1.369      0.171
    I13                0.059      0.029      2.022      0.043
    I14                0.045      0.030      1.501      0.133
    I15                0.040      0.029      1.383      0.167

 F2       BY
    I1                 0.064      0.035      1.862      0.063
    I2                 0.027      0.032      0.855      0.393
    I3                 0.087      0.030      2.889      0.004
    I4                 0.018      0.029      0.609      0.543
    I5                 0.044      0.033      1.340      0.180
    I6                 0.708      0.026     27.446      0.000
    I7                 0.699      0.029     23.789      0.000
    I8                 0.708      0.028     25.370      0.000
    I9                 0.659      0.029     23.100      0.000
    I10                0.653      0.028     23.204      0.000
    I11                0.043      0.032      1.334      0.182
    I12                0.007      0.035      0.211      0.833
    I13                0.030      0.029      1.051      0.293
    I14                0.126      0.030      4.222      0.000
    I15                0.031      0.030      1.040      0.298

 F3       BY
    I1                 0.060      0.033      1.806      0.071
    I2                 0.046      0.031      1.476      0.140
    I3                 0.084      0.031      2.673      0.008
    I4                 0.030      0.028      1.045      0.296
    I5                 0.045      0.033      1.347      0.178
    I6                 0.002      0.032      0.061      0.951
    I7                 0.075      0.031      2.447      0.014
    I8                 0.017      0.029      0.576      0.564
    I9                 0.053      0.032      1.636      0.102
    I10                0.098      0.034      2.886      0.004
    I11                0.657      0.030     22.029      0.000
    I12                0.661      0.030     22.376      0.000
    I13                0.718      0.027     26.934      0.000
    I14                0.660      0.029     22.488      0.000
    I15                0.697      0.028     25.245      0.000

 F2       WITH
    F1                 0.204      0.028      7.343      0.000

 F3       WITH
    F1                 0.222      0.029      7.671      0.000
    F2                 0.209      0.029      7.281      0.000

 Intercepts
    I1                 0.041      0.041      1.009      0.313
    I2                 0.052      0.041      1.274      0.203
    I3                -0.002      0.041     -0.055      0.956
    I4                 0.046      0.041      1.124      0.261
    I5                 0.067      0.041      1.644      0.100
    I6                 0.047      0.041      1.160      0.246
    I7                 0.031      0.041      0.763      0.446
    I8                 0.014      0.041      0.354      0.723
    I9                 0.090      0.041      2.218      0.027
    I10                0.013      0.041      0.323      0.747
    I11               -0.007      0.041     -0.171      0.865
    I12                0.056      0.041      1.363      0.173
    I13                0.029      0.041      0.708      0.479
    I14               -0.012      0.041     -0.301      0.763
    I15                0.042      0.041      1.034      0.301

 Variances
    F1                 1.000      0.000    999.000    999.000
    F2                 1.000      0.000    999.000    999.000
    F3                 1.000      0.000    999.000    999.000

 Residual Variances
    I1                 0.509      0.034     15.144      0.000
    I2                 0.492      0.037     13.280      0.000
    I3                 0.452      0.034     13.354      0.000
    I4                 0.436      0.034     12.915      0.000
    I5                 0.514      0.036     14.143      0.000
    I6                 0.471      0.033     14.154      0.000
    I7                 0.471      0.036     12.955      0.000
    I8                 0.479      0.037     12.870      0.000
    I9                 0.532      0.035     15.137      0.000
    I10                0.528      0.033     16.052      0.000
    I11                0.533      0.035     15.387      0.000
    I12                0.545      0.037     14.851      0.000
    I13                0.451      0.037     12.204      0.000
    I14                0.496      0.036     13.606      0.000
    I15                0.489      0.035     13.901      0.000


STDY Standardization

                                                    Two-Tailed
                    Estimate       S.E.  Est./S.E.    P-Value

 F1       BY
    I1                 0.668      0.026     25.387      0.000
    I2                 0.695      0.029     24.078      0.000
    I3                 0.692      0.029     24.139      0.000
    I4                 0.740      0.025     29.258      0.000
    I5                 0.675      0.029     23.372      0.000
    I6                 0.073      0.029      2.470      0.013
    I7                 0.037      0.031      1.205      0.228
    I8                 0.044      0.028      1.551      0.121
    I9                 0.049      0.032      1.525      0.127
    I10                0.026      0.031      0.855      0.393
    I11                0.060      0.031      1.941      0.052
    I12                0.049      0.035      1.369      0.171
    I13                0.059      0.029      2.022      0.043
    I14                0.045      0.030      1.501      0.133
    I15                0.040      0.029      1.383      0.167

 F2       BY
    I1                 0.064      0.035      1.862      0.063
    I2                 0.027      0.032      0.855      0.393
    I3                 0.087      0.030      2.889      0.004
    I4                 0.018      0.029      0.609      0.543
    I5                 0.044      0.033      1.340      0.180
    I6                 0.708      0.026     27.446      0.000
    I7                 0.699      0.029     23.789      0.000
    I8                 0.708      0.028     25.370      0.000
    I9                 0.659      0.029     23.100      0.000
    I10                0.653      0.028     23.204      0.000
    I11                0.043      0.032      1.334      0.182
    I12                0.007      0.035      0.211      0.833
    I13                0.030      0.029      1.051      0.293
    I14                0.126      0.030      4.222      0.000
    I15                0.031      0.030      1.040      0.298

 F3       BY
    I1                 0.060      0.033      1.806      0.071
    I2                 0.046      0.031      1.476      0.140
    I3                 0.084      0.031      2.673      0.008
    I4                 0.030      0.028      1.045      0.296
    I5                 0.045      0.033      1.347      0.178
    I6                 0.002      0.032      0.061      0.951
    I7                 0.075      0.031      2.447      0.014
    I8                 0.017      0.029      0.576      0.564
    I9                 0.053      0.032      1.636      0.102
    I10                0.098      0.034      2.886      0.004
    I11                0.657      0.030     22.029      0.000
    I12                0.661      0.030     22.376      0.000
    I13                0.718      0.027     26.934      0.000
    I14                0.660      0.029     22.488      0.000
    I15                0.697      0.028     25.245      0.000

 F2       WITH
    F1                 0.204      0.028      7.343      0.000

 F3       WITH
    F1                 0.222      0.029      7.671      0.000
    F2                 0.209      0.029      7.281      0.000

 Intercepts
    I1                 0.041      0.041      1.009      0.313
    I2                 0.052      0.041      1.274      0.203
    I3                -0.002      0.041     -0.055      0.956
    I4                 0.046      0.041      1.124      0.261
    I5                 0.067      0.041      1.644      0.100
    I6                 0.047      0.041      1.160      0.246
    I7                 0.031      0.041      0.763      0.446
    I8                 0.014      0.041      0.354      0.723
    I9                 0.090      0.041      2.218      0.027
    I10                0.013      0.041      0.323      0.747
    I11               -0.007      0.041     -0.171      0.865
    I12                0.056      0.041      1.363      0.173
    I13                0.029      0.041      0.708      0.479
    I14               -0.012      0.041     -0.301      0.763
    I15                0.042      0.041      1.034      0.301

 Variances
    F1                 1.000      0.000    999.000    999.000
    F2                 1.000      0.000    999.000    999.000
    F3                 1.000      0.000    999.000    999.000

 Residual Variances
    I1                 0.509      0.034     15.144      0.000
    I2                 0.492      0.037     13.280      0.000
    I3                 0.452      0.034     13.354      0.000
    I4                 0.436      0.034     12.915      0.000
    I5                 0.514      0.036     14.143      0.000
    I6                 0.471      0.033     14.154      0.000
    I7                 0.471      0.036     12.955      0.000
    I8                 0.479      0.037     12.870      0.000
    I9                 0.532      0.035     15.137      0.000
    I10                0.528      0.033     16.052      0.000
    I11                0.533      0.035     15.387      0.000
    I12                0.545      0.037     14.851      0.000
    I13                0.451      0.037     12.204      0.000
    I14                0.496      0.036     13.606      0.000
    I15                0.489      0.035     13.901      0.000


STD Standardization

                                                    Two-Tailed
                    Estimate       S.E.  Est./S.E.    P-Value

 F1       BY
    I1                 0.662      0.036     18.269      0.000
    I2                 0.700      0.042     16.708      0.000
    I3                 0.690      0.041     16.833      0.000
    I4                 0.779      0.040     19.597      0.000
    I5                 0.650      0.037     17.328      0.000
    I6                 0.070      0.028      2.469      0.014
    I7                 0.038      0.032      1.204      0.229
    I8                 0.045      0.029      1.550      0.121
    I9                 0.049      0.033      1.518      0.129
    I10                0.027      0.031      0.854      0.393
    I11                0.057      0.030      1.926      0.054
    I12                0.048      0.035      1.365      0.172
    I13                0.060      0.030      2.004      0.045
    I14                0.044      0.030      1.500      0.134
    I15                0.039      0.028      1.374      0.169

 F2       BY
    I1                 0.064      0.034      1.851      0.064
    I2                 0.027      0.032      0.854      0.393
    I3                 0.087      0.030      2.892      0.004
    I4                 0.019      0.031      0.608      0.543
    I5                 0.042      0.032      1.335      0.182
    I6                 0.680      0.036     18.924      0.000
    I7                 0.714      0.042     16.863      0.000
    I8                 0.718      0.039     18.251      0.000
    I9                 0.666      0.038     17.429      0.000
    I10                0.660      0.040     16.442      0.000
    I11                0.041      0.031      1.331      0.183
    I12                0.007      0.035      0.211      0.833
    I13                0.031      0.029      1.047      0.295
    I14                0.124      0.030      4.166      0.000
    I15                0.030      0.029      1.041      0.298

 F3       BY
    I1                 0.059      0.033      1.795      0.073
    I2                 0.046      0.031      1.473      0.141
    I3                 0.084      0.031      2.664      0.008
    I4                 0.031      0.030      1.041      0.298
    I5                 0.043      0.032      1.343      0.179
    I6                 0.002      0.031      0.061      0.951
    I7                 0.077      0.032      2.440      0.015
    I8                 0.017      0.030      0.575      0.565
    I9                 0.053      0.033      1.628      0.104
    I10                0.099      0.034      2.882      0.004
    I11                0.626      0.036     17.497      0.000
    I12                0.656      0.041     16.181      0.000
    I13                0.732      0.037     19.546      0.000
    I14                0.650      0.038     16.940      0.000
    I15                0.672      0.038     17.598      0.000

 F2       WITH
    F1                 0.204      0.028      7.343      0.000

 F3       WITH
    F1                 0.222      0.029      7.671      0.000
    F2                 0.209      0.029      7.281      0.000

 Intercepts
    I1                 0.041      0.040      1.012      0.311
    I2                 0.053      0.041      1.277      0.201
    I3                -0.002      0.041     -0.055      0.956
    I4                 0.048      0.043      1.126      0.260
    I5                 0.065      0.039      1.650      0.099
    I6                 0.046      0.039      1.162      0.245
    I7                 0.032      0.042      0.762      0.446
    I8                 0.015      0.041      0.354      0.724
    I9                 0.091      0.041      2.208      0.027
    I10                0.013      0.041      0.323      0.747
    I11               -0.007      0.039     -0.171      0.865
    I12                0.055      0.041      1.368      0.171
    I13                0.029      0.042      0.708      0.479
    I14               -0.012      0.040     -0.301      0.764
    I15                0.041      0.039      1.036      0.300

 Variances
    F1                 1.000      0.000    999.000    999.000
    F2                 1.000      0.000    999.000    999.000
    F3                 1.000      0.000    999.000    999.000

 Residual Variances
    I1                 0.501      0.035     14.170      0.000
    I2                 0.500      0.036     13.998      0.000
    I3                 0.449      0.033     13.576      0.000
    I4                 0.483      0.035     13.784      0.000
    I5                 0.476      0.035     13.514      0.000
    I6                 0.435      0.031     13.871      0.000
    I7                 0.492      0.037     13.276      0.000
    I8                 0.493      0.040     12.418      0.000
    I9                 0.544      0.038     14.145      0.000
    I10                0.539      0.032     16.883      0.000
    I11                0.486      0.034     14.380      0.000
    I12                0.536      0.034     15.861      0.000
    I13                0.468      0.037     12.566      0.000
    I14                0.482      0.035     13.933      0.000
    I15                0.455      0.033     13.944      0.000


R-SQUARE

    Observed                                        Two-Tailed
    Variable        Estimate       S.E.  Est./S.E.    P-Value

    I1                 0.491      0.034     14.599      0.000
    I2                 0.508      0.037     13.701      0.000
    I3                 0.548      0.034     16.164      0.000
    I4                 0.564      0.034     16.686      0.000
    I5                 0.486      0.036     13.358      0.000
    I6                 0.529      0.033     15.887      0.000
    I7                 0.529      0.036     14.542      0.000
    I8                 0.521      0.037     14.004      0.000
    I9                 0.468      0.035     13.311      0.000
    I10                0.472      0.033     14.368      0.000
    I11                0.467      0.035     13.463      0.000
    I12                0.455      0.037     12.421      0.000
    I13                0.549      0.037     14.839      0.000
    I14                0.504      0.036     13.804      0.000
    I15                0.511      0.035     14.517      0.000


QUALITY OF NUMERICAL RESULTS

     Condition Number for the Information Matrix              0.135E-03
       (ratio of smallest to largest eigenvalue)


CONFIDENCE INTERVALS OF MODEL RESULTS

                  Lower .5%  Lower 2.5%    Lower 5%    Estimate    Upper 5%  Upper 2.5%   Upper .5%

 F1       BY
    I1               0.569       0.591       0.603       0.662       0.722       0.733       0.756
    I2               0.592       0.618       0.631       0.700       0.769       0.782       0.808
    I3               0.584       0.610       0.623       0.690       0.757       0.770       0.796
    I4               0.676       0.701       0.713       0.779       0.844       0.857       0.881
    I5               0.553       0.576       0.588       0.650       0.711       0.723       0.746
    I6              -0.003       0.014       0.023       0.070       0.116       0.125       0.143
    I7              -0.043      -0.024      -0.014       0.038       0.090       0.100       0.119
    I8              -0.030      -0.012      -0.003       0.045       0.092       0.102       0.119
    I9              -0.034      -0.014      -0.004       0.049       0.103       0.113       0.133
    I10             -0.054      -0.034      -0.025       0.027       0.078       0.088       0.107
    I11             -0.019      -0.001       0.008       0.057       0.106       0.115       0.133
    I12             -0.043      -0.021      -0.010       0.048       0.106       0.117       0.139
    I13             -0.017       0.001       0.011       0.060       0.110       0.119       0.138
    I14             -0.032      -0.014      -0.004       0.044       0.093       0.103       0.121
    I15             -0.034      -0.017      -0.008       0.039       0.086       0.094       0.112

 F2       BY
    I1              -0.025      -0.004       0.007       0.064       0.120       0.131       0.152
    I2              -0.055      -0.035      -0.025       0.027       0.080       0.090       0.109
    I3               0.010       0.028       0.038       0.087       0.136       0.146       0.164
    I4              -0.061      -0.042      -0.032       0.019       0.070       0.080       0.099
    I5              -0.039      -0.020      -0.010       0.042       0.095       0.105       0.124
    I6               0.588       0.610       0.621       0.680       0.740       0.751       0.773
    I7               0.605       0.631       0.644       0.714       0.784       0.797       0.823
    I8               0.617       0.641       0.653       0.718       0.783       0.795       0.820
    I9               0.567       0.591       0.603       0.666       0.729       0.741       0.764
    I10              0.557       0.581       0.594       0.660       0.726       0.739       0.764
    I11             -0.038      -0.019      -0.010       0.041       0.091       0.101       0.120
    I12             -0.083      -0.061      -0.050       0.007       0.065       0.076       0.097
    I13             -0.045      -0.027      -0.018       0.031       0.079       0.088       0.106
    I14              0.047       0.066       0.075       0.124       0.173       0.182       0.200
    I15             -0.044      -0.026      -0.017       0.030       0.077       0.087       0.104

 F3       BY
    I1              -0.026      -0.005       0.005       0.059       0.114       0.124       0.144
    I2              -0.034      -0.015      -0.005       0.046       0.097       0.107       0.126
    I3               0.003       0.022       0.032       0.084       0.135       0.145       0.164
    I4              -0.046      -0.028      -0.018       0.031       0.080       0.090       0.108
    I5              -0.039      -0.020      -0.010       0.043       0.095       0.105       0.125
    I6              -0.077      -0.058      -0.048       0.002       0.052       0.062       0.081
    I7              -0.004       0.015       0.025       0.077       0.129       0.139       0.158
    I8              -0.059      -0.041      -0.032       0.017       0.066       0.075       0.093
    I9              -0.031      -0.011      -0.001       0.053       0.107       0.117       0.138
    I10              0.011       0.032       0.043       0.099       0.156       0.167       0.188
    I11              0.534       0.556       0.568       0.626       0.685       0.697       0.719
    I12              0.551       0.576       0.589       0.656       0.722       0.735       0.760
    I13              0.635       0.658       0.670       0.732       0.793       0.805       0.828
    I14              0.551       0.575       0.587       0.650       0.713       0.725       0.749
    I15              0.574       0.597       0.609       0.672       0.735       0.747       0.771

 F2       WITH
    F1               0.133       0.150       0.159       0.204       0.250       0.259       0.276

 F3       WITH
    F1               0.147       0.165       0.174       0.222       0.269       0.279       0.296
    F2               0.135       0.153       0.162       0.209       0.256       0.266       0.283

 Intercepts
    I1              -0.063      -0.038      -0.026       0.041       0.108       0.120       0.145
    I2              -0.053      -0.028      -0.015       0.053       0.120       0.133       0.159
    I3              -0.107      -0.082      -0.069      -0.002       0.065       0.078       0.103
    I4              -0.062      -0.036      -0.022       0.048       0.119       0.133       0.159
    I5              -0.036      -0.012       0.000       0.065       0.129       0.142       0.166
    I6              -0.055      -0.031      -0.019       0.046       0.110       0.122       0.147
    I7              -0.076      -0.050      -0.037       0.032       0.100       0.114       0.139
    I8              -0.092      -0.067      -0.054       0.015       0.083       0.096       0.121
    I9              -0.015       0.010       0.023       0.091       0.159       0.172       0.197
    I10             -0.093      -0.068      -0.055       0.013       0.081       0.094       0.120
    I11             -0.107      -0.083      -0.071      -0.007       0.057       0.070       0.094
    I12             -0.049      -0.024      -0.011       0.055       0.122       0.135       0.160
    I13             -0.078      -0.052      -0.039       0.029       0.098       0.111       0.137
    I14             -0.116      -0.091      -0.078      -0.012       0.054       0.067       0.091
    I15             -0.061      -0.036      -0.024       0.041       0.106       0.118       0.142

 Variances
    F1               1.000       1.000       1.000       1.000       1.000       1.000       1.000
    F2               1.000       1.000       1.000       1.000       1.000       1.000       1.000
    F3               1.000       1.000       1.000       1.000       1.000       1.000       1.000

 Residual Variances
    I1               0.410       0.431       0.442       0.501       0.559       0.570       0.592
    I2               0.408       0.430       0.441       0.500       0.559       0.570       0.592
    I3               0.364       0.384       0.395       0.449       0.504       0.514       0.534
    I4               0.393       0.415       0.426       0.483       0.541       0.552       0.574
    I5               0.386       0.407       0.418       0.476       0.534       0.546       0.567
    I6               0.354       0.373       0.383       0.435       0.486       0.496       0.515
    I7               0.397       0.419       0.431       0.492       0.553       0.565       0.588
    I8               0.391       0.415       0.428       0.493       0.559       0.571       0.596
    I9               0.445       0.468       0.480       0.544       0.607       0.619       0.642
    I10              0.456       0.476       0.486       0.539       0.591       0.601       0.621
    I11              0.399       0.419       0.430       0.486       0.541       0.552       0.573
    I12              0.449       0.470       0.480       0.536       0.592       0.602       0.623
    I13              0.372       0.395       0.407       0.468       0.530       0.541       0.564
    I14              0.393       0.414       0.425       0.482       0.539       0.549       0.571
    I15              0.371       0.391       0.401       0.455       0.508       0.519       0.539


CONFIDENCE INTERVALS OF STANDARDIZED MODEL RESULTS


STDYX Standardization

                  Lower .5%  Lower 2.5%    Lower 5%    Estimate    Upper 5%  Upper 2.5%   Upper .5%

 F1       BY
    I1               0.600       0.616       0.625       0.668       0.711       0.720       0.736
    I2               0.620       0.638       0.647       0.695       0.742       0.751       0.769
    I3               0.619       0.636       0.645       0.692       0.740       0.749       0.766
    I4               0.675       0.690       0.698       0.740       0.781       0.789       0.805
    I5               0.601       0.618       0.627       0.675       0.722       0.731       0.749
    I6              -0.003       0.015       0.024       0.073       0.121       0.130       0.149
    I7              -0.042      -0.023      -0.014       0.037       0.088       0.097       0.116
    I8              -0.029      -0.012      -0.003       0.044       0.091       0.100       0.118
    I9              -0.034      -0.014      -0.004       0.049       0.102       0.112       0.132
    I10             -0.053      -0.034      -0.024       0.026       0.077       0.087       0.106
    I11             -0.020      -0.001       0.009       0.060       0.110       0.120       0.139
    I12             -0.043      -0.021      -0.010       0.049       0.107       0.118       0.140
    I13             -0.016       0.002       0.011       0.059       0.107       0.117       0.135
    I14             -0.032      -0.014      -0.004       0.045       0.095       0.104       0.123
    I15             -0.035      -0.017      -0.008       0.040       0.088       0.098       0.116

 F2       BY
    I1              -0.025      -0.003       0.007       0.064       0.121       0.132       0.153
    I2              -0.054      -0.035      -0.025       0.027       0.079       0.089       0.108
    I3               0.009       0.028       0.038       0.087       0.137       0.147       0.165
    I4              -0.058      -0.040      -0.030       0.018       0.066       0.076       0.094
    I5              -0.041      -0.020      -0.010       0.044       0.098       0.109       0.129
    I6               0.642       0.658       0.666       0.708       0.751       0.759       0.775
    I7               0.623       0.641       0.650       0.699       0.747       0.756       0.774
    I8               0.636       0.653       0.662       0.708       0.754       0.762       0.780
    I9               0.585       0.603       0.612       0.659       0.706       0.715       0.732
    I10              0.581       0.598       0.607       0.653       0.700       0.709       0.726
    I11             -0.040      -0.020      -0.010       0.043       0.095       0.106       0.125
    I12             -0.083      -0.062      -0.051       0.007       0.065       0.076       0.098
    I13             -0.044      -0.026      -0.017       0.030       0.077       0.086       0.104
    I14              0.049       0.067       0.077       0.126       0.175       0.184       0.202
    I15             -0.046      -0.028      -0.018       0.031       0.080       0.090       0.108

 F3       BY
    I1              -0.025      -0.005       0.005       0.060       0.114       0.125       0.145
    I2              -0.034      -0.015      -0.005       0.046       0.096       0.106       0.125
    I3               0.003       0.022       0.032       0.084       0.136       0.145       0.165
    I4              -0.043      -0.026      -0.017       0.030       0.076       0.085       0.103
    I5              -0.041      -0.020      -0.010       0.045       0.099       0.109       0.130
    I6              -0.080      -0.060      -0.050       0.002       0.054       0.064       0.084
    I7              -0.004       0.015       0.025       0.075       0.126       0.136       0.155
    I8              -0.058      -0.040      -0.031       0.017       0.065       0.074       0.092
    I9              -0.030      -0.010       0.000       0.053       0.106       0.116       0.136
    I10              0.011       0.032       0.042       0.098       0.154       0.165       0.186
    I11              0.580       0.598       0.608       0.657       0.706       0.715       0.733
    I12              0.585       0.603       0.612       0.661       0.709       0.719       0.737
    I13              0.649       0.666       0.674       0.718       0.762       0.770       0.787
    I14              0.584       0.602       0.612       0.660       0.708       0.717       0.736
    I15              0.626       0.643       0.652       0.697       0.743       0.751       0.768

 F2       WITH
    F1               0.133       0.150       0.159       0.204       0.250       0.259       0.276

 F3       WITH
    F1               0.147       0.165       0.174       0.222       0.269       0.279       0.296
    F2               0.135       0.153       0.162       0.209       0.256       0.266       0.283

 Intercepts
    I1              -0.064      -0.039      -0.026       0.041       0.109       0.122       0.147
    I2              -0.053      -0.028      -0.015       0.052       0.120       0.132       0.158
    I3              -0.107      -0.082      -0.069      -0.002       0.065       0.078       0.103
    I4              -0.059      -0.034      -0.021       0.046       0.113       0.126       0.151
    I5              -0.038      -0.013       0.000       0.067       0.135       0.148       0.173
    I6              -0.058      -0.033      -0.020       0.047       0.115       0.128       0.153
    I7              -0.074      -0.049      -0.036       0.031       0.098       0.111       0.136
    I8              -0.091      -0.066      -0.053       0.014       0.082       0.094       0.120
    I9              -0.015       0.010       0.023       0.090       0.157       0.170       0.195
    I10             -0.092      -0.067      -0.054       0.013       0.080       0.093       0.118
    I11             -0.112      -0.087      -0.074      -0.007       0.060       0.073       0.098
    I12             -0.050      -0.024      -0.012       0.056       0.123       0.136       0.161
    I13             -0.076      -0.051      -0.038       0.029       0.096       0.109       0.134
    I14             -0.117      -0.092      -0.079      -0.012       0.055       0.068       0.093
    I15             -0.063      -0.038      -0.025       0.042       0.110       0.123       0.148

 Variances
    F1               1.000       1.000       1.000       1.000       1.000       1.000       1.000
    F2               1.000       1.000       1.000       1.000       1.000       1.000       1.000
    F3               1.000       1.000       1.000       1.000       1.000       1.000       1.000

 Residual Variances
    I1               0.423       0.443       0.454       0.509       0.564       0.575       0.596
    I2               0.397       0.420       0.431       0.492       0.553       0.565       0.588
    I3               0.365       0.386       0.397       0.452       0.508       0.519       0.540
    I4               0.349       0.370       0.381       0.436       0.492       0.503       0.523
    I5               0.421       0.443       0.454       0.514       0.574       0.586       0.608
    I6               0.385       0.406       0.416       0.471       0.526       0.536       0.557
    I7               0.377       0.400       0.411       0.471       0.531       0.542       0.565
    I8               0.383       0.406       0.418       0.479       0.540       0.552       0.575
    I9               0.442       0.463       0.474       0.532       0.590       0.601       0.623
    I10              0.443       0.463       0.474       0.528       0.582       0.592       0.612
    I11              0.444       0.465       0.476       0.533       0.590       0.601       0.623
    I12              0.450       0.473       0.484       0.545       0.605       0.616       0.639
    I13              0.356       0.379       0.390       0.451       0.512       0.524       0.547
    I14              0.402       0.425       0.436       0.496       0.556       0.568       0.590
    I15              0.399       0.420       0.431       0.489       0.547       0.558       0.580


STDY Standardization

                  Lower .5%  Lower 2.5%    Lower 5%    Estimate    Upper 5%  Upper 2.5%   Upper .5%

 F1       BY
    I1               0.600       0.616       0.625       0.668       0.711       0.720       0.736
    I2               0.620       0.638       0.647       0.695       0.742       0.751       0.769
    I3               0.619       0.636       0.645       0.692       0.740       0.749       0.766
    I4               0.675       0.690       0.698       0.740       0.781       0.789       0.805
    I5               0.601       0.618       0.627       0.675       0.722       0.731       0.749
    I6              -0.003       0.015       0.024       0.073       0.121       0.130       0.149
    I7              -0.042      -0.023      -0.014       0.037       0.088       0.097       0.116
    I8              -0.029      -0.012      -0.003       0.044       0.091       0.100       0.118
    I9              -0.034      -0.014      -0.004       0.049       0.102       0.112       0.132
    I10             -0.053      -0.034      -0.024       0.026       0.077       0.087       0.106
    I11             -0.020      -0.001       0.009       0.060       0.110       0.120       0.139
    I12             -0.043      -0.021      -0.010       0.049       0.107       0.118       0.140
    I13             -0.016       0.002       0.011       0.059       0.107       0.117       0.135
    I14             -0.032      -0.014      -0.004       0.045       0.095       0.104       0.123
    I15             -0.035      -0.017      -0.008       0.040       0.088       0.098       0.116

 F2       BY
    I1              -0.025      -0.003       0.007       0.064       0.121       0.132       0.153
    I2              -0.054      -0.035      -0.025       0.027       0.079       0.089       0.108
    I3               0.009       0.028       0.038       0.087       0.137       0.147       0.165
    I4              -0.058      -0.040      -0.030       0.018       0.066       0.076       0.094
    I5              -0.041      -0.020      -0.010       0.044       0.098       0.109       0.129
    I6               0.642       0.658       0.666       0.708       0.751       0.759       0.775
    I7               0.623       0.641       0.650       0.699       0.747       0.756       0.774
    I8               0.636       0.653       0.662       0.708       0.754       0.762       0.780
    I9               0.585       0.603       0.612       0.659       0.706       0.715       0.732
    I10              0.581       0.598       0.607       0.653       0.700       0.709       0.726
    I11             -0.040      -0.020      -0.010       0.043       0.095       0.106       0.125
    I12             -0.083      -0.062      -0.051       0.007       0.065       0.076       0.098
    I13             -0.044      -0.026      -0.017       0.030       0.077       0.086       0.104
    I14              0.049       0.067       0.077       0.126       0.175       0.184       0.202
    I15             -0.046      -0.028      -0.018       0.031       0.080       0.090       0.108

 F3       BY
    I1              -0.025      -0.005       0.005       0.060       0.114       0.125       0.145
    I2              -0.034      -0.015      -0.005       0.046       0.096       0.106       0.125
    I3               0.003       0.022       0.032       0.084       0.136       0.145       0.165
    I4              -0.043      -0.026      -0.017       0.030       0.076       0.085       0.103
    I5              -0.041      -0.020      -0.010       0.045       0.099       0.109       0.130
    I6              -0.080      -0.060      -0.050       0.002       0.054       0.064       0.084
    I7              -0.004       0.015       0.025       0.075       0.126       0.136       0.155
    I8              -0.058      -0.040      -0.031       0.017       0.065       0.074       0.092
    I9              -0.030      -0.010       0.000       0.053       0.106       0.116       0.136
    I10              0.011       0.032       0.042       0.098       0.154       0.165       0.186
    I11              0.580       0.598       0.608       0.657       0.706       0.715       0.733
    I12              0.585       0.603       0.612       0.661       0.709       0.719       0.737
    I13              0.649       0.666       0.674       0.718       0.762       0.770       0.787
    I14              0.584       0.602       0.612       0.660       0.708       0.717       0.736
    I15              0.626       0.643       0.652       0.697       0.743       0.751       0.768

 F2       WITH
    F1               0.133       0.150       0.159       0.204       0.250       0.259       0.276

 F3       WITH
    F1               0.147       0.165       0.174       0.222       0.269       0.279       0.296
    F2               0.135       0.153       0.162       0.209       0.256       0.266       0.283

 Intercepts
    I1              -0.064      -0.039      -0.026       0.041       0.109       0.122       0.147
    I2              -0.053      -0.028      -0.015       0.052       0.120       0.132       0.158
    I3              -0.107      -0.082      -0.069      -0.002       0.065       0.078       0.103
    I4              -0.059      -0.034      -0.021       0.046       0.113       0.126       0.151
    I5              -0.038      -0.013       0.000       0.067       0.135       0.148       0.173
    I6              -0.058      -0.033      -0.020       0.047       0.115       0.128       0.153
    I7              -0.074      -0.049      -0.036       0.031       0.098       0.111       0.136
    I8              -0.091      -0.066      -0.053       0.014       0.082       0.094       0.120
    I9              -0.015       0.010       0.023       0.090       0.157       0.170       0.195
    I10             -0.092      -0.067      -0.054       0.013       0.080       0.093       0.118
    I11             -0.112      -0.087      -0.074      -0.007       0.060       0.073       0.098
    I12             -0.050      -0.024      -0.012       0.056       0.123       0.136       0.161
    I13             -0.076      -0.051      -0.038       0.029       0.096       0.109       0.134
    I14             -0.117      -0.092      -0.079      -0.012       0.055       0.068       0.093
    I15             -0.063      -0.038      -0.025       0.042       0.110       0.123       0.148

 Variances
    F1               1.000       1.000       1.000       1.000       1.000       1.000       1.000
    F2               1.000       1.000       1.000       1.000       1.000       1.000       1.000
    F3               1.000       1.000       1.000       1.000       1.000       1.000       1.000

 Residual Variances
    I1               0.423       0.443       0.454       0.509       0.564       0.575       0.596
    I2               0.397       0.420       0.431       0.492       0.553       0.565       0.588
    I3               0.365       0.386       0.397       0.452       0.508       0.519       0.540
    I4               0.349       0.370       0.381       0.436       0.492       0.503       0.523
    I5               0.421       0.443       0.454       0.514       0.574       0.586       0.608
    I6               0.385       0.406       0.416       0.471       0.526       0.536       0.557
    I7               0.377       0.400       0.411       0.471       0.531       0.542       0.565
    I8               0.383       0.406       0.418       0.479       0.540       0.552       0.575
    I9               0.442       0.463       0.474       0.532       0.590       0.601       0.623
    I10              0.443       0.463       0.474       0.528       0.582       0.592       0.612
    I11              0.444       0.465       0.476       0.533       0.590       0.601       0.623
    I12              0.450       0.473       0.484       0.545       0.605       0.616       0.639
    I13              0.356       0.379       0.390       0.451       0.512       0.524       0.547
    I14              0.402       0.425       0.436       0.496       0.556       0.568       0.590
    I15              0.399       0.420       0.431       0.489       0.547       0.558       0.580


STD Standardization

                  Lower .5%  Lower 2.5%    Lower 5%    Estimate    Upper 5%  Upper 2.5%   Upper .5%

 F1       BY
    I1               0.569       0.591       0.603       0.662       0.722       0.733       0.756
    I2               0.592       0.618       0.631       0.700       0.769       0.782       0.808
    I3               0.584       0.610       0.623       0.690       0.757       0.770       0.796
    I4               0.676       0.701       0.713       0.779       0.844       0.857       0.881
    I5               0.553       0.576       0.588       0.650       0.711       0.723       0.746
    I6              -0.003       0.014       0.023       0.070       0.116       0.125       0.143
    I7              -0.043      -0.024      -0.014       0.038       0.090       0.100       0.119
    I8              -0.030      -0.012      -0.003       0.045       0.092       0.102       0.119
    I9              -0.034      -0.014      -0.004       0.049       0.103       0.113       0.133
    I10             -0.054      -0.034      -0.025       0.027       0.078       0.088       0.107
    I11             -0.019      -0.001       0.008       0.057       0.106       0.115       0.133
    I12             -0.043      -0.021      -0.010       0.048       0.106       0.117       0.139
    I13             -0.017       0.001       0.011       0.060       0.110       0.119       0.138
    I14             -0.032      -0.014      -0.004       0.044       0.093       0.103       0.121
    I15             -0.034      -0.017      -0.008       0.039       0.086       0.094       0.112

 F2       BY
    I1              -0.025      -0.004       0.007       0.064       0.120       0.131       0.152
    I2              -0.055      -0.035      -0.025       0.027       0.080       0.090       0.109
    I3               0.010       0.028       0.038       0.087       0.136       0.146       0.164
    I4              -0.061      -0.042      -0.032       0.019       0.070       0.080       0.099
    I5              -0.039      -0.020      -0.010       0.042       0.095       0.105       0.124
    I6               0.588       0.610       0.621       0.680       0.740       0.751       0.773
    I7               0.605       0.631       0.644       0.714       0.784       0.797       0.823
    I8               0.617       0.641       0.653       0.718       0.783       0.795       0.820
    I9               0.567       0.591       0.603       0.666       0.729       0.741       0.764
    I10              0.557       0.581       0.594       0.660       0.726       0.739       0.764
    I11             -0.038      -0.019      -0.010       0.041       0.091       0.101       0.120
    I12             -0.083      -0.061      -0.050       0.007       0.065       0.076       0.097
    I13             -0.045      -0.027      -0.018       0.031       0.079       0.088       0.106
    I14              0.047       0.066       0.075       0.124       0.173       0.182       0.200
    I15             -0.044      -0.026      -0.017       0.030       0.077       0.087       0.104

 F3       BY
    I1              -0.026      -0.005       0.005       0.059       0.114       0.124       0.144
    I2              -0.034      -0.015      -0.005       0.046       0.097       0.107       0.126
    I3               0.003       0.022       0.032       0.084       0.135       0.145       0.164
    I4              -0.046      -0.028      -0.018       0.031       0.080       0.090       0.108
    I5              -0.039      -0.020      -0.010       0.043       0.095       0.105       0.125
    I6              -0.077      -0.058      -0.048       0.002       0.052       0.062       0.081
    I7              -0.004       0.015       0.025       0.077       0.129       0.139       0.158
    I8              -0.059      -0.041      -0.032       0.017       0.066       0.075       0.093
    I9              -0.031      -0.011      -0.001       0.053       0.107       0.117       0.138
    I10              0.011       0.032       0.043       0.099       0.156       0.167       0.188
    I11              0.534       0.556       0.568       0.626       0.685       0.697       0.719
    I12              0.551       0.576       0.589       0.656       0.722       0.735       0.760
    I13              0.635       0.658       0.670       0.732       0.793       0.805       0.828
    I14              0.551       0.575       0.587       0.650       0.713       0.725       0.749
    I15              0.574       0.597       0.609       0.672       0.735       0.747       0.771

 F2       WITH
    F1               0.133       0.150       0.159       0.204       0.250       0.259       0.276

 F3       WITH
    F1               0.147       0.165       0.174       0.222       0.269       0.279       0.296
    F2               0.135       0.153       0.162       0.209       0.256       0.266       0.283

 Intercepts
    I1              -0.063      -0.038      -0.026       0.041       0.108       0.120       0.145
    I2              -0.053      -0.028      -0.015       0.053       0.120       0.133       0.159
    I3              -0.107      -0.082      -0.069      -0.002       0.065       0.078       0.103
    I4              -0.062      -0.036      -0.022       0.048       0.119       0.133       0.159
    I5              -0.036      -0.012       0.000       0.065       0.129       0.142       0.166
    I6              -0.055      -0.031      -0.019       0.046       0.110       0.122       0.147
    I7              -0.076      -0.050      -0.037       0.032       0.100       0.114       0.139
    I8              -0.092      -0.067      -0.054       0.015       0.083       0.096       0.121
    I9              -0.015       0.010       0.023       0.091       0.159       0.172       0.197
    I10             -0.093      -0.068      -0.055       0.013       0.081       0.094       0.120
    I11             -0.107      -0.083      -0.071      -0.007       0.057       0.070       0.094
    I12             -0.049      -0.024      -0.011       0.055       0.122       0.135       0.160
    I13             -0.078      -0.052      -0.039       0.029       0.098       0.111       0.137
    I14             -0.116      -0.091      -0.078      -0.012       0.054       0.067       0.091
    I15             -0.061      -0.036      -0.024       0.041       0.106       0.118       0.142

 Variances
    F1               1.000       1.000       1.000       1.000       1.000       1.000       1.000
    F2               1.000       1.000       1.000       1.000       1.000       1.000       1.000
    F3               1.000       1.000       1.000       1.000       1.000       1.000       1.000

 Residual Variances
    I1               0.410       0.431       0.442       0.501       0.559       0.570       0.592
    I2               0.408       0.430       0.441       0.500       0.559       0.570       0.592
    I3               0.364       0.384       0.395       0.449       0.504       0.514       0.534
    I4               0.393       0.415       0.426       0.483       0.541       0.552       0.574
    I5               0.386       0.407       0.418       0.476       0.534       0.546       0.567
    I6               0.354       0.373       0.383       0.435       0.486       0.496       0.515
    I7               0.397       0.419       0.431       0.492       0.553       0.565       0.588
    I8               0.391       0.415       0.428       0.493       0.559       0.571       0.596
    I9               0.445       0.468       0.480       0.544       0.607       0.619       0.642
    I10              0.456       0.476       0.486       0.539       0.591       0.601       0.621
    I11              0.399       0.419       0.430       0.486       0.541       0.552       0.573
    I12              0.449       0.470       0.480       0.536       0.592       0.602       0.623
    I13              0.372       0.395       0.407       0.468       0.530       0.541       0.564
    I14              0.393       0.414       0.425       0.482       0.539       0.549       0.571
    I15              0.371       0.391       0.401       0.455       0.508       0.519       0.539


CFA MODEL COMMAND WITH FINAL ROTATED ESTIMATES USED AS STARTING VALUES

     f1 BY i1*0.66240;
     f1 BY i2*0.70028;
     f1 BY i3*0.68993;
     f1 BY i4*0.77863;
     f1 BY i5*0.64956;
     f1 BY i6*0.06986;
     f1 BY i7*0.03793;
     f1 BY i8*0.04485;
     f1 BY i9*0.04943;
     f1 BY i10*0.02655;
     f1 BY i11*0.05698;
     f1 BY i12*0.04814;
     f1 BY i13*0.06025;
     f1 BY i14*0.04450;
     f1 BY i15*0.03894;
     f2 BY i1*0.06370;
     f2 BY i2*0.02721;
     f2 BY i3*0.08698;
     f2 BY i4*0.01885;
     f2 BY i5*0.04242;
     f2 BY i6*0.68047;
     f2 BY i7*0.71394;
     f2 BY i8*0.71817;
     f2 BY i9*0.66573;
     f2 BY i10*0.66011;
     f2 BY i11*0.04078;
     f2 BY i12*0.00737;
     f2 BY i13*0.03069;
     f2 BY i14*0.12377;
     f2 BY i15*0.03003;
     f3 BY i1*0.05925;
     f3 BY i2*0.04594;
     f3 BY i3*0.08360;
     f3 BY i4*0.03119;
     f3 BY i5*0.04288;
     f3 BY i6*0.00187;
     f3 BY i7*0.07699;
     f3 BY i8*0.01702;
     f3 BY i9*0.05326;
     f3 BY i10*0.09942;
     f3 BY i11*0.62647;
     f3 BY i12*0.65554;
     f3 BY i13*0.73150;
     f3 BY i14*0.65011;
     f3 BY i15*0.67230;

     f2 WITH f1*0.20431;
     f3 WITH f1*0.22187;
     f3 WITH f2*0.20921;

     [ i1*0.04097 ];
     [ i2*0.05256 ];
     [ i3*-0.00222 ];
     [ i4*0.04839 ];
     [ i5*0.06483 ];
     [ i6*0.04556 ];
     [ i7*0.03181 ];
     [ i8*0.01465 ];
     [ i9*0.09111 ];
     [ i10*0.01330 ];
     [ i11*-0.00664 ];
     [ i12*0.05540 ];
     [ i13*0.02945 ];
     [ i14*-0.01210 ];
     [ i15*0.04079 ];

     i1*0.50059;
     i2*0.49999;
     i3*0.44918;
     i4*0.48345;
     i5*0.47641;
     i6*0.43472;
     i7*0.49213;
     i8*0.49321;
     i9*0.54350;
     i10*0.53866;
     i11*0.48557;
     i12*0.53594;
     i13*0.46827;
     i14*0.48169;
     i15*0.45480;
     f1@1;
     f2@1;
     f3@1;



RESIDUAL OUTPUT


     ESTIMATED MODEL AND RESIDUALS (OBSERVED - ESTIMATED)


           Model Estimated Means
              I1            I2            I3            I4            I5
              ________      ________      ________      ________      ________
                0.041         0.053        -0.002         0.048         0.065


           Model Estimated Means
              I6            I7            I8            I9            I10
              ________      ________      ________      ________      ________
                0.046         0.032         0.015         0.091         0.013


           Model Estimated Means
              I11           I12           I13           I14           I15
              ________      ________      ________      ________      ________
               -0.007         0.055         0.029        -0.012         0.041


           Residuals for Means
              I1            I2            I3            I4            I5
              ________      ________      ________      ________      ________
                0.000         0.000         0.000         0.000         0.000


           Residuals for Means
              I6            I7            I8            I9            I10
              ________      ________      ________      ________      ________
                0.000         0.000         0.000         0.000         0.000


           Residuals for Means
              I11           I12           I13           I14           I15
              ________      ________      ________      ________      ________
                0.000         0.000         0.000         0.000         0.000


           Standardized Residuals (z-scores) for Means
              I1            I2            I3            I4            I5
              ________      ________      ________      ________      ________
                0.000         0.000         0.000         0.000         0.000


           Standardized Residuals (z-scores) for Means
              I6            I7            I8            I9            I10
              ________      ________      ________      ________      ________
                0.000         0.000         0.000         0.000         0.000


           Standardized Residuals (z-scores) for Means
              I11           I12           I13           I14           I15
              ________      ________      ________      ________      ________
                0.000         0.000         0.000         0.000         0.000


           Normalized Residuals for Means
              I1            I2            I3            I4            I5
              ________      ________      ________      ________      ________
                0.000         0.000         0.000         0.000         0.000


           Normalized Residuals for Means
              I6            I7            I8            I9            I10
              ________      ________      ________      ________      ________
                0.000         0.000         0.000         0.000         0.000


           Normalized Residuals for Means
              I11           I12           I13           I14           I15
              ________      ________      ________      ________      ________
                0.000         0.000         0.000         0.000         0.000


           Model Estimated Covariances
              I1            I2            I3            I4            I5
              ________      ________      ________      ________      ________
 I1             0.983
 I2             0.498         1.016
 I3             0.512         0.527         0.993
 I4             0.547         0.567         0.578         1.108
 I5             0.466         0.482         0.493         0.530         0.926
 I6             0.192         0.173         0.218         0.181         0.172
 I7             0.194         0.172         0.222         0.178         0.172
 I8             0.186         0.165         0.213         0.171         0.165
 I9             0.186         0.166         0.213         0.173         0.166
 I10            0.180         0.158         0.207         0.163         0.159
 I11            0.185         0.178         0.211         0.183         0.168
 I12            0.179         0.171         0.204         0.176         0.162
 I13            0.209         0.200         0.238         0.205         0.189
 I14            0.200         0.189         0.228         0.193         0.180
 I15            0.181         0.172         0.207         0.176         0.163


           Model Estimated Covariances
              I6            I7            I8            I9            I10
              ________      ________      ________      ________      ________
 I6             0.923
 I7             0.517         1.045
 I8             0.511         0.543         1.030
 I9             0.482         0.514         0.506         1.021
 I10            0.480         0.516         0.505         0.479         1.021
 I11            0.140         0.189         0.152         0.167         0.191
 I12            0.120         0.169         0.131         0.148         0.173
 I13            0.151         0.206         0.164         0.182         0.210
 I14            0.199         0.253         0.214         0.226         0.251
 I15            0.136         0.188         0.149         0.165         0.191


           Model Estimated Covariances
              I11           I12           I13           I14           I15
              ________      ________      ________      ________      ________
 I11            0.910
 I12            0.436         0.984
 I13            0.492         0.505         1.038
 I14            0.453         0.462         0.523         0.970
 I15            0.449         0.461         0.520         0.478         0.930


           Model Estimated Correlations
              I1            I2            I3            I4            I5
              ________      ________      ________      ________      ________
 I1             1.000
 I2             0.498         1.000
 I3             0.518         0.525         1.000
 I4             0.524         0.535         0.551         1.000
 I5             0.488         0.496         0.514         0.523         1.000
 I6             0.202         0.179         0.228         0.179         0.186
 I7             0.191         0.167         0.218         0.165         0.175
 I8             0.185         0.161         0.211         0.160         0.169
 I9             0.186         0.163         0.211         0.163         0.171
 I10            0.179         0.156         0.205         0.154         0.163
 I11            0.196         0.185         0.222         0.182         0.183
 I12            0.182         0.172         0.206         0.168         0.170
 I13            0.207         0.195         0.234         0.191         0.193
 I14            0.204         0.190         0.233         0.186         0.190
 I15            0.189         0.177         0.215         0.173         0.176


           Model Estimated Correlations
              I6            I7            I8            I9            I10
              ________      ________      ________      ________      ________
 I6             1.000
 I7             0.526         1.000
 I8             0.525         0.523         1.000
 I9             0.496         0.497         0.493         1.000
 I10            0.495         0.499         0.493         0.469         1.000
 I11            0.153         0.193         0.157         0.173         0.198
 I12            0.126         0.167         0.130         0.148         0.173
 I13            0.154         0.198         0.158         0.177         0.204
 I14            0.211         0.251         0.214         0.227         0.253
 I15            0.147         0.191         0.152         0.169         0.196


           Model Estimated Correlations
              I11           I12           I13           I14           I15
              ________      ________      ________      ________      ________
 I11            1.000
 I12            0.460         1.000
 I13            0.506         0.500         1.000
 I14            0.482         0.473         0.521         1.000
 I15            0.488         0.482         0.529         0.503         1.000


           Residuals for Covariances
              I1            I2            I3            I4            I5
              ________      ________      ________      ________      ________
 I1             0.000
 I2            -0.004         0.000
 I3             0.007        -0.015         0.000
 I4             0.004        -0.003         0.009         0.000
 I5            -0.009         0.024        -0.002        -0.011         0.000
 I6             0.000         0.007        -0.016        -0.006         0.019
 I7            -0.019         0.015         0.001        -0.005         0.007
 I8            -0.010        -0.008         0.015         0.010        -0.011
 I9             0.012         0.000         0.017        -0.004        -0.027
 I10            0.020        -0.017        -0.014         0.006         0.008
 I11            0.014        -0.004         0.010         0.016        -0.041
 I12           -0.014        -0.034         0.003         0.007         0.039
 I13            0.002         0.030        -0.016        -0.013         0.001
 I14            0.014        -0.009        -0.013        -0.006         0.016
 I15           -0.018         0.011         0.019        -0.002        -0.013


           Residuals for Covariances
              I6            I7            I8            I9            I10
              ________      ________      ________      ________      ________
 I6             0.000
 I7             0.019         0.000
 I8             0.002        -0.029         0.000
 I9            -0.004        -0.018         0.030         0.000
 I10           -0.025         0.029         0.006        -0.010         0.000
 I11            0.000        -0.015        -0.009         0.028        -0.006
 I12           -0.033         0.029         0.008         0.010        -0.010
 I13           -0.011         0.007         0.012        -0.011         0.005
 I14            0.025         0.006        -0.024        -0.012         0.001
 I15            0.018        -0.024         0.010        -0.009         0.005


           Residuals for Covariances
              I11           I12           I13           I14           I15
              ________      ________      ________      ________      ________
 I11            0.000
 I12           -0.016         0.000
 I13            0.001         0.003         0.000
 I14            0.033        -0.017        -0.008         0.000
 I15           -0.018         0.024         0.003        -0.006         0.000


           Residuals for Correlations
              I1            I2            I3            I4            I5
              ________      ________      ________      ________      ________
 I1             0.000
 I2            -0.004         0.000
 I3             0.007        -0.015         0.000
 I4             0.004        -0.003         0.009         0.000
 I5            -0.010         0.024        -0.002        -0.011         0.000
 I6             0.000         0.007        -0.017        -0.006         0.020
 I7            -0.019         0.015         0.001        -0.004         0.007
 I8            -0.010        -0.007         0.015         0.009        -0.012
 I9             0.012         0.000         0.017        -0.003        -0.028
 I10            0.020        -0.016        -0.014         0.005         0.008
 I11            0.015        -0.004         0.010         0.016        -0.044
 I12           -0.014        -0.034         0.003         0.006         0.041
 I13            0.002         0.029        -0.016        -0.012         0.001
 I14            0.014        -0.009        -0.014        -0.006         0.017
 I15           -0.019         0.012         0.020        -0.002        -0.014


           Residuals for Correlations
              I6            I7            I8            I9            I10
              ________      ________      ________      ________      ________
 I6             0.000
 I7             0.020         0.000
 I8             0.002        -0.028         0.000
 I9            -0.004        -0.017         0.030         0.000
 I10           -0.025         0.028         0.006        -0.010         0.000
 I11            0.000        -0.015        -0.009         0.029        -0.007
 I12           -0.034         0.028         0.008         0.010        -0.010
 I13           -0.011         0.006         0.012        -0.010         0.005
 I14            0.026         0.006        -0.024        -0.013         0.001
 I15            0.019        -0.025         0.010        -0.009         0.005


           Residuals for Correlations
              I11           I12           I13           I14           I15
              ________      ________      ________      ________      ________
 I11            0.000
 I12           -0.017         0.000
 I13            0.001         0.003         0.000
 I14            0.036        -0.017        -0.008         0.000
 I15           -0.020         0.025         0.003        -0.007         0.000


           Standardized Residuals (z-scores) for Covariances
              I1            I2            I3            I4            I5
              ________      ________      ________      ________      ________
 I1             0.000
 I2            -0.243         0.000
 I3             0.484        -1.144         0.000
 I4             0.377        -0.258         0.725         0.000
 I5            -0.569         1.940        -0.134        -0.885         0.000
 I6             0.031         0.507        -1.097        -0.408         2.228
 I7            -1.259         1.330         0.057        -0.270         0.484
 I8            -0.592        -0.405         1.068         1.346        -0.761
 I9             0.774        -0.018         1.150        -0.275        -1.524
 I10            1.087        -1.128        -0.742         0.388         0.419
 I11            0.712        -0.252         0.819         1.221        -2.685
 I12           -0.677        -1.745         0.225         0.468         2.445
 I13            0.119         1.862        -0.936        -0.990         0.107
 I14            0.655        -0.612        -1.204        -0.396         0.987
 I15           -1.948         0.889         1.147        -0.110        -0.885


           Standardized Residuals (z-scores) for Covariances
              I6            I7            I8            I9            I10
              ________      ________      ________      ________      ________
 I6             0.066
 I7             1.795         0.051
 I8             0.121        -1.791         0.055
 I9            -0.343        -1.147         1.980         0.046
 I10           -1.773         2.408         0.560        -0.567         0.041
 I11            0.004        -0.996        -0.477         1.579        -0.367
 I12           -2.148         2.023         0.507         0.564        -0.615
 I13           -0.844         0.507         0.832        -0.574         0.362
 I14            1.735         0.425        -1.608        -0.951         0.049
 I15            1.251        -1.280         0.686        -0.550         0.312


           Standardized Residuals (z-scores) for Covariances
              I11           I12           I13           I14           I15
              ________      ________      ________      ________      ________
 I11          999.000
 I12           -1.024       999.000
 I13            0.098         0.291       999.000
 I14            2.535        -1.083        -0.620       999.000
 I15           -1.239         2.323         0.224        -0.477       999.000


           Normalized Residuals for Covariances
              I1            I2            I3            I4            I5
              ________      ________      ________      ________      ________
 I1             0.000
 I2            -0.079         0.000
 I3             0.147        -0.318         0.000
 I4             0.096        -0.066         0.183         0.000
 I5            -0.214         0.516        -0.039        -0.248         0.000
 I6             0.012         0.172        -0.423        -0.153         0.549
 I7            -0.455         0.378         0.022        -0.105         0.179
 I8            -0.236        -0.175         0.375         0.246        -0.304
 I9             0.280        -0.007         0.431        -0.089        -0.683
 I10            0.473        -0.405        -0.330         0.136         0.202
 I11            0.348        -0.105         0.253         0.409        -1.092
 I12           -0.315        -0.763         0.070         0.148         0.947
 I13            0.040         0.652        -0.348        -0.273         0.034
 I14            0.316        -0.228        -0.354        -0.141         0.426
 I15           -0.500         0.284         0.441        -0.046        -0.339


           Normalized Residuals for Covariances
              I6            I7            I8            I9            I10
              ________      ________      ________      ________      ________
 I6             0.001
 I7             0.449         0.000
 I8             0.036        -0.635         0.001
 I9            -0.105        -0.393         0.647         0.000
 I10           -0.607         0.618         0.133        -0.222         0.000
 I11            0.002        -0.379        -0.212         0.708        -0.162
 I12           -0.810         0.663         0.193         0.238        -0.233
 I13           -0.277         0.154         0.281        -0.241         0.122
 I14            0.652         0.141        -0.596        -0.330         0.021
 I15            0.489        -0.578         0.246        -0.228         0.130


           Normalized Residuals for Covariances
              I11           I12           I13           I14           I15
              ________      ________      ________      ________      ________
 I11            0.000
 I12           -0.413         0.000
 I13            0.034         0.064        -0.001
 I14            0.826        -0.378        -0.176         0.000
 I15           -0.469         0.544         0.065        -0.150         0.000


MODEL MODIFICATION INDICES

NOTE:  Modification indices for direct effects of observed dependent variables
regressed on covariates may not be included.  To include these, request
MODINDICES (ALL).

Minimum M.I. value for printing the modification index     3.000

                                   M.I.     E.P.C.  Std E.P.C.  StdYX E.P.C.

BY Statements

F3       BY I1                   999.000     0.000      0.000        0.000
F3       BY I2                   999.000     0.000      0.000        0.000

WITH Statements

I8       WITH I7                   4.664    -0.064     -0.064       -0.131
I9       WITH I8                   4.065     0.059      0.059        0.114
I10      WITH I6                   3.048    -0.048     -0.048       -0.099
I10      WITH I7                   3.633     0.055      0.055        0.107
I11      WITH I5                   6.324    -0.059     -0.059       -0.124
I12      WITH I2                   3.926    -0.051     -0.051       -0.099
I12      WITH I5                   5.359     0.058      0.058        0.114
I12      WITH I6                   4.317    -0.051     -0.051       -0.106
I13      WITH I2                   3.705     0.049      0.049        0.100
I14      WITH I11                  5.234     0.060      0.060        0.125


TECHNICAL 2 OUTPUT


     DERIVATIVES


           Derivatives With Respect to NU
              I1            I2            I3            I4            I5
              ________      ________      ________      ________      ________
                0.000         0.000         0.000         0.000         0.000


           Derivatives With Respect to NU
              I6            I7            I8            I9            I10
              ________      ________      ________      ________      ________
                0.000         0.000         0.000         0.000         0.000


           Derivatives With Respect to NU
              I11           I12           I13           I14           I15
              ________      ________      ________      ________      ________
                0.000         0.000         0.000         0.000         0.000


           Derivatives With Respect to LAMBDA
              F1            F2            F3
              ________      ________      ________
 I1             0.000         0.000         0.001
 I2             0.000         0.000        -0.001
 I3             0.000         0.000         0.000
 I4             0.000         0.000         0.000
 I5             0.000         0.000         0.000
 I6             0.000         0.000         0.000
 I7             0.000         0.000         0.000
 I8             0.000         0.000         0.000
 I9             0.000         0.000         0.000
 I10            0.000         0.000         0.000
 I11            0.000         0.000         0.000
 I12            0.000         0.000         0.000
 I13            0.000         0.000         0.000
 I14            0.000         0.000         0.000
 I15            0.000         0.000         0.000


           Derivatives With Respect to THETA
              I1            I2            I3            I4            I5
              ________      ________      ________      ________      ________
 I1             0.000
 I2             0.015         0.000
 I3            -0.030         0.067         0.000
 I4            -0.019         0.014        -0.044         0.000
 I5             0.038        -0.100         0.008         0.049         0.000
 I6            -0.001        -0.031         0.083         0.030        -0.090
 I7             0.079        -0.063        -0.004         0.020        -0.030
 I8             0.041         0.030        -0.068        -0.040         0.049
 I9            -0.042         0.001        -0.071         0.014         0.104
 I10           -0.075         0.061         0.057        -0.021        -0.032
 I11           -0.061         0.018        -0.044        -0.070         0.175
 I12            0.051         0.127        -0.012        -0.025        -0.153
 I13           -0.009        -0.126         0.077         0.056        -0.006
 I14           -0.057         0.038         0.062         0.025        -0.071
 I15            0.080        -0.048        -0.092         0.009         0.061


           Derivatives With Respect to THETA
              I6            I7            I8            I9            I10
              ________      ________      ________      ________      ________
 I6             0.000
 I7            -0.090         0.000
 I8            -0.007         0.119         0.000
 I9             0.018         0.067        -0.113         0.000
 I10            0.105        -0.109        -0.022         0.034         0.000
 I11            0.000         0.063         0.036        -0.105         0.024
 I12            0.140        -0.108        -0.031        -0.036         0.034
 I13            0.055        -0.029        -0.052         0.042        -0.021
 I14           -0.119        -0.024         0.100         0.048        -0.003
 I15           -0.091         0.109        -0.043         0.036        -0.021


           Derivatives With Respect to THETA
              I11           I12           I13           I14           I15
              ________      ________      ________      ________      ________
 I11            0.000
 I12            0.063         0.000
 I13           -0.006        -0.012         0.000
 I14           -0.143         0.064         0.034         0.000
 I15            0.082        -0.098        -0.014         0.028         0.000


           Derivatives With Respect to ALPHA
              F1            F2            F3
              ________      ________      ________
                0.000         0.000         0.000


           Derivatives With Respect to BETA
              F1            F2            F3
              ________      ________      ________
 F1             0.000         0.000         0.000
 F2             0.000         0.000         0.000
 F3             0.000         0.000         0.000


           Derivatives With Respect to PSI
              F1            F2            F3
              ________      ________      ________
 F1             0.000
 F2             0.000         0.000
 F3             0.000         0.000         0.000


TECHNICAL 4 OUTPUT


     ESTIMATES DERIVED FROM THE MODEL


           ESTIMATED MEANS FOR THE LATENT VARIABLES
              F1            F2            F3
              ________      ________      ________
                0.000         0.000         0.000


           S.E. FOR ESTIMATED MEANS FOR THE LATENT VARIABLES
              F1            F2            F3
              ________      ________      ________
                0.000         0.000         0.000


           EST./S.E. FOR ESTIMATED MEANS FOR THE LATENT VARIABLES
              F1            F2            F3
              ________      ________      ________
                0.000         0.000         0.000


           TWO-TAILED P-VALUE FOR ESTIMATED MEANS FOR THE LATENT VARIABLES
              F1            F2            F3
              ________      ________      ________
                1.000         1.000         1.000


           ESTIMATED COVARIANCE MATRIX FOR THE LATENT VARIABLES
              F1            F2            F3
              ________      ________      ________
 F1             1.000
 F2             0.204         1.000
 F3             0.222         0.209         1.000


           S.E. FOR ESTIMATED COVARIANCE MATRIX FOR THE LATENT VARIABLES
              F1            F2            F3
              ________      ________      ________
 F1             0.000
 F2             0.028         0.000
 F3             0.029         0.029         0.000


           EST./S.E. FOR ESTIMATED COVARIANCE MATRIX FOR THE LATENT VARIABLES
              F1            F2            F3
              ________      ________      ________
 F1       ***********
 F2             7.343   ***********
 F3             7.671         7.281   ***********


           TWO-TAILED P-VALUE FOR ESTIMATED COVARIANCE MATRIX FOR THE LATENT VARIABLES
              F1            F2            F3
              ________      ________      ________
 F1             0.000
 F2             0.000         0.000
 F3             0.000         0.000         0.000


           ESTIMATED CORRELATION MATRIX FOR THE LATENT VARIABLES
              F1            F2            F3
              ________      ________      ________
 F1             1.000
 F2             0.204         1.000
 F3             0.222         0.209         1.000


           S.E. FOR ESTIMATED CORRELATION MATRIX FOR THE LATENT VARIABLES
              F1            F2            F3
              ________      ________      ________
 F1             0.000
 F2             0.028         0.000
 F3             0.029         0.029         0.000


           EST./S.E. FOR ESTIMATED CORRELATION MATRIX FOR THE LATENT VARIABLES
              F1            F2            F3
              ________      ________      ________
 F1           999.000
 F2             7.343       999.000
 F3             7.671         7.281       999.000


           TWO-TAILED P-VALUE FOR ESTIMATED CORRELATION MATRIX FOR THE LATENT VARIABLES
              F1            F2            F3
              ________      ________      ________
 F1             0.000
 F2             0.000         0.000
 F3             0.000         0.000         0.000


     Beginning Time:  19:34:49
        Ending Time:  19:34:50
       Elapsed Time:  00:00:01



MUTHEN & MUTHEN
3463 Stoner Ave.
Los Angeles, CA  90066

Tel: (310) 391-9971
Fax: (310) 391-8971
Web: www.StatModel.com
Support: Support@StatModel.com

Copyright (c) 1998-2019 Muthen & Muthen
