Mplus VERSION 8.3
MUTHEN & MUTHEN
06/30/2026   7:34 PM

INPUT INSTRUCTIONS

  TITLE:
  Bifactor-CFA - 3 specific factors
  DATA:
  FILE = "data.dat";
  VARIABLE:
  NAMES ARE i1 i2 i3 i4 i5 i6 i7 i8 i9 i10 i11 i12 i13 i14 i15 gender;
  USEVARIABLES ARE i1 i2 i3 i4 i5 i6 i7 i8 i9 i10 i11 i12 i13 i14 i15;
  ANALYSIS:
  ESTIMATOR IS MLR;
  MODEL:
  G BY i1* i2 i3 i4 i5 i6 i7 i8 i9 i10 i11 i12 i13 i14 i15;
  F1 BY i1* i2 i3 i4 i5;
  F2 BY i6* i7 i8 i9 i10;
  F3 BY i11* i12 i13 i14 i15;
  G@1;
  F1-F3@1;
  G WITH F1@0 F2@0 F3@0;
  F1 WITH F2@0 F3@0;
  F2 WITH F3@0;
  OUTPUT:
  SAMPSTAT STANDARDIZED RESIDUAL CINTERVAL MODINDICES (3.0) TECH2 TECH4;



INPUT READING TERMINATED NORMALLY




Bifactor-CFA - 3 specific factors

SUMMARY OF ANALYSIS

Number of groups                                                 1
Number of observations                                         600

Number of dependent variables                                   15
Number of independent variables                                  0
Number of continuous latent variables                            4

Observed dependent variables

  Continuous
   I1          I2          I3          I4          I5          I6
   I7          I8          I9          I10         I11         I12
   I13         I14         I15

Continuous latent variables
   G           F1          F2          F3


Estimator                                                      MLR
Information matrix                                        OBSERVED
Maximum number of iterations                                  1000
Convergence criterion                                    0.500D-04
Maximum number of steepest descent iterations                   20

Input data file(s)
  data.dat

Input data format  FREE


SAMPLE STATISTICS


     SAMPLE STATISTICS


           Means
              I1            I2            I3            I4            I5
              ________      ________      ________      ________      ________
                0.041         0.053        -0.002         0.048         0.065


           Means
              I6            I7            I8            I9            I10
              ________      ________      ________      ________      ________
                0.046         0.032         0.015         0.091         0.013


           Means
              I11           I12           I13           I14           I15
              ________      ________      ________      ________      ________
               -0.007         0.055         0.029        -0.012         0.041


           Covariances
              I1            I2            I3            I4            I5
              ________      ________      ________      ________      ________
 I1             0.983
 I2             0.494         1.016
 I3             0.519         0.512         0.993
 I4             0.551         0.564         0.587         1.108
 I5             0.456         0.505         0.491         0.518         0.926
 I6             0.193         0.179         0.202         0.175         0.191
 I7             0.175         0.187         0.223         0.173         0.179
 I8             0.176         0.157         0.228         0.181         0.154
 I9             0.198         0.166         0.230         0.169         0.139
 I10            0.200         0.142         0.193         0.169         0.167
 I11            0.200         0.174         0.221         0.199         0.128
 I12            0.165         0.138         0.207         0.182         0.201
 I13            0.210         0.230         0.222         0.193         0.191
 I14            0.213         0.180         0.215         0.187         0.196
 I15            0.162         0.184         0.226         0.174         0.150


           Covariances
              I6            I7            I8            I9            I10
              ________      ________      ________      ________      ________
 I6             0.923
 I7             0.536         1.045
 I8             0.513         0.514         1.030
 I9             0.477         0.496         0.536         1.021
 I10            0.456         0.545         0.511         0.469         1.021
 I11            0.140         0.174         0.143         0.195         0.185
 I12            0.087         0.198         0.139         0.158         0.164
 I13            0.140         0.213         0.176         0.171         0.215
 I14            0.224         0.259         0.191         0.214         0.252
 I15            0.154         0.163         0.158         0.156         0.197


           Covariances
              I11           I12           I13           I14           I15
              ________      ________      ________      ________      ________
 I11            0.910
 I12            0.419         0.984
 I13            0.493         0.508         1.038
 I14            0.486         0.445         0.515         0.970
 I15            0.431         0.485         0.523         0.471         0.930


           Correlations
              I1            I2            I3            I4            I5
              ________      ________      ________      ________      ________
 I1             1.000
 I2             0.495         1.000
 I3             0.525         0.510         1.000
 I4             0.528         0.532         0.560         1.000
 I5             0.478         0.521         0.512         0.511         1.000
 I6             0.202         0.185         0.211         0.173         0.207
 I7             0.172         0.181         0.219         0.161         0.182
 I8             0.175         0.154         0.226         0.169         0.158
 I9             0.198         0.163         0.229         0.159         0.143
 I10            0.200         0.139         0.192         0.159         0.172
 I11            0.211         0.181         0.232         0.198         0.139
 I12            0.167         0.138         0.209         0.174         0.211
 I13            0.208         0.224         0.218         0.180         0.194
 I14            0.218         0.181         0.219         0.181         0.207
 I15            0.170         0.189         0.235         0.171         0.162


           Correlations
              I6            I7            I8            I9            I10
              ________      ________      ________      ________      ________
 I6             1.000
 I7             0.546         1.000
 I8             0.526         0.495         1.000
 I9             0.492         0.480         0.523         1.000
 I10            0.470         0.527         0.499         0.459         1.000
 I11            0.153         0.178         0.148         0.202         0.191
 I12            0.092         0.195         0.138         0.158         0.163
 I13            0.143         0.205         0.170         0.166         0.209
 I14            0.237         0.257         0.191         0.215         0.253
 I15            0.167         0.166         0.162         0.160         0.202


           Correlations
              I11           I12           I13           I14           I15
              ________      ________      ________      ________      ________
 I11            1.000
 I12            0.443         1.000
 I13            0.507         0.503         1.000
 I14            0.517         0.456         0.513         1.000
 I15            0.468         0.507         0.532         0.496         1.000


UNIVARIATE SAMPLE STATISTICS


     UNIVARIATE HIGHER-ORDER MOMENT DESCRIPTIVE STATISTICS

         Variable/         Mean/     Skewness/   Minimum/ % with                Percentiles
        Sample Size      Variance    Kurtosis    Maximum  Min/Max      20%/60%    40%/80%    Median

     I1                    0.041      -0.135      -3.783    0.17%      -0.799     -0.197      0.051
             600.000       0.983       0.070       2.688    0.17%       0.333      0.851
     I2                    0.053      -0.085      -3.115    0.17%      -0.734     -0.173      0.034
             600.000       1.016       0.116       3.862    0.17%       0.270      0.913
     I3                   -0.002      -0.086      -3.431    0.17%      -0.840     -0.211      0.013
             600.000       0.993       0.197       3.001    0.17%       0.220      0.851
     I4                    0.048      -0.062      -2.976    0.17%      -0.819     -0.220      0.032
             600.000       1.108      -0.138       3.173    0.17%       0.278      0.932
     I5                    0.065      -0.073      -2.718    0.17%      -0.744     -0.154      0.080
             600.000       0.926      -0.016       2.978    0.17%       0.292      0.890
     I6                    0.046      -0.033      -3.107    0.17%      -0.769     -0.199      0.045
             600.000       0.923      -0.172       2.895    0.17%       0.312      0.836
     I7                    0.032       0.039      -3.145    0.17%      -0.834     -0.253      0.028
             600.000       1.045       0.100       3.136    0.17%       0.245      0.927
     I8                    0.015       0.081      -2.721    0.17%      -0.831     -0.230      0.042
             600.000       1.030      -0.014       3.760    0.17%       0.290      0.794
     I9                    0.091       0.137      -2.895    0.17%      -0.781     -0.199      0.072
             600.000       1.021      -0.074       3.315    0.17%       0.302      0.931
     I10                   0.013       0.070      -2.956    0.17%      -0.857     -0.283     -0.019
             600.000       1.021      -0.109       3.206    0.17%       0.256      0.823
     I11                  -0.007       0.116      -2.434    0.17%      -0.858     -0.298     -0.027
             600.000       0.910      -0.322       2.813    0.17%       0.247      0.810
     I12                   0.055      -0.115      -3.312    0.17%      -0.771     -0.139      0.088
             600.000       0.984      -0.055       2.783    0.17%       0.291      0.845
     I13                   0.029       0.035      -2.882    0.17%      -0.913     -0.220      0.080
             600.000       1.038      -0.256       2.811    0.17%       0.328      0.875
     I14                  -0.012      -0.104      -2.979    0.17%      -0.839     -0.201      0.014
             600.000       0.970      -0.207       2.787    0.17%       0.217      0.790
     I15                   0.041      -0.097      -3.663    0.17%      -0.760     -0.199      0.050
             600.000       0.930       0.084       2.934    0.17%       0.307      0.842


THE MODEL ESTIMATION TERMINATED NORMALLY



MODEL FIT INFORMATION

Number of Free Parameters                       60

Loglikelihood

          H0 Value                      -11110.716
          H0 Scaling Correction Factor      0.9984
            for MLR
          H1 Value                      -11073.122
          H1 Scaling Correction Factor      0.9902
            for MLR

Information Criteria

          Akaike (AIC)                   22341.433
          Bayesian (BIC)                 22605.249
          Sample-Size Adjusted BIC       22414.765
            (n* = (n + 2) / 24)

Chi-Square Test of Model Fit

          Value                             76.433*
          Degrees of Freedom                    75
          P-Value                           0.4322
          Scaling Correction Factor         0.9837
            for MLR

*   The chi-square value for MLM, MLMV, MLR, ULSMV, WLSM and WLSMV cannot be used
    for chi-square difference testing in the regular way.  MLM, MLR and WLSM
    chi-square difference testing is described on the Mplus website.  MLMV, WLSMV,
    and ULSMV difference testing is done using the DIFFTEST option.

RMSEA (Root Mean Square Error Of Approximation)

          Estimate                           0.006
          90 Percent C.I.                    0.000  0.024
          Probability RMSEA <= .05           1.000

CFI/TLI

          CFI                                1.000
          TLI                                0.999

Chi-Square Test of Model Fit for the Baseline Model

          Value                           3349.830
          Degrees of Freedom                   105
          P-Value                           0.0000

SRMR (Standardized Root Mean Square Residual)

          Value                              0.018



MODEL RESULTS

                                                    Two-Tailed
                    Estimate       S.E.  Est./S.E.    P-Value

 G        BY
    I1                 0.435      0.059      7.343      0.000
    I2                 0.389      0.060      6.430      0.000
    I3                 0.480      0.059      8.192      0.000
    I4                 0.407      0.062      6.538      0.000
    I5                 0.379      0.057      6.634      0.000
    I6                 0.401      0.056      7.208      0.000
    I7                 0.463      0.059      7.786      0.000
    I8                 0.397      0.060      6.641      0.000
    I9                 0.423      0.059      7.147      0.000
    I10                0.450      0.059      7.648      0.000
    I11                0.433      0.066      6.608      0.000
    I12                0.382      0.068      5.650      0.000
    I13                0.458      0.068      6.718      0.000
    I14                0.514      0.065      7.929      0.000
    I15                0.403      0.060      6.703      0.000

 F1       BY
    I1                 0.543      0.046     11.711      0.000
    I2                 0.604      0.050     12.105      0.000
    I3                 0.562      0.055     10.142      0.000
    I4                 0.679      0.052     13.164      0.000
    I5                 0.553      0.047     11.677      0.000

 F2       BY
    I6                 0.567      0.048     11.843      0.000
    I7                 0.580      0.058      9.934      0.000
    I8                 0.621      0.050     12.356      0.000
    I9                 0.548      0.050     10.934      0.000
    I10                0.528      0.055      9.521      0.000

 F3       BY
    I11                0.486      0.061      7.904      0.000
    I12                0.552      0.054     10.294      0.000
    I13                0.599      0.052     11.414      0.000
    I14                0.479      0.062      7.719      0.000
    I15                0.563      0.051     11.089      0.000

 G        WITH
    F1                 0.000      0.000    999.000    999.000
    F2                 0.000      0.000    999.000    999.000
    F3                 0.000      0.000    999.000    999.000

 F1       WITH
    F2                 0.000      0.000    999.000    999.000
    F3                 0.000      0.000    999.000    999.000

 F2       WITH
    F3                 0.000      0.000    999.000    999.000

 Intercepts
    I1                 0.041      0.040      1.012      0.311
    I2                 0.053      0.041      1.277      0.201
    I3                -0.002      0.041     -0.055      0.956
    I4                 0.048      0.043      1.126      0.260
    I5                 0.065      0.039      1.650      0.099
    I6                 0.046      0.039      1.162      0.245
    I7                 0.032      0.042      0.762      0.446
    I8                 0.015      0.041      0.354      0.724
    I9                 0.091      0.041      2.208      0.027
    I10                0.013      0.041      0.323      0.747
    I11               -0.007      0.039     -0.171      0.865
    I12                0.055      0.041      1.368      0.171
    I13                0.029      0.042      0.708      0.479
    I14               -0.012      0.040     -0.301      0.764
    I15                0.041      0.039      1.036      0.300

 Variances
    G                  1.000      0.000    999.000    999.000
    F1                 1.000      0.000    999.000    999.000
    F2                 1.000      0.000    999.000    999.000
    F3                 1.000      0.000    999.000    999.000

 Residual Variances
    I1                 0.499      0.035     14.144      0.000
    I2                 0.500      0.036     13.807      0.000
    I3                 0.446      0.033     13.625      0.000
    I4                 0.481      0.037     13.081      0.000
    I5                 0.476      0.035     13.581      0.000
    I6                 0.440      0.031     14.017      0.000
    I7                 0.494      0.036     13.524      0.000
    I8                 0.487      0.041     11.952      0.000
    I9                 0.542      0.038     14.159      0.000
    I10                0.540      0.032     16.730      0.000
    I11                0.487      0.033     14.752      0.000
    I12                0.534      0.035     15.359      0.000
    I13                0.469      0.038     12.235      0.000
    I14                0.477      0.035     13.599      0.000
    I15                0.450      0.034     13.388      0.000


STANDARDIZED MODEL RESULTS


STDYX Standardization

                                                    Two-Tailed
                    Estimate       S.E.  Est./S.E.    P-Value

 G        BY
    I1                 0.438      0.055      7.901      0.000
    I2                 0.386      0.057      6.760      0.000
    I3                 0.482      0.056      8.568      0.000
    I4                 0.386      0.056      6.869      0.000
    I5                 0.394      0.056      6.971      0.000
    I6                 0.417      0.056      7.460      0.000
    I7                 0.453      0.056      8.142      0.000
    I8                 0.391      0.056      6.967      0.000
    I9                 0.418      0.055      7.620      0.000
    I10                0.445      0.055      8.029      0.000
    I11                0.454      0.066      6.916      0.000
    I12                0.385      0.064      5.991      0.000
    I13                0.450      0.062      7.215      0.000
    I14                0.522      0.061      8.490      0.000
    I15                0.418      0.059      7.081      0.000

 F1       BY
    I1                 0.548      0.043     12.611      0.000
    I2                 0.599      0.043     13.908      0.000
    I3                 0.564      0.050     11.365      0.000
    I4                 0.645      0.043     14.873      0.000
    I5                 0.575      0.045     12.886      0.000

 F2       BY
    I6                 0.591      0.045     13.262      0.000
    I7                 0.568      0.051     11.033      0.000
    I8                 0.612      0.045     13.714      0.000
    I9                 0.543      0.046     11.682      0.000
    I10                0.523      0.050     10.461      0.000

 F3       BY
    I11                0.509      0.063      8.110      0.000
    I12                0.556      0.051     10.993      0.000
    I13                0.588      0.050     11.776      0.000
    I14                0.486      0.061      7.937      0.000
    I15                0.584      0.048     12.145      0.000

 G        WITH
    F1                 0.000      0.000    999.000    999.000
    F2                 0.000      0.000    999.000    999.000
    F3                 0.000      0.000    999.000    999.000

 F1       WITH
    F2                 0.000      0.000    999.000    999.000
    F3                 0.000      0.000    999.000    999.000

 F2       WITH
    F3                 0.000      0.000    999.000    999.000

 Intercepts
    I1                 0.041      0.041      1.009      0.313
    I2                 0.052      0.041      1.274      0.203
    I3                -0.002      0.041     -0.055      0.956
    I4                 0.046      0.041      1.124      0.261
    I5                 0.067      0.041      1.644      0.100
    I6                 0.047      0.041      1.160      0.246
    I7                 0.031      0.041      0.763      0.446
    I8                 0.014      0.041      0.354      0.723
    I9                 0.090      0.041      2.218      0.027
    I10                0.013      0.041      0.323      0.747
    I11               -0.007      0.041     -0.171      0.865
    I12                0.056      0.041      1.363      0.173
    I13                0.029      0.041      0.708      0.479
    I14               -0.012      0.041     -0.301      0.763
    I15                0.042      0.041      1.034      0.301

 Variances
    G                  1.000      0.000    999.000    999.000
    F1                 1.000      0.000    999.000    999.000
    F2                 1.000      0.000    999.000    999.000
    F3                 1.000      0.000    999.000    999.000

 Residual Variances
    I1                 0.508      0.034     15.081      0.000
    I2                 0.492      0.037     13.246      0.000
    I3                 0.449      0.033     13.489      0.000
    I4                 0.434      0.035     12.381      0.000
    I5                 0.514      0.036     14.212      0.000
    I6                 0.477      0.033     14.442      0.000
    I7                 0.472      0.036     13.193      0.000
    I8                 0.473      0.038     12.323      0.000
    I9                 0.531      0.035     15.186      0.000
    I10                0.529      0.033     16.011      0.000
    I11                0.535      0.034     15.801      0.000
    I12                0.543      0.037     14.590      0.000
    I13                0.452      0.038     11.991      0.000
    I14                0.492      0.037     13.386      0.000
    I15                0.484      0.036     13.417      0.000


STDY Standardization

                                                    Two-Tailed
                    Estimate       S.E.  Est./S.E.    P-Value

 G        BY
    I1                 0.438      0.055      7.901      0.000
    I2                 0.386      0.057      6.760      0.000
    I3                 0.482      0.056      8.568      0.000
    I4                 0.386      0.056      6.869      0.000
    I5                 0.394      0.056      6.971      0.000
    I6                 0.417      0.056      7.460      0.000
    I7                 0.453      0.056      8.142      0.000
    I8                 0.391      0.056      6.967      0.000
    I9                 0.418      0.055      7.620      0.000
    I10                0.445      0.055      8.029      0.000
    I11                0.454      0.066      6.916      0.000
    I12                0.385      0.064      5.991      0.000
    I13                0.450      0.062      7.215      0.000
    I14                0.522      0.061      8.490      0.000
    I15                0.418      0.059      7.081      0.000

 F1       BY
    I1                 0.548      0.043     12.611      0.000
    I2                 0.599      0.043     13.908      0.000
    I3                 0.564      0.050     11.365      0.000
    I4                 0.645      0.043     14.873      0.000
    I5                 0.575      0.045     12.886      0.000

 F2       BY
    I6                 0.591      0.045     13.262      0.000
    I7                 0.568      0.051     11.033      0.000
    I8                 0.612      0.045     13.714      0.000
    I9                 0.543      0.046     11.682      0.000
    I10                0.523      0.050     10.461      0.000

 F3       BY
    I11                0.509      0.063      8.110      0.000
    I12                0.556      0.051     10.993      0.000
    I13                0.588      0.050     11.776      0.000
    I14                0.486      0.061      7.937      0.000
    I15                0.584      0.048     12.145      0.000

 G        WITH
    F1                 0.000      0.000    999.000    999.000
    F2                 0.000      0.000    999.000    999.000
    F3                 0.000      0.000    999.000    999.000

 F1       WITH
    F2                 0.000      0.000    999.000    999.000
    F3                 0.000      0.000    999.000    999.000

 F2       WITH
    F3                 0.000      0.000    999.000    999.000

 Intercepts
    I1                 0.041      0.041      1.009      0.313
    I2                 0.052      0.041      1.274      0.203
    I3                -0.002      0.041     -0.055      0.956
    I4                 0.046      0.041      1.124      0.261
    I5                 0.067      0.041      1.644      0.100
    I6                 0.047      0.041      1.160      0.246
    I7                 0.031      0.041      0.763      0.446
    I8                 0.014      0.041      0.354      0.723
    I9                 0.090      0.041      2.218      0.027
    I10                0.013      0.041      0.323      0.747
    I11               -0.007      0.041     -0.171      0.865
    I12                0.056      0.041      1.363      0.173
    I13                0.029      0.041      0.708      0.479
    I14               -0.012      0.041     -0.301      0.763
    I15                0.042      0.041      1.034      0.301

 Variances
    G                  1.000      0.000    999.000    999.000
    F1                 1.000      0.000    999.000    999.000
    F2                 1.000      0.000    999.000    999.000
    F3                 1.000      0.000    999.000    999.000

 Residual Variances
    I1                 0.508      0.034     15.081      0.000
    I2                 0.492      0.037     13.246      0.000
    I3                 0.449      0.033     13.489      0.000
    I4                 0.434      0.035     12.381      0.000
    I5                 0.514      0.036     14.212      0.000
    I6                 0.477      0.033     14.442      0.000
    I7                 0.472      0.036     13.193      0.000
    I8                 0.473      0.038     12.323      0.000
    I9                 0.531      0.035     15.186      0.000
    I10                0.529      0.033     16.011      0.000
    I11                0.535      0.034     15.801      0.000
    I12                0.543      0.037     14.590      0.000
    I13                0.452      0.038     11.991      0.000
    I14                0.492      0.037     13.386      0.000
    I15                0.484      0.036     13.417      0.000


STD Standardization

                                                    Two-Tailed
                    Estimate       S.E.  Est./S.E.    P-Value

 G        BY
    I1                 0.435      0.059      7.343      0.000
    I2                 0.389      0.060      6.430      0.000
    I3                 0.480      0.059      8.192      0.000
    I4                 0.407      0.062      6.538      0.000
    I5                 0.379      0.057      6.634      0.000
    I6                 0.401      0.056      7.208      0.000
    I7                 0.463      0.059      7.786      0.000
    I8                 0.397      0.060      6.641      0.000
    I9                 0.423      0.059      7.147      0.000
    I10                0.450      0.059      7.648      0.000
    I11                0.433      0.066      6.608      0.000
    I12                0.382      0.068      5.650      0.000
    I13                0.458      0.068      6.718      0.000
    I14                0.514      0.065      7.929      0.000
    I15                0.403      0.060      6.703      0.000

 F1       BY
    I1                 0.543      0.046     11.711      0.000
    I2                 0.604      0.050     12.105      0.000
    I3                 0.562      0.055     10.142      0.000
    I4                 0.679      0.052     13.164      0.000
    I5                 0.553      0.047     11.677      0.000

 F2       BY
    I6                 0.567      0.048     11.843      0.000
    I7                 0.580      0.058      9.934      0.000
    I8                 0.621      0.050     12.356      0.000
    I9                 0.548      0.050     10.934      0.000
    I10                0.528      0.055      9.521      0.000

 F3       BY
    I11                0.486      0.061      7.904      0.000
    I12                0.552      0.054     10.294      0.000
    I13                0.599      0.052     11.414      0.000
    I14                0.479      0.062      7.719      0.000
    I15                0.563      0.051     11.089      0.000

 G        WITH
    F1                 0.000      0.000    999.000    999.000
    F2                 0.000      0.000    999.000    999.000
    F3                 0.000      0.000    999.000    999.000

 F1       WITH
    F2                 0.000      0.000    999.000    999.000
    F3                 0.000      0.000    999.000    999.000

 F2       WITH
    F3                 0.000      0.000    999.000    999.000

 Intercepts
    I1                 0.041      0.040      1.012      0.311
    I2                 0.053      0.041      1.277      0.201
    I3                -0.002      0.041     -0.055      0.956
    I4                 0.048      0.043      1.126      0.260
    I5                 0.065      0.039      1.650      0.099
    I6                 0.046      0.039      1.162      0.245
    I7                 0.032      0.042      0.762      0.446
    I8                 0.015      0.041      0.354      0.724
    I9                 0.091      0.041      2.208      0.027
    I10                0.013      0.041      0.323      0.747
    I11               -0.007      0.039     -0.171      0.865
    I12                0.055      0.041      1.368      0.171
    I13                0.029      0.042      0.708      0.479
    I14               -0.012      0.040     -0.301      0.764
    I15                0.041      0.039      1.036      0.300

 Variances
    G                  1.000      0.000    999.000    999.000
    F1                 1.000      0.000    999.000    999.000
    F2                 1.000      0.000    999.000    999.000
    F3                 1.000      0.000    999.000    999.000

 Residual Variances
    I1                 0.499      0.035     14.144      0.000
    I2                 0.500      0.036     13.807      0.000
    I3                 0.446      0.033     13.625      0.000
    I4                 0.481      0.037     13.081      0.000
    I5                 0.476      0.035     13.581      0.000
    I6                 0.440      0.031     14.017      0.000
    I7                 0.494      0.036     13.524      0.000
    I8                 0.487      0.041     11.952      0.000
    I9                 0.542      0.038     14.159      0.000
    I10                0.540      0.032     16.730      0.000
    I11                0.487      0.033     14.752      0.000
    I12                0.534      0.035     15.359      0.000
    I13                0.469      0.038     12.235      0.000
    I14                0.477      0.035     13.599      0.000
    I15                0.450      0.034     13.388      0.000


R-SQUARE

    Observed                                        Two-Tailed
    Variable        Estimate       S.E.  Est./S.E.    P-Value

    I1                 0.492      0.034     14.622      0.000
    I2                 0.508      0.037     13.679      0.000
    I3                 0.551      0.033     16.521      0.000
    I4                 0.566      0.035     16.131      0.000
    I5                 0.486      0.036     13.420      0.000
    I6                 0.523      0.033     15.840      0.000
    I7                 0.528      0.036     14.732      0.000
    I8                 0.527      0.038     13.730      0.000
    I9                 0.469      0.035     13.433      0.000
    I10                0.471      0.033     14.265      0.000
    I11                0.465      0.034     13.742      0.000
    I12                0.457      0.037     12.295      0.000
    I13                0.548      0.038     14.559      0.000
    I14                0.508      0.037     13.828      0.000
    I15                0.516      0.036     14.283      0.000


QUALITY OF NUMERICAL RESULTS

     Condition Number for the Information Matrix              0.406E-01
       (ratio of smallest to largest eigenvalue)


CONFIDENCE INTERVALS OF MODEL RESULTS

                  Lower .5%  Lower 2.5%    Lower 5%    Estimate    Upper 5%  Upper 2.5%   Upper .5%

 G        BY
    I1               0.282       0.319       0.337       0.435       0.532       0.551       0.587
    I2               0.233       0.270       0.289       0.389       0.488       0.507       0.544
    I3               0.329       0.365       0.384       0.480       0.577       0.595       0.631
    I4               0.246       0.285       0.304       0.407       0.509       0.528       0.567
    I5               0.232       0.267       0.285       0.379       0.473       0.491       0.526
    I6               0.258       0.292       0.309       0.401       0.492       0.510       0.544
    I7               0.310       0.347       0.365       0.463       0.561       0.580       0.616
    I8               0.243       0.280       0.299       0.397       0.495       0.514       0.551
    I9               0.270       0.307       0.325       0.423       0.520       0.539       0.575
    I10              0.298       0.334       0.353       0.450       0.546       0.565       0.601
    I11              0.264       0.305       0.325       0.433       0.541       0.562       0.602
    I12              0.208       0.249       0.271       0.382       0.493       0.514       0.556
    I13              0.283       0.325       0.346       0.458       0.571       0.592       0.634
    I14              0.347       0.387       0.407       0.514       0.620       0.641       0.681
    I15              0.248       0.285       0.304       0.403       0.502       0.521       0.558

 F1       BY
    I1               0.424       0.452       0.467       0.543       0.620       0.634       0.663
    I2               0.476       0.506       0.522       0.604       0.686       0.702       0.733
    I3               0.419       0.454       0.471       0.562       0.653       0.671       0.705
    I4               0.546       0.578       0.595       0.679       0.764       0.781       0.812
    I5               0.431       0.461       0.475       0.553       0.631       0.646       0.676

 F2       BY
    I6               0.444       0.474       0.489       0.567       0.646       0.661       0.691
    I7               0.430       0.466       0.484       0.580       0.676       0.695       0.731
    I8               0.491       0.522       0.538       0.621       0.703       0.719       0.750
    I9               0.419       0.450       0.466       0.548       0.631       0.647       0.678
    I10              0.385       0.419       0.437       0.528       0.619       0.637       0.671

 F3       BY
    I11              0.327       0.365       0.385       0.486       0.587       0.606       0.644
    I12              0.414       0.447       0.463       0.552       0.640       0.657       0.690
    I13              0.464       0.496       0.513       0.599       0.685       0.702       0.734
    I14              0.319       0.357       0.377       0.479       0.581       0.600       0.638
    I15              0.432       0.463       0.479       0.563       0.646       0.662       0.694

 G        WITH
    F1               0.000       0.000       0.000       0.000       0.000       0.000       0.000
    F2               0.000       0.000       0.000       0.000       0.000       0.000       0.000
    F3               0.000       0.000       0.000       0.000       0.000       0.000       0.000

 F1       WITH
    F2               0.000       0.000       0.000       0.000       0.000       0.000       0.000
    F3               0.000       0.000       0.000       0.000       0.000       0.000       0.000

 F2       WITH
    F3               0.000       0.000       0.000       0.000       0.000       0.000       0.000

 Intercepts
    I1              -0.063      -0.038      -0.026       0.041       0.108       0.120       0.145
    I2              -0.053      -0.028      -0.015       0.053       0.120       0.133       0.159
    I3              -0.107      -0.082      -0.069      -0.002       0.065       0.078       0.103
    I4              -0.062      -0.036      -0.022       0.048       0.119       0.133       0.159
    I5              -0.036      -0.012       0.000       0.065       0.129       0.142       0.166
    I6              -0.055      -0.031      -0.019       0.046       0.110       0.122       0.147
    I7              -0.076      -0.050      -0.037       0.032       0.100       0.114       0.139
    I8              -0.092      -0.067      -0.054       0.015       0.083       0.096       0.121
    I9              -0.015       0.010       0.023       0.091       0.159       0.172       0.197
    I10             -0.093      -0.068      -0.055       0.013       0.081       0.094       0.120
    I11             -0.107      -0.083      -0.071      -0.007       0.057       0.070       0.094
    I12             -0.049      -0.024      -0.011       0.055       0.122       0.135       0.160
    I13             -0.078      -0.052      -0.039       0.029       0.098       0.111       0.137
    I14             -0.116      -0.091      -0.078      -0.012       0.054       0.067       0.091
    I15             -0.061      -0.036      -0.024       0.041       0.106       0.118       0.142

 Variances
    G                1.000       1.000       1.000       1.000       1.000       1.000       1.000
    F1               1.000       1.000       1.000       1.000       1.000       1.000       1.000
    F2               1.000       1.000       1.000       1.000       1.000       1.000       1.000
    F3               1.000       1.000       1.000       1.000       1.000       1.000       1.000

 Residual Variances
    I1               0.408       0.430       0.441       0.499       0.557       0.568       0.590
    I2               0.407       0.429       0.440       0.500       0.559       0.571       0.593
    I3               0.362       0.382       0.392       0.446       0.500       0.510       0.531
    I4               0.386       0.409       0.421       0.481       0.542       0.553       0.576
    I5               0.386       0.408       0.419       0.476       0.534       0.545       0.567
    I6               0.359       0.379       0.388       0.440       0.492       0.502       0.521
    I7               0.400       0.422       0.434       0.494       0.554       0.565       0.588
    I8               0.382       0.407       0.420       0.487       0.554       0.567       0.592
    I9               0.443       0.467       0.479       0.542       0.605       0.617       0.641
    I10              0.457       0.477       0.487       0.540       0.593       0.603       0.623
    I11              0.402       0.422       0.433       0.487       0.541       0.552       0.572
    I12              0.445       0.466       0.477       0.534       0.591       0.602       0.624
    I13              0.370       0.394       0.406       0.469       0.532       0.544       0.567
    I14              0.387       0.409       0.420       0.477       0.535       0.546       0.568
    I15              0.364       0.384       0.395       0.450       0.506       0.516       0.537


CONFIDENCE INTERVALS OF STANDARDIZED MODEL RESULTS


STDYX Standardization

                  Lower .5%  Lower 2.5%    Lower 5%    Estimate    Upper 5%  Upper 2.5%   Upper .5%

 G        BY
    I1               0.295       0.330       0.347       0.438       0.529       0.547       0.581
    I2               0.239       0.274       0.292       0.386       0.480       0.497       0.533
    I3               0.337       0.372       0.389       0.482       0.574       0.592       0.627
    I4               0.241       0.276       0.294       0.386       0.479       0.496       0.531
    I5               0.248       0.283       0.301       0.394       0.487       0.504       0.539
    I6               0.273       0.308       0.325       0.417       0.509       0.527       0.561
    I7               0.310       0.344       0.362       0.453       0.545       0.562       0.597
    I8               0.247       0.281       0.299       0.391       0.483       0.501       0.536
    I9               0.277       0.311       0.328       0.418       0.509       0.526       0.560
    I10              0.302       0.336       0.354       0.445       0.536       0.554       0.588
    I11              0.285       0.325       0.346       0.454       0.562       0.583       0.623
    I12              0.219       0.259       0.279       0.385       0.491       0.511       0.551
    I13              0.289       0.328       0.347       0.450       0.553       0.572       0.611
    I14              0.363       0.401       0.421       0.522       0.623       0.642       0.680
    I15              0.266       0.302       0.321       0.418       0.515       0.534       0.570

 F1       BY
    I1               0.436       0.463       0.476       0.548       0.619       0.633       0.660
    I2               0.488       0.515       0.529       0.599       0.670       0.684       0.710
    I3               0.436       0.467       0.483       0.564       0.646       0.662       0.692
    I4               0.534       0.560       0.574       0.645       0.717       0.731       0.757
    I5               0.460       0.488       0.502       0.575       0.648       0.662       0.690

 F2       BY
    I6               0.476       0.503       0.517       0.591       0.664       0.678       0.706
    I7               0.435       0.467       0.483       0.568       0.652       0.668       0.700
    I8               0.497       0.524       0.538       0.612       0.685       0.699       0.726
    I9               0.423       0.452       0.466       0.543       0.619       0.634       0.662
    I10              0.394       0.425       0.440       0.523       0.605       0.621       0.651

 F3       BY
    I11              0.347       0.386       0.406       0.509       0.612       0.632       0.671
    I12              0.426       0.457       0.473       0.556       0.639       0.655       0.686
    I13              0.459       0.490       0.506       0.588       0.670       0.686       0.717
    I14              0.328       0.366       0.385       0.486       0.587       0.606       0.644
    I15              0.460       0.489       0.505       0.584       0.663       0.678       0.707

 G        WITH
    F1               0.000       0.000       0.000       0.000       0.000       0.000       0.000
    F2               0.000       0.000       0.000       0.000       0.000       0.000       0.000
    F3               0.000       0.000       0.000       0.000       0.000       0.000       0.000

 F1       WITH
    F2               0.000       0.000       0.000       0.000       0.000       0.000       0.000
    F3               0.000       0.000       0.000       0.000       0.000       0.000       0.000

 F2       WITH
    F3               0.000       0.000       0.000       0.000       0.000       0.000       0.000

 Intercepts
    I1              -0.064      -0.039      -0.026       0.041       0.109       0.122       0.147
    I2              -0.053      -0.028      -0.015       0.052       0.120       0.132       0.158
    I3              -0.107      -0.082      -0.069      -0.002       0.065       0.078       0.103
    I4              -0.059      -0.034      -0.021       0.046       0.113       0.126       0.151
    I5              -0.038      -0.013       0.000       0.067       0.135       0.148       0.173
    I6              -0.058      -0.033      -0.020       0.047       0.115       0.128       0.153
    I7              -0.074      -0.049      -0.036       0.031       0.098       0.111       0.136
    I8              -0.091      -0.066      -0.053       0.014       0.082       0.094       0.120
    I9              -0.015       0.010       0.023       0.090       0.157       0.170       0.195
    I10             -0.092      -0.067      -0.054       0.013       0.080       0.093       0.118
    I11             -0.112      -0.087      -0.074      -0.007       0.060       0.073       0.098
    I12             -0.050      -0.024      -0.012       0.056       0.123       0.136       0.161
    I13             -0.076      -0.051      -0.038       0.029       0.096       0.109       0.134
    I14             -0.117      -0.092      -0.079      -0.012       0.055       0.068       0.093
    I15             -0.063      -0.038      -0.025       0.042       0.110       0.123       0.148

 Variances
    G                1.000       1.000       1.000       1.000       1.000       1.000       1.000
    F1               1.000       1.000       1.000       1.000       1.000       1.000       1.000
    F2               1.000       1.000       1.000       1.000       1.000       1.000       1.000
    F3               1.000       1.000       1.000       1.000       1.000       1.000       1.000

 Residual Variances
    I1               0.421       0.442       0.452       0.508       0.563       0.574       0.594
    I2               0.396       0.419       0.431       0.492       0.553       0.565       0.588
    I3               0.364       0.384       0.395       0.449       0.504       0.515       0.535
    I4               0.344       0.365       0.377       0.434       0.492       0.503       0.525
    I5               0.421       0.443       0.455       0.514       0.574       0.585       0.608
    I6               0.392       0.412       0.423       0.477       0.531       0.542       0.562
    I7               0.380       0.402       0.414       0.472       0.531       0.543       0.565
    I8               0.374       0.398       0.410       0.473       0.536       0.548       0.572
    I9               0.441       0.462       0.473       0.531       0.588       0.599       0.621
    I10              0.444       0.464       0.475       0.529       0.583       0.594       0.614
    I11              0.448       0.468       0.479       0.535       0.591       0.601       0.622
    I12              0.447       0.470       0.482       0.543       0.604       0.616       0.638
    I13              0.355       0.378       0.390       0.452       0.514       0.525       0.549
    I14              0.397       0.420       0.431       0.492       0.552       0.564       0.587
    I15              0.391       0.414       0.425       0.484       0.544       0.555       0.577


STDY Standardization

                  Lower .5%  Lower 2.5%    Lower 5%    Estimate    Upper 5%  Upper 2.5%   Upper .5%

 G        BY
    I1               0.295       0.330       0.347       0.438       0.529       0.547       0.581
    I2               0.239       0.274       0.292       0.386       0.480       0.497       0.533
    I3               0.337       0.372       0.389       0.482       0.574       0.592       0.627
    I4               0.241       0.276       0.294       0.386       0.479       0.496       0.531
    I5               0.248       0.283       0.301       0.394       0.487       0.504       0.539
    I6               0.273       0.308       0.325       0.417       0.509       0.527       0.561
    I7               0.310       0.344       0.362       0.453       0.545       0.562       0.597
    I8               0.247       0.281       0.299       0.391       0.483       0.501       0.536
    I9               0.277       0.311       0.328       0.418       0.509       0.526       0.560
    I10              0.302       0.336       0.354       0.445       0.536       0.554       0.588
    I11              0.285       0.325       0.346       0.454       0.562       0.583       0.623
    I12              0.219       0.259       0.279       0.385       0.491       0.511       0.551
    I13              0.289       0.328       0.347       0.450       0.553       0.572       0.611
    I14              0.363       0.401       0.421       0.522       0.623       0.642       0.680
    I15              0.266       0.302       0.321       0.418       0.515       0.534       0.570

 F1       BY
    I1               0.436       0.463       0.476       0.548       0.619       0.633       0.660
    I2               0.488       0.515       0.529       0.599       0.670       0.684       0.710
    I3               0.436       0.467       0.483       0.564       0.646       0.662       0.692
    I4               0.534       0.560       0.574       0.645       0.717       0.731       0.757
    I5               0.460       0.488       0.502       0.575       0.648       0.662       0.690

 F2       BY
    I6               0.476       0.503       0.517       0.591       0.664       0.678       0.706
    I7               0.435       0.467       0.483       0.568       0.652       0.668       0.700
    I8               0.497       0.524       0.538       0.612       0.685       0.699       0.726
    I9               0.423       0.452       0.466       0.543       0.619       0.634       0.662
    I10              0.394       0.425       0.440       0.523       0.605       0.621       0.651

 F3       BY
    I11              0.347       0.386       0.406       0.509       0.612       0.632       0.671
    I12              0.426       0.457       0.473       0.556       0.639       0.655       0.686
    I13              0.459       0.490       0.506       0.588       0.670       0.686       0.717
    I14              0.328       0.366       0.385       0.486       0.587       0.606       0.644
    I15              0.460       0.489       0.505       0.584       0.663       0.678       0.707

 G        WITH
    F1               0.000       0.000       0.000       0.000       0.000       0.000       0.000
    F2               0.000       0.000       0.000       0.000       0.000       0.000       0.000
    F3               0.000       0.000       0.000       0.000       0.000       0.000       0.000

 F1       WITH
    F2               0.000       0.000       0.000       0.000       0.000       0.000       0.000
    F3               0.000       0.000       0.000       0.000       0.000       0.000       0.000

 F2       WITH
    F3               0.000       0.000       0.000       0.000       0.000       0.000       0.000

 Intercepts
    I1              -0.064      -0.039      -0.026       0.041       0.109       0.122       0.147
    I2              -0.053      -0.028      -0.015       0.052       0.120       0.132       0.158
    I3              -0.107      -0.082      -0.069      -0.002       0.065       0.078       0.103
    I4              -0.059      -0.034      -0.021       0.046       0.113       0.126       0.151
    I5              -0.038      -0.013       0.000       0.067       0.135       0.148       0.173
    I6              -0.058      -0.033      -0.020       0.047       0.115       0.128       0.153
    I7              -0.074      -0.049      -0.036       0.031       0.098       0.111       0.136
    I8              -0.091      -0.066      -0.053       0.014       0.082       0.094       0.120
    I9              -0.015       0.010       0.023       0.090       0.157       0.170       0.195
    I10             -0.092      -0.067      -0.054       0.013       0.080       0.093       0.118
    I11             -0.112      -0.087      -0.074      -0.007       0.060       0.073       0.098
    I12             -0.050      -0.024      -0.012       0.056       0.123       0.136       0.161
    I13             -0.076      -0.051      -0.038       0.029       0.096       0.109       0.134
    I14             -0.117      -0.092      -0.079      -0.012       0.055       0.068       0.093
    I15             -0.063      -0.038      -0.025       0.042       0.110       0.123       0.148

 Variances
    G                1.000       1.000       1.000       1.000       1.000       1.000       1.000
    F1               1.000       1.000       1.000       1.000       1.000       1.000       1.000
    F2               1.000       1.000       1.000       1.000       1.000       1.000       1.000
    F3               1.000       1.000       1.000       1.000       1.000       1.000       1.000

 Residual Variances
    I1               0.421       0.442       0.452       0.508       0.563       0.574       0.594
    I2               0.396       0.419       0.431       0.492       0.553       0.565       0.588
    I3               0.364       0.384       0.395       0.449       0.504       0.515       0.535
    I4               0.344       0.365       0.377       0.434       0.492       0.503       0.525
    I5               0.421       0.443       0.455       0.514       0.574       0.585       0.608
    I6               0.392       0.412       0.423       0.477       0.531       0.542       0.562
    I7               0.380       0.402       0.414       0.472       0.531       0.543       0.565
    I8               0.374       0.398       0.410       0.473       0.536       0.548       0.572
    I9               0.441       0.462       0.473       0.531       0.588       0.599       0.621
    I10              0.444       0.464       0.475       0.529       0.583       0.594       0.614
    I11              0.448       0.468       0.479       0.535       0.591       0.601       0.622
    I12              0.447       0.470       0.482       0.543       0.604       0.616       0.638
    I13              0.355       0.378       0.390       0.452       0.514       0.525       0.549
    I14              0.397       0.420       0.431       0.492       0.552       0.564       0.587
    I15              0.391       0.414       0.425       0.484       0.544       0.555       0.577


STD Standardization

                  Lower .5%  Lower 2.5%    Lower 5%    Estimate    Upper 5%  Upper 2.5%   Upper .5%

 G        BY
    I1               0.282       0.319       0.337       0.435       0.532       0.551       0.587
    I2               0.233       0.270       0.289       0.389       0.488       0.507       0.544
    I3               0.329       0.365       0.384       0.480       0.577       0.595       0.631
    I4               0.246       0.285       0.304       0.407       0.509       0.528       0.567
    I5               0.232       0.267       0.285       0.379       0.473       0.491       0.526
    I6               0.258       0.292       0.309       0.401       0.492       0.510       0.544
    I7               0.310       0.347       0.365       0.463       0.561       0.580       0.616
    I8               0.243       0.280       0.299       0.397       0.495       0.514       0.551
    I9               0.270       0.307       0.325       0.423       0.520       0.539       0.575
    I10              0.298       0.334       0.353       0.450       0.546       0.565       0.601
    I11              0.264       0.305       0.325       0.433       0.541       0.562       0.602
    I12              0.208       0.249       0.271       0.382       0.493       0.514       0.556
    I13              0.283       0.325       0.346       0.458       0.571       0.592       0.634
    I14              0.347       0.387       0.407       0.514       0.620       0.641       0.681
    I15              0.248       0.285       0.304       0.403       0.502       0.521       0.558

 F1       BY
    I1               0.424       0.452       0.467       0.543       0.620       0.634       0.663
    I2               0.476       0.506       0.522       0.604       0.686       0.702       0.733
    I3               0.419       0.454       0.471       0.562       0.653       0.671       0.705
    I4               0.546       0.578       0.595       0.679       0.764       0.781       0.812
    I5               0.431       0.461       0.475       0.553       0.631       0.646       0.676

 F2       BY
    I6               0.444       0.474       0.489       0.567       0.646       0.661       0.691
    I7               0.430       0.466       0.484       0.580       0.676       0.695       0.731
    I8               0.491       0.522       0.538       0.621       0.703       0.719       0.750
    I9               0.419       0.450       0.466       0.548       0.631       0.647       0.678
    I10              0.385       0.419       0.437       0.528       0.619       0.637       0.671

 F3       BY
    I11              0.327       0.365       0.385       0.486       0.587       0.606       0.644
    I12              0.414       0.447       0.463       0.552       0.640       0.657       0.690
    I13              0.464       0.496       0.513       0.599       0.685       0.702       0.734
    I14              0.319       0.357       0.377       0.479       0.581       0.600       0.638
    I15              0.432       0.463       0.479       0.563       0.646       0.662       0.694

 G        WITH
    F1               0.000       0.000       0.000       0.000       0.000       0.000       0.000
    F2               0.000       0.000       0.000       0.000       0.000       0.000       0.000
    F3               0.000       0.000       0.000       0.000       0.000       0.000       0.000

 F1       WITH
    F2               0.000       0.000       0.000       0.000       0.000       0.000       0.000
    F3               0.000       0.000       0.000       0.000       0.000       0.000       0.000

 F2       WITH
    F3               0.000       0.000       0.000       0.000       0.000       0.000       0.000

 Intercepts
    I1              -0.063      -0.038      -0.026       0.041       0.108       0.120       0.145
    I2              -0.053      -0.028      -0.015       0.053       0.120       0.133       0.159
    I3              -0.107      -0.082      -0.069      -0.002       0.065       0.078       0.103
    I4              -0.062      -0.036      -0.022       0.048       0.119       0.133       0.159
    I5              -0.036      -0.012       0.000       0.065       0.129       0.142       0.166
    I6              -0.055      -0.031      -0.019       0.046       0.110       0.122       0.147
    I7              -0.076      -0.050      -0.037       0.032       0.100       0.114       0.139
    I8              -0.092      -0.067      -0.054       0.015       0.083       0.096       0.121
    I9              -0.015       0.010       0.023       0.091       0.159       0.172       0.197
    I10             -0.093      -0.068      -0.055       0.013       0.081       0.094       0.120
    I11             -0.107      -0.083      -0.071      -0.007       0.057       0.070       0.094
    I12             -0.049      -0.024      -0.011       0.055       0.122       0.135       0.160
    I13             -0.078      -0.052      -0.039       0.029       0.098       0.111       0.137
    I14             -0.116      -0.091      -0.078      -0.012       0.054       0.067       0.091
    I15             -0.061      -0.036      -0.024       0.041       0.106       0.118       0.142

 Variances
    G                1.000       1.000       1.000       1.000       1.000       1.000       1.000
    F1               1.000       1.000       1.000       1.000       1.000       1.000       1.000
    F2               1.000       1.000       1.000       1.000       1.000       1.000       1.000
    F3               1.000       1.000       1.000       1.000       1.000       1.000       1.000

 Residual Variances
    I1               0.408       0.430       0.441       0.499       0.557       0.568       0.590
    I2               0.407       0.429       0.440       0.500       0.559       0.571       0.593
    I3               0.362       0.382       0.392       0.446       0.500       0.510       0.531
    I4               0.386       0.409       0.421       0.481       0.542       0.553       0.576
    I5               0.386       0.408       0.419       0.476       0.534       0.545       0.567
    I6               0.359       0.379       0.388       0.440       0.492       0.502       0.521
    I7               0.400       0.422       0.434       0.494       0.554       0.565       0.588
    I8               0.382       0.407       0.420       0.487       0.554       0.567       0.592
    I9               0.443       0.467       0.479       0.542       0.605       0.617       0.641
    I10              0.457       0.477       0.487       0.540       0.593       0.603       0.623
    I11              0.402       0.422       0.433       0.487       0.541       0.552       0.572
    I12              0.445       0.466       0.477       0.534       0.591       0.602       0.624
    I13              0.370       0.394       0.406       0.469       0.532       0.544       0.567
    I14              0.387       0.409       0.420       0.477       0.535       0.546       0.568
    I15              0.364       0.384       0.395       0.450       0.506       0.516       0.537


RESIDUAL OUTPUT


     ESTIMATED MODEL AND RESIDUALS (OBSERVED - ESTIMATED)


           Model Estimated Means
              I1            I2            I3            I4            I5
              ________      ________      ________      ________      ________
                0.041         0.053        -0.002         0.048         0.065


           Model Estimated Means
              I6            I7            I8            I9            I10
              ________      ________      ________      ________      ________
                0.046         0.032         0.015         0.091         0.013


           Model Estimated Means
              I11           I12           I13           I14           I15
              ________      ________      ________      ________      ________
               -0.007         0.055         0.029        -0.012         0.041


           Residuals for Means
              I1            I2            I3            I4            I5
              ________      ________      ________      ________      ________
                0.000         0.000         0.000         0.000         0.000


           Residuals for Means
              I6            I7            I8            I9            I10
              ________      ________      ________      ________      ________
                0.000         0.000         0.000         0.000         0.000


           Residuals for Means
              I11           I12           I13           I14           I15
              ________      ________      ________      ________      ________
                0.000         0.000         0.000         0.000         0.000


           Standardized Residuals (z-scores) for Means
              I1            I2            I3            I4            I5
              ________      ________      ________      ________      ________
                0.000         0.000         0.000         0.000         0.000


           Standardized Residuals (z-scores) for Means
              I6            I7            I8            I9            I10
              ________      ________      ________      ________      ________
                0.000         0.000         0.000         0.000         0.000


           Standardized Residuals (z-scores) for Means
              I11           I12           I13           I14           I15
              ________      ________      ________      ________      ________
                0.000         0.000         0.000         0.000         0.000


           Normalized Residuals for Means
              I1            I2            I3            I4            I5
              ________      ________      ________      ________      ________
                0.000         0.000         0.000         0.000         0.000


           Normalized Residuals for Means
              I6            I7            I8            I9            I10
              ________      ________      ________      ________      ________
                0.000         0.000         0.000         0.000         0.000


           Normalized Residuals for Means
              I11           I12           I13           I14           I15
              ________      ________      ________      ________      ________
                0.000         0.000         0.000         0.000         0.000


           Model Estimated Covariances
              I1            I2            I3            I4            I5
              ________      ________      ________      ________      ________
 I1             0.983
 I2             0.497         1.016
 I3             0.514         0.526         0.993
 I4             0.546         0.569         0.577         1.108
 I5             0.465         0.482         0.493         0.530         0.926
 I6             0.174         0.156         0.192         0.163         0.152
 I7             0.201         0.180         0.222         0.188         0.176
 I8             0.172         0.154         0.191         0.161         0.150
 I9             0.184         0.164         0.203         0.172         0.160
 I10            0.195         0.175         0.216         0.183         0.170
 I11            0.188         0.168         0.208         0.176         0.164
 I12            0.166         0.148         0.183         0.155         0.145
 I13            0.199         0.178         0.220         0.186         0.174
 I14            0.223         0.200         0.247         0.209         0.195
 I15            0.175         0.157         0.194         0.164         0.153


           Model Estimated Covariances
              I6            I7            I8            I9            I10
              ________      ________      ________      ________      ________
 I6             0.923
 I7             0.515         1.045
 I8             0.511         0.544         1.030
 I9             0.481         0.514         0.508         1.021
 I10            0.480         0.515         0.506         0.480         1.021
 I11            0.174         0.201         0.172         0.183         0.195
 I12            0.153         0.177         0.152         0.161         0.172
 I13            0.184         0.212         0.182         0.194         0.206
 I14            0.206         0.238         0.204         0.217         0.231
 I15            0.162         0.187         0.160         0.170         0.181


           Model Estimated Covariances
              I11           I12           I13           I14           I15
              ________      ________      ________      ________      ________
 I11            0.910
 I12            0.433         0.984
 I13            0.490         0.505         1.038
 I14            0.455         0.460         0.522         0.970
 I15            0.448         0.464         0.522         0.477         0.930


           Model Estimated Correlations
              I1            I2            I3            I4            I5
              ________      ________      ________      ________      ________
 I1             1.000
 I2             0.497         1.000
 I3             0.520         0.524         1.000
 I4             0.523         0.536         0.550         1.000
 I5             0.488         0.497         0.514         0.523         1.000
 I6             0.183         0.161         0.201         0.161         0.164
 I7             0.199         0.175         0.218         0.175         0.178
 I8             0.171         0.151         0.188         0.151         0.154
 I9             0.183         0.161         0.202         0.162         0.165
 I10            0.195         0.172         0.214         0.172         0.175
 I11            0.199         0.175         0.219         0.175         0.179
 I12            0.169         0.148         0.186         0.149         0.152
 I13            0.197         0.174         0.217         0.174         0.177
 I14            0.229         0.201         0.251         0.201         0.205
 I15            0.183         0.161         0.202         0.162         0.165


           Model Estimated Correlations
              I6            I7            I8            I9            I10
              ________      ________      ________      ________      ________
 I6             1.000
 I7             0.524         1.000
 I8             0.524         0.524         1.000
 I9             0.495         0.498         0.495         1.000
 I10            0.494         0.498         0.494         0.470         1.000
 I11            0.189         0.206         0.178         0.190         0.202
 I12            0.161         0.174         0.151         0.161         0.171
 I13            0.188         0.204         0.176         0.188         0.200
 I14            0.218         0.236         0.204         0.218         0.232
 I15            0.175         0.190         0.164         0.175         0.186


           Model Estimated Correlations
              I11           I12           I13           I14           I15
              ________      ________      ________      ________      ________
 I11            1.000
 I12            0.458         1.000
 I13            0.504         0.500         1.000
 I14            0.484         0.471         0.520         1.000
 I15            0.487         0.486         0.531         0.502         1.000


           Residuals for Covariances
              I1            I2            I3            I4            I5
              ________      ________      ________      ________      ________
 I1             0.000
 I2            -0.003         0.000
 I3             0.004        -0.014         0.000
 I4             0.006        -0.004         0.010         0.000
 I5            -0.009         0.024        -0.002        -0.012         0.000
 I6             0.019         0.024         0.010         0.012         0.039
 I7            -0.027         0.007         0.001        -0.015         0.003
 I8             0.004         0.003         0.038         0.020         0.004
 I9             0.014         0.002         0.027        -0.003        -0.021
 I10            0.005        -0.033        -0.023        -0.014        -0.003
 I11            0.012         0.005         0.013         0.023        -0.036
 I12           -0.001        -0.011         0.023         0.027         0.056
 I13            0.011         0.052         0.001         0.006         0.017
 I14           -0.010        -0.020        -0.032        -0.022         0.001
 I15           -0.013         0.027         0.032         0.010        -0.003


           Residuals for Covariances
              I6            I7            I8            I9            I10
              ________      ________      ________      ________      ________
 I6             0.000
 I7             0.021         0.000
 I8             0.002        -0.030         0.000
 I9            -0.003        -0.018         0.028         0.000
 I10           -0.024         0.030         0.005        -0.011         0.000
 I11           -0.033        -0.027        -0.029         0.011        -0.010
 I12           -0.066         0.021        -0.013        -0.003        -0.008
 I13           -0.044         0.001        -0.006        -0.023         0.009
 I14            0.018         0.021        -0.013        -0.004         0.021
 I15           -0.007        -0.023        -0.002        -0.014         0.015


           Residuals for Covariances
              I11           I12           I13           I14           I15
              ________      ________      ________      ________      ________
 I11            0.000
 I12           -0.014         0.000
 I13            0.004         0.002         0.000
 I14            0.031        -0.015        -0.007         0.000
 I15           -0.017         0.021         0.001        -0.005         0.000


           Residuals for Correlations
              I1            I2            I3            I4            I5
              ________      ________      ________      ________      ________
 I1             0.000
 I2            -0.003         0.000
 I3             0.004        -0.014         0.000
 I4             0.005        -0.004         0.010         0.000
 I5            -0.009         0.024        -0.002        -0.012         0.000
 I6             0.020         0.024         0.010         0.012         0.042
 I7            -0.026         0.007         0.001        -0.014         0.004
 I8             0.004         0.003         0.037         0.018         0.004
 I9             0.014         0.002         0.027        -0.002        -0.022
 I10            0.005        -0.032        -0.023        -0.013        -0.004
 I11            0.012         0.006         0.013         0.023        -0.040
 I12           -0.001        -0.011         0.024         0.026         0.059
 I13            0.011         0.050         0.001         0.006         0.017
 I14           -0.010        -0.020        -0.032        -0.021         0.002
 I15           -0.014         0.028         0.034         0.010        -0.003


           Residuals for Correlations
              I6            I7            I8            I9            I10
              ________      ________      ________      ________      ________
 I6             0.000
 I7             0.021         0.000
 I8             0.002        -0.029         0.000
 I9            -0.003        -0.018         0.027         0.000
 I10           -0.025         0.029         0.005        -0.010         0.000
 I11           -0.036        -0.028        -0.029         0.012        -0.011
 I12           -0.069         0.020        -0.012        -0.003        -0.008
 I13           -0.045         0.001        -0.006        -0.022         0.009
 I14            0.019         0.020        -0.013        -0.004         0.021
 I15           -0.008        -0.024        -0.002        -0.015         0.016


           Residuals for Correlations
              I11           I12           I13           I14           I15
              ________      ________      ________      ________      ________
 I11            0.000
 I12           -0.015         0.000
 I13            0.004         0.002         0.000
 I14            0.033        -0.015        -0.007         0.000
 I15           -0.019         0.022         0.001        -0.006         0.000


           Standardized Residuals (z-scores) for Covariances
              I1            I2            I3            I4            I5
              ________      ________      ________      ________      ________
 I1           999.000
 I2            -0.177       999.000
 I3             0.307        -1.095       999.000
 I4             0.477        -0.327         0.854       999.000
 I5            -0.556         1.954        -0.137        -0.978       999.000
 I6             1.117         1.298         0.661         0.501         3.899
 I7            -1.135         0.395         0.052        -0.567         0.209
 I8             0.185         0.117        17.354         1.211         0.185
 I9             0.782         0.059         3.791        -0.122        -0.887
 I10            0.192        -1.362        -1.047        -0.561        -0.152
 I11            0.644         0.283         1.579         1.486        -1.623
 I12           -0.050        -0.383         1.963         1.123         2.792
 I13            0.578         2.563         0.064         0.263         0.853
 I14           -0.478        -1.306        -1.827        -1.083         0.089
 I15           -0.790         1.352         1.791         0.362        -0.134


           Standardized Residuals (z-scores) for Covariances
              I6            I7            I8            I9            I10
              ________      ________      ________      ________      ________
 I6           999.000
 I7             1.995       999.000
 I8             0.122        -1.866       999.000
 I9            -0.257        -1.157         1.827       999.000
 I10           -1.660         2.443         0.487        -0.596       999.000
 I11           -1.347        -1.333        -1.079         0.595        -0.569
 I12           -2.259         1.078        -0.460        -0.111        -0.395
 I13           -1.713         0.059        -0.241        -0.801         0.557
 I14            1.407       999.000        -0.651        -0.239       999.000
 I15           -0.320        -0.980        -0.076        -0.579         0.762


           Standardized Residuals (z-scores) for Covariances
              I11           I12           I13           I14           I15
              ________      ________      ________      ________      ________
 I11          999.000
 I12           -0.901       999.000
 I13            0.268         0.209       999.000
 I14            2.157        -1.015        -0.613       999.000
 I15           -1.195         2.229         0.060        -0.423       999.000


           Normalized Residuals for Covariances
              I1            I2            I3            I4            I5
              ________      ________      ________      ________      ________
 I1             0.000
 I2            -0.060         0.000
 I3             0.097        -0.304         0.000
 I4             0.121        -0.088         0.200         0.000
 I5            -0.207         0.515        -0.039        -0.261         0.000
 I6             0.485         0.614         0.251         0.293         1.146
 I7            -0.627         0.169         0.022        -0.345         0.086
 I8             0.092         0.071         0.938         0.501         0.095
 I9             0.348         0.036         0.676        -0.064        -0.535
 I10            0.106        -0.805        -0.552        -0.335        -0.084
 I11            0.280         0.138         0.335         0.574        -0.982
 I12           -0.028        -0.241         0.560         0.611         1.361
 I13            0.252         1.132         0.031         0.138         0.402
 I14           -0.237        -0.512        -0.838        -0.529         0.038
 I15           -0.351         0.679         0.753         0.223        -0.074


           Normalized Residuals for Covariances
              I6            I7            I8            I9            I10
              ________      ________      ________      ________      ________
 I6             0.000
 I7             0.487        -0.001
 I8             0.037        -0.658        -0.001
 I9            -0.081        -0.401         0.593        -0.001
 I10           -0.596         0.642         0.112        -0.238        -0.001
 I11           -0.865        -0.684        -0.705         0.291        -0.260
 I12           -1.636         0.480        -0.297        -0.072        -0.193
 I13           -1.096         0.019        -0.140        -0.510         0.216
 I14            0.475         0.513        -0.334        -0.094         0.510
 I15           -0.201        -0.554        -0.046        -0.365         0.383


           Normalized Residuals for Covariances
              I11           I12           I13           I14           I15
              ________      ________      ________      ________      ________
 I11            0.000
 I12           -0.352         0.000
 I13            0.086         0.053         0.000
 I14            0.773        -0.340        -0.162         0.000
 I15           -0.447         0.469         0.018        -0.128         0.000


MODEL MODIFICATION INDICES

NOTE:  Modification indices for direct effects of observed dependent variables
regressed on covariates may not be included.  To include these, request
MODINDICES (ALL).

Minimum M.I. value for printing the modification index     3.000

                                   M.I.     E.P.C.  Std E.P.C.  StdYX E.P.C.

BY Statements

F1       BY I14                    3.571    -0.096     -0.096       -0.097
F3       BY I6                     3.404    -0.091     -0.091       -0.094

ON/BY Statements

F2       ON F3       /
F3       BY F2                     4.854    -0.457     -0.457       -0.457
F3       ON F2       /
F2       BY F3                     4.854    -0.457     -0.457       -0.457

WITH Statements

I8       WITH I7                   5.345    -0.070     -0.070       -0.143
I9       WITH I8                   3.757     0.058      0.058        0.113
I10      WITH I7                   3.819     0.056      0.056        0.108
I11      WITH I5                   6.080    -0.057     -0.057       -0.118
I12      WITH I2                   3.185    -0.044     -0.044       -0.086
I12      WITH I5                   5.516     0.056      0.056        0.112
I12      WITH I6                   5.718    -0.056     -0.056       -0.116
I13      WITH I2                   4.049     0.049      0.049        0.100
I14      WITH I11                  4.509     0.055      0.055        0.114
F3       WITH F2                   4.854    -0.457     -0.457       -0.457


TECHNICAL 2 OUTPUT


     DERIVATIVES


           Derivatives With Respect to NU
              I1            I2            I3            I4            I5
              ________      ________      ________      ________      ________
                0.000         0.000         0.000         0.000         0.000


           Derivatives With Respect to NU
              I6            I7            I8            I9            I10
              ________      ________      ________      ________      ________
                0.000         0.000         0.000         0.000         0.000


           Derivatives With Respect to NU
              I11           I12           I13           I14           I15
              ________      ________      ________      ________      ________
                0.000         0.000         0.000         0.000         0.000


           Derivatives With Respect to LAMBDA
              G             F1            F2            F3
              ________      ________      ________      ________
 I1             0.000         0.000         0.001         0.016
 I2             0.000         0.000         0.005        -0.020
 I3             0.000         0.000        -0.024        -0.008
 I4             0.000         0.000         0.009        -0.006
 I5             0.000         0.000        -0.007        -0.005
 I6             0.000        -0.050         0.000         0.062
 I7             0.000         0.026         0.000        -0.014
 I8             0.000        -0.028         0.000         0.011
 I9             0.000        -0.001         0.000         0.002
 I10            0.000         0.043         0.000        -0.033
 I11            0.000         0.003         0.035         0.000
 I12            0.000        -0.033         0.020         0.000
 I13            0.000        -0.030         0.016         0.000
 I14            0.000         0.061        -0.041         0.000
 I15            0.000        -0.016        -0.002         0.000


           Derivatives With Respect to THETA
              I1            I2            I3            I4            I5
              ________      ________      ________      ________      ________
 I1             0.000
 I2             0.011         0.000
 I3            -0.020         0.065         0.000
 I4            -0.024         0.018        -0.048         0.000
 I5             0.037        -0.099         0.008         0.052         0.000
 I6            -0.021        -0.040         0.059         0.018        -0.107
 I7             0.089        -0.053         0.004         0.031        -0.025
 I8             0.024         0.028        -0.093        -0.040         0.039
 I9            -0.044         0.001        -0.076         0.015         0.100
 I10           -0.056         0.076         0.075        -0.005        -0.020
 I11           -0.052         0.011        -0.036        -0.077         0.175
 I12            0.040         0.118        -0.029        -0.031        -0.160
 I13           -0.016        -0.137         0.065         0.047        -0.013
 I14           -0.025         0.046         0.098         0.033        -0.056
 I15            0.074        -0.055        -0.108         0.008         0.059


           Derivatives With Respect to THETA
              I6            I7            I8            I9            I10
              ________      ________      ________      ________      ________
 I6             0.000
 I7            -0.097         0.000
 I8            -0.007         0.125         0.000
 I9             0.013         0.068        -0.106         0.000
 I10            0.101        -0.113        -0.019         0.036         0.000
 I11            0.026         0.064         0.043        -0.098         0.020
 I12            0.166        -0.109        -0.012        -0.030         0.024
 I13            0.085        -0.031        -0.037         0.048        -0.033
 I14           -0.118        -0.046         0.076         0.036        -0.027
 I15           -0.066         0.099        -0.031         0.036        -0.042


           Derivatives With Respect to THETA
              I11           I12           I13           I14           I15
              ________      ________      ________      ________      ________
 I11            0.000
 I12            0.054         0.000
 I13           -0.016        -0.010         0.000
 I14           -0.134         0.059         0.032         0.000
 I15            0.078        -0.086        -0.004         0.025         0.000


           Derivatives With Respect to ALPHA
              G             F1            F2            F3
              ________      ________      ________      ________
                0.000         0.000         0.000         0.000


           Derivatives With Respect to BETA
              G             F1            F2            F3
              ________      ________      ________      ________
 G              0.000         0.000         0.000         0.000
 F1             0.000         0.000        -0.008        -0.014
 F2             0.000        -0.008         0.000         0.017
 F3             0.000        -0.014         0.017         0.000


           Derivatives With Respect to PSI
              G             F1            F2            F3
              ________      ________      ________      ________
 G              0.000
 F1             0.000         0.000
 F2             0.000        -0.008         0.000
 F3             0.000        -0.014         0.017         0.000


TECHNICAL 4 OUTPUT


     ESTIMATES DERIVED FROM THE MODEL


           ESTIMATED MEANS FOR THE LATENT VARIABLES
              G             F1            F2            F3
              ________      ________      ________      ________
                0.000         0.000         0.000         0.000


           S.E. FOR ESTIMATED MEANS FOR THE LATENT VARIABLES
              G             F1            F2            F3
              ________      ________      ________      ________
                0.000         0.000         0.000         0.000


           EST./S.E. FOR ESTIMATED MEANS FOR THE LATENT VARIABLES
              G             F1            F2            F3
              ________      ________      ________      ________
                0.000         0.000         0.000         0.000


           TWO-TAILED P-VALUE FOR ESTIMATED MEANS FOR THE LATENT VARIABLES
              G             F1            F2            F3
              ________      ________      ________      ________
                1.000         1.000         1.000         1.000


           ESTIMATED COVARIANCE MATRIX FOR THE LATENT VARIABLES
              G             F1            F2            F3
              ________      ________      ________      ________
 G              1.000
 F1             0.000         1.000
 F2             0.000         0.000         1.000
 F3             0.000         0.000         0.000         1.000


           S.E. FOR ESTIMATED COVARIANCE MATRIX FOR THE LATENT VARIABLES
              G             F1            F2            F3
              ________      ________      ________      ________
 G              0.000
 F1             0.000         0.000
 F2             0.000         0.000         0.000
 F3             0.000         0.000         0.000         0.000


           EST./S.E. FOR ESTIMATED COVARIANCE MATRIX FOR THE LATENT VARIABLES
              G             F1            F2            F3
              ________      ________      ________      ________
 G        ***********
 F1             0.000   ***********
 F2             0.000         0.000   ***********
 F3             0.000         0.000         0.000   ***********


           TWO-TAILED P-VALUE FOR ESTIMATED COVARIANCE MATRIX FOR THE LATENT VARIABLES
              G             F1            F2            F3
              ________      ________      ________      ________
 G              0.000
 F1             1.000         0.000
 F2             1.000         1.000         0.000
 F3             1.000         1.000         1.000         0.000


           ESTIMATED CORRELATION MATRIX FOR THE LATENT VARIABLES
              G             F1            F2            F3
              ________      ________      ________      ________
 G              1.000
 F1             0.000         1.000
 F2             0.000         0.000         1.000
 F3             0.000         0.000         0.000         1.000


           S.E. FOR ESTIMATED CORRELATION MATRIX FOR THE LATENT VARIABLES
              G             F1            F2            F3
              ________      ________      ________      ________
 G              0.000
 F1             0.000         0.000
 F2             0.000         0.000         0.000
 F3             0.000         0.000         0.000         0.000


           EST./S.E. FOR ESTIMATED CORRELATION MATRIX FOR THE LATENT VARIABLES
              G             F1            F2            F3
              ________      ________      ________      ________
 G            999.000
 F1             0.000       999.000
 F2             0.000         0.000       999.000
 F3             0.000         0.000         0.000       999.000


           TWO-TAILED P-VALUE FOR ESTIMATED CORRELATION MATRIX FOR THE LATENT VARIABLES
              G             F1            F2            F3
              ________      ________      ________      ________
 G              0.000
 F1             1.000         0.000
 F2             1.000         1.000         0.000
 F3             1.000         1.000         1.000         0.000


     Beginning Time:  19:34:50
        Ending Time:  19:34:50
       Elapsed Time:  00:00:00



MUTHEN & MUTHEN
3463 Stoner Ave.
Los Angeles, CA  90066

Tel: (310) 391-9971
Fax: (310) 391-8971
Web: www.StatModel.com
Support: Support@StatModel.com

Copyright (c) 1998-2019 Muthen & Muthen
